ARM GAS  C:\Users\Yobely\AppData\Local\Temp\cc7YgbV3.s 			page 1


   1              		.cpu cortex-m0
   2              		.fpu softvfp
   3              		.eabi_attribute 20, 1
   4              		.eabi_attribute 21, 1
   5              		.eabi_attribute 23, 3
   6              		.eabi_attribute 24, 1
   7              		.eabi_attribute 25, 1
   8              		.eabi_attribute 26, 1
   9              		.eabi_attribute 30, 6
  10              		.eabi_attribute 34, 0
  11              		.eabi_attribute 18, 4
  12              		.code	16
  13              		.file	"BLE_dis.c"
  14              		.text
  15              	.Ltext0:
  16              		.cfi_sections	.debug_frame
  17              		.global	cyBle_diss
  18              		.section	.rodata
  19              		.align	2
  20              		.type	cyBle_diss, %object
  21              		.size	cyBle_diss, 20
  22              	cyBle_diss:
  23 0000 1900     		.short	25
  24 0002 1B00     		.short	27
  25 0004 1D00     		.short	29
  26 0006 1F00     		.short	31
  27 0008 2100     		.short	33
  28 000a 2300     		.short	35
  29 000c 2500     		.short	37
  30 000e 2700     		.short	39
  31 0010 2900     		.short	41
  32 0012 2B00     		.short	43
  33              		.section	.text.CyBle_DisInit,"ax",%progbits
  34              		.align	2
  35              		.global	CyBle_DisInit
  36              		.code	16
  37              		.thumb_func
  38              		.type	CyBle_DisInit, %function
  39              	CyBle_DisInit:
  40              	.LFB2:
  41              		.file 1 ".\\Generated_Source\\PSoC4\\BLE_dis.c"
   1:.\Generated_Source\PSoC4/BLE_dis.c **** /*******************************************************************************
   2:.\Generated_Source\PSoC4/BLE_dis.c **** File Name: CYBLE_dis.c
   3:.\Generated_Source\PSoC4/BLE_dis.c **** Version 1.10
   4:.\Generated_Source\PSoC4/BLE_dis.c **** 
   5:.\Generated_Source\PSoC4/BLE_dis.c **** Description:
   6:.\Generated_Source\PSoC4/BLE_dis.c ****  Contains the source code for the Device Information Service.
   7:.\Generated_Source\PSoC4/BLE_dis.c **** 
   8:.\Generated_Source\PSoC4/BLE_dis.c **** ********************************************************************************
   9:.\Generated_Source\PSoC4/BLE_dis.c **** Copyright 2014, Cypress Semiconductor Corporation.  All rights reserved.
  10:.\Generated_Source\PSoC4/BLE_dis.c **** You may use this file only in accordance with the license, terms, conditions,
  11:.\Generated_Source\PSoC4/BLE_dis.c **** disclaimers, and limitations in the end user license agreement accompanying
  12:.\Generated_Source\PSoC4/BLE_dis.c **** the software package with which this file was provided.
  13:.\Generated_Source\PSoC4/BLE_dis.c **** *******************************************************************************/
  14:.\Generated_Source\PSoC4/BLE_dis.c **** 
  15:.\Generated_Source\PSoC4/BLE_dis.c **** 
  16:.\Generated_Source\PSoC4/BLE_dis.c **** #include "BLE_eventHandler.h"
ARM GAS  C:\Users\Yobely\AppData\Local\Temp\cc7YgbV3.s 			page 2


  17:.\Generated_Source\PSoC4/BLE_dis.c **** 
  18:.\Generated_Source\PSoC4/BLE_dis.c **** #ifdef CYBLE_DIS_SERVER
  19:.\Generated_Source\PSoC4/BLE_dis.c **** 
  20:.\Generated_Source\PSoC4/BLE_dis.c **** const CYBLE_DISS_T cyBle_diss =
  21:.\Generated_Source\PSoC4/BLE_dis.c **** {
  22:.\Generated_Source\PSoC4/BLE_dis.c ****     0x0019u,    /* Handle of the DIS service */
  23:.\Generated_Source\PSoC4/BLE_dis.c ****     {
  24:.\Generated_Source\PSoC4/BLE_dis.c ****         0x001Bu, /* Handle of the Manufacturer Name String characteristic */ 
  25:.\Generated_Source\PSoC4/BLE_dis.c ****         0x001Du, /* Handle of the Model Number String characteristic */ 
  26:.\Generated_Source\PSoC4/BLE_dis.c ****         0x001Fu, /* Handle of the Serial Number String characteristic */ 
  27:.\Generated_Source\PSoC4/BLE_dis.c ****         0x0021u, /* Handle of the Hardware Revision String characteristic */ 
  28:.\Generated_Source\PSoC4/BLE_dis.c ****         0x0023u, /* Handle of the Firmware Revision String characteristic */ 
  29:.\Generated_Source\PSoC4/BLE_dis.c ****         0x0025u, /* Handle of the Software Revision String characteristic */ 
  30:.\Generated_Source\PSoC4/BLE_dis.c ****         0x0027u, /* Handle of the System ID characteristic */ 
  31:.\Generated_Source\PSoC4/BLE_dis.c ****         0x0029u, /* Handle of the IEEE 11073-20601 Regulatory Certification Data List characteristi
  32:.\Generated_Source\PSoC4/BLE_dis.c ****         0x002Bu, /* Handle of the PnP ID characteristic */ 
  33:.\Generated_Source\PSoC4/BLE_dis.c ****     },
  34:.\Generated_Source\PSoC4/BLE_dis.c **** };
  35:.\Generated_Source\PSoC4/BLE_dis.c **** 
  36:.\Generated_Source\PSoC4/BLE_dis.c **** #endif /* CYBLE_DIS_SERVER */
  37:.\Generated_Source\PSoC4/BLE_dis.c **** 
  38:.\Generated_Source\PSoC4/BLE_dis.c **** #ifdef CYBLE_DIS_CLIENT
  39:.\Generated_Source\PSoC4/BLE_dis.c **** 
  40:.\Generated_Source\PSoC4/BLE_dis.c **** CYBLE_DISC_T cyBle_disc;
  41:.\Generated_Source\PSoC4/BLE_dis.c **** static CYBLE_GATT_DB_ATTR_HANDLE_T cyBle_discReqHandle;
  42:.\Generated_Source\PSoC4/BLE_dis.c **** static CYBLE_CALLBACK_T CyBle_DisApplCallback = NULL;
  43:.\Generated_Source\PSoC4/BLE_dis.c **** 
  44:.\Generated_Source\PSoC4/BLE_dis.c **** #endif /* (CYBLE_DIS_CLIENT) */
  45:.\Generated_Source\PSoC4/BLE_dis.c **** 
  46:.\Generated_Source\PSoC4/BLE_dis.c **** 
  47:.\Generated_Source\PSoC4/BLE_dis.c **** /****************************************************************************** 
  48:.\Generated_Source\PSoC4/BLE_dis.c **** ##Function Name: CyBle_DisInit
  49:.\Generated_Source\PSoC4/BLE_dis.c **** *******************************************************************************
  50:.\Generated_Source\PSoC4/BLE_dis.c **** 
  51:.\Generated_Source\PSoC4/BLE_dis.c **** Summary:
  52:.\Generated_Source\PSoC4/BLE_dis.c ****  This function initializes the DIS service.
  53:.\Generated_Source\PSoC4/BLE_dis.c **** 
  54:.\Generated_Source\PSoC4/BLE_dis.c **** Parameters:
  55:.\Generated_Source\PSoC4/BLE_dis.c ****  None
  56:.\Generated_Source\PSoC4/BLE_dis.c **** 
  57:.\Generated_Source\PSoC4/BLE_dis.c **** Return:
  58:.\Generated_Source\PSoC4/BLE_dis.c ****  None
  59:.\Generated_Source\PSoC4/BLE_dis.c **** 
  60:.\Generated_Source\PSoC4/BLE_dis.c **** ******************************************************************************/
  61:.\Generated_Source\PSoC4/BLE_dis.c **** void CyBle_DisInit(void)
  62:.\Generated_Source\PSoC4/BLE_dis.c **** {
  42              		.loc 1 62 0
  43              		.cfi_startproc
  44 0000 80B5     		push	{r7, lr}
  45              		.cfi_def_cfa_offset 8
  46              		.cfi_offset 7, -8
  47              		.cfi_offset 14, -4
  48 0002 00AF     		add	r7, sp, #0
  49              		.cfi_def_cfa_register 7
  63:.\Generated_Source\PSoC4/BLE_dis.c **** 
  64:.\Generated_Source\PSoC4/BLE_dis.c **** #ifdef CYBLE_DIS_CLIENT
  65:.\Generated_Source\PSoC4/BLE_dis.c **** 
ARM GAS  C:\Users\Yobely\AppData\Local\Temp\cc7YgbV3.s 			page 3


  66:.\Generated_Source\PSoC4/BLE_dis.c ****     (void)memset(&cyBle_disc, 0, sizeof(cyBle_disc));
  67:.\Generated_Source\PSoC4/BLE_dis.c ****     cyBle_discReqHandle = CYBLE_GATT_INVALID_ATTR_HANDLE_VALUE;
  68:.\Generated_Source\PSoC4/BLE_dis.c **** 
  69:.\Generated_Source\PSoC4/BLE_dis.c **** #endif /* CYBLE_DIS_CLIENT */
  70:.\Generated_Source\PSoC4/BLE_dis.c **** 
  71:.\Generated_Source\PSoC4/BLE_dis.c **** }
  50              		.loc 1 71 0
  51 0004 BD46     		mov	sp, r7
  52              		@ sp needed
  53 0006 80BD     		pop	{r7, pc}
  54              		.cfi_endproc
  55              	.LFE2:
  56              		.size	CyBle_DisInit, .-CyBle_DisInit
  57              		.section	.text.CyBle_DisRegisterAttrCallback,"ax",%progbits
  58              		.align	2
  59              		.global	CyBle_DisRegisterAttrCallback
  60              		.code	16
  61              		.thumb_func
  62              		.type	CyBle_DisRegisterAttrCallback, %function
  63              	CyBle_DisRegisterAttrCallback:
  64              	.LFB3:
  72:.\Generated_Source\PSoC4/BLE_dis.c **** 
  73:.\Generated_Source\PSoC4/BLE_dis.c **** 
  74:.\Generated_Source\PSoC4/BLE_dis.c **** /****************************************************************************** 
  75:.\Generated_Source\PSoC4/BLE_dis.c **** ##Function Name: CyBle_DisRegisterAttrCallback
  76:.\Generated_Source\PSoC4/BLE_dis.c **** *******************************************************************************
  77:.\Generated_Source\PSoC4/BLE_dis.c **** 
  78:.\Generated_Source\PSoC4/BLE_dis.c **** Summary:
  79:.\Generated_Source\PSoC4/BLE_dis.c ****  Registers a callback function for service specific attribute operations.
  80:.\Generated_Source\PSoC4/BLE_dis.c **** 
  81:.\Generated_Source\PSoC4/BLE_dis.c **** Parameters:
  82:.\Generated_Source\PSoC4/BLE_dis.c ****  callbackFunc: An application layer event callback function to receive 
  83:.\Generated_Source\PSoC4/BLE_dis.c ****                    events from the BLE Component. The definition of 
  84:.\Generated_Source\PSoC4/BLE_dis.c ****                    CYBLE_CALLBACK_T for Device Information Service is,
  85:.\Generated_Source\PSoC4/BLE_dis.c ****             
  86:.\Generated_Source\PSoC4/BLE_dis.c ****                    typedef void (* CYBLE_CALLBACK_T) (uint32 eventCode, 
  87:.\Generated_Source\PSoC4/BLE_dis.c ****                                                       void *eventParam)
  88:.\Generated_Source\PSoC4/BLE_dis.c **** 
  89:.\Generated_Source\PSoC4/BLE_dis.c ****                    * eventCode indicates the event that triggered this 
  90:.\Generated_Source\PSoC4/BLE_dis.c ****                      callback.
  91:.\Generated_Source\PSoC4/BLE_dis.c ****                    * eventParam contains the parameters corresponding to the 
  92:.\Generated_Source\PSoC4/BLE_dis.c ****                      current event.
  93:.\Generated_Source\PSoC4/BLE_dis.c **** 
  94:.\Generated_Source\PSoC4/BLE_dis.c **** Return:
  95:.\Generated_Source\PSoC4/BLE_dis.c ****  None
  96:.\Generated_Source\PSoC4/BLE_dis.c **** 
  97:.\Generated_Source\PSoC4/BLE_dis.c **** ******************************************************************************/
  98:.\Generated_Source\PSoC4/BLE_dis.c **** void CyBle_DisRegisterAttrCallback(CYBLE_CALLBACK_T callbackFunc)
  99:.\Generated_Source\PSoC4/BLE_dis.c **** {
  65              		.loc 1 99 0
  66              		.cfi_startproc
  67 0000 80B5     		push	{r7, lr}
  68              		.cfi_def_cfa_offset 8
  69              		.cfi_offset 7, -8
  70              		.cfi_offset 14, -4
  71 0002 82B0     		sub	sp, sp, #8
  72              		.cfi_def_cfa_offset 16
ARM GAS  C:\Users\Yobely\AppData\Local\Temp\cc7YgbV3.s 			page 4


  73 0004 00AF     		add	r7, sp, #0
  74              		.cfi_def_cfa_register 7
  75 0006 7860     		str	r0, [r7, #4]
 100:.\Generated_Source\PSoC4/BLE_dis.c ****     
 101:.\Generated_Source\PSoC4/BLE_dis.c **** #ifdef CYBLE_DIS_CLIENT
 102:.\Generated_Source\PSoC4/BLE_dis.c ****     CyBle_DisApplCallback = callbackFunc;
 103:.\Generated_Source\PSoC4/BLE_dis.c **** #else
 104:.\Generated_Source\PSoC4/BLE_dis.c ****     if(callbackFunc != NULL) /* Callback doesn't have events in server mode */
 105:.\Generated_Source\PSoC4/BLE_dis.c ****     {
 106:.\Generated_Source\PSoC4/BLE_dis.c ****     }
 107:.\Generated_Source\PSoC4/BLE_dis.c **** #endif /* CYBLE_DIS_CLIENT */
 108:.\Generated_Source\PSoC4/BLE_dis.c ****     
 109:.\Generated_Source\PSoC4/BLE_dis.c **** }
  76              		.loc 1 109 0
  77 0008 BD46     		mov	sp, r7
  78 000a 02B0     		add	sp, sp, #8
  79              		@ sp needed
  80 000c 80BD     		pop	{r7, pc}
  81              		.cfi_endproc
  82              	.LFE3:
  83              		.size	CyBle_DisRegisterAttrCallback, .-CyBle_DisRegisterAttrCallback
  84 000e C046     		.section	.text.CyBle_DissSetCharacteristicValue,"ax",%progbits
  85              		.align	2
  86              		.global	CyBle_DissSetCharacteristicValue
  87              		.code	16
  88              		.thumb_func
  89              		.type	CyBle_DissSetCharacteristicValue, %function
  90              	CyBle_DissSetCharacteristicValue:
  91              	.LFB4:
 110:.\Generated_Source\PSoC4/BLE_dis.c **** 
 111:.\Generated_Source\PSoC4/BLE_dis.c **** #ifdef CYBLE_DIS_SERVER
 112:.\Generated_Source\PSoC4/BLE_dis.c **** 
 113:.\Generated_Source\PSoC4/BLE_dis.c **** 
 114:.\Generated_Source\PSoC4/BLE_dis.c **** /******************************************************************************
 115:.\Generated_Source\PSoC4/BLE_dis.c **** ##Function Name: CyBle_DissSetCharacteristicValue
 116:.\Generated_Source\PSoC4/BLE_dis.c **** *******************************************************************************
 117:.\Generated_Source\PSoC4/BLE_dis.c **** 
 118:.\Generated_Source\PSoC4/BLE_dis.c **** Summary:
 119:.\Generated_Source\PSoC4/BLE_dis.c ****  Sets a characteristic value of the service, which is identified by charIndex,
 120:.\Generated_Source\PSoC4/BLE_dis.c ****  to the local database.
 121:.\Generated_Source\PSoC4/BLE_dis.c **** 
 122:.\Generated_Source\PSoC4/BLE_dis.c **** 
 123:.\Generated_Source\PSoC4/BLE_dis.c **** Parameters:
 124:.\Generated_Source\PSoC4/BLE_dis.c ****  charIndex: The index of a service characteristic.
 125:.\Generated_Source\PSoC4/BLE_dis.c ****  attrSize: The size of the characteristic value attribute.
 126:.\Generated_Source\PSoC4/BLE_dis.c ****  *attrValue: The pointer to the characteristic value data that should be
 127:.\Generated_Source\PSoC4/BLE_dis.c ****                   stored to the GATT database.
 128:.\Generated_Source\PSoC4/BLE_dis.c **** 
 129:.\Generated_Source\PSoC4/BLE_dis.c **** Return:
 130:.\Generated_Source\PSoC4/BLE_dis.c ****  Return value is of type CYBLE_API_RESULT_T.
 131:.\Generated_Source\PSoC4/BLE_dis.c ****  * CYBLE_ERROR_OK - The request handled successfully
 132:.\Generated_Source\PSoC4/BLE_dis.c ****  * CYBLE_ERROR_INVALID_PARAMETER - Validation of the input parameter failed
 133:.\Generated_Source\PSoC4/BLE_dis.c **** 
 134:.\Generated_Source\PSoC4/BLE_dis.c **** ******************************************************************************/
 135:.\Generated_Source\PSoC4/BLE_dis.c **** CYBLE_API_RESULT_T CyBle_DissSetCharacteristicValue(CYBLE_DIS_CHAR_INDEX_T charIndex, uint8 attrSiz
 136:.\Generated_Source\PSoC4/BLE_dis.c **** {
  92              		.loc 1 136 0
ARM GAS  C:\Users\Yobely\AppData\Local\Temp\cc7YgbV3.s 			page 5


  93              		.cfi_startproc
  94 0000 80B5     		push	{r7, lr}
  95              		.cfi_def_cfa_offset 8
  96              		.cfi_offset 7, -8
  97              		.cfi_offset 14, -4
  98 0002 86B0     		sub	sp, sp, #24
  99              		.cfi_def_cfa_offset 32
 100 0004 00AF     		add	r7, sp, #0
 101              		.cfi_def_cfa_register 7
 102 0006 3A60     		str	r2, [r7]
 103 0008 FB1D     		add	r3, r7, #7
 104 000a 021C     		add	r2, r0, #0
 105 000c 1A70     		strb	r2, [r3]
 106 000e BB1D     		add	r3, r7, #6
 107 0010 0A1C     		add	r2, r1, #0
 108 0012 1A70     		strb	r2, [r3]
 137:.\Generated_Source\PSoC4/BLE_dis.c ****     CYBLE_API_RESULT_T apiResult = CYBLE_ERROR_OK;
 109              		.loc 1 137 0
 110 0014 3B1C     		mov	r3, r7
 111 0016 1633     		add	r3, r3, #22
 112 0018 0022     		mov	r2, #0
 113 001a 1A80     		strh	r2, [r3]
 138:.\Generated_Source\PSoC4/BLE_dis.c ****     CYBLE_GATT_HANDLE_VALUE_PAIR_T locHandleValuePair;
 139:.\Generated_Source\PSoC4/BLE_dis.c **** 
 140:.\Generated_Source\PSoC4/BLE_dis.c ****     if(charIndex >= CYBLE_DIS_CHAR_COUNT)
 114              		.loc 1 140 0
 115 001c FB1D     		add	r3, r7, #7
 116 001e 1B78     		ldrb	r3, [r3]
 117 0020 082B     		cmp	r3, #8
 118 0022 04D9     		bls	.L4
 141:.\Generated_Source\PSoC4/BLE_dis.c ****     {
 142:.\Generated_Source\PSoC4/BLE_dis.c ****         apiResult = CYBLE_ERROR_INVALID_PARAMETER;
 119              		.loc 1 142 0
 120 0024 3B1C     		mov	r3, r7
 121 0026 1633     		add	r3, r3, #22
 122 0028 0122     		mov	r2, #1
 123 002a 1A80     		strh	r2, [r3]
 124 002c 21E0     		b	.L5
 125              	.L4:
 143:.\Generated_Source\PSoC4/BLE_dis.c ****     }
 144:.\Generated_Source\PSoC4/BLE_dis.c ****     else
 145:.\Generated_Source\PSoC4/BLE_dis.c ****     {
 146:.\Generated_Source\PSoC4/BLE_dis.c ****         /* Store data in database */
 147:.\Generated_Source\PSoC4/BLE_dis.c ****         locHandleValuePair.attrHandle = cyBle_diss.charHandle[charIndex];
 126              		.loc 1 147 0
 127 002e FB1D     		add	r3, r7, #7
 128 0030 1B78     		ldrb	r3, [r3]
 129 0032 134A     		ldr	r2, .L7
 130 0034 5B00     		lsl	r3, r3, #1
 131 0036 D318     		add	r3, r2, r3
 132 0038 5A88     		ldrh	r2, [r3, #2]
 133 003a 3B1C     		mov	r3, r7
 134 003c 0833     		add	r3, r3, #8
 135 003e 1A81     		strh	r2, [r3, #8]
 148:.\Generated_Source\PSoC4/BLE_dis.c ****         locHandleValuePair.value.len = attrSize;
 136              		.loc 1 148 0
 137 0040 BB1D     		add	r3, r7, #6
ARM GAS  C:\Users\Yobely\AppData\Local\Temp\cc7YgbV3.s 			page 6


 138 0042 1B78     		ldrb	r3, [r3]
 139 0044 9AB2     		uxth	r2, r3
 140 0046 3B1C     		mov	r3, r7
 141 0048 0833     		add	r3, r3, #8
 142 004a 9A80     		strh	r2, [r3, #4]
 149:.\Generated_Source\PSoC4/BLE_dis.c ****         locHandleValuePair.value.val = attrValue;
 143              		.loc 1 149 0
 144 004c 3B1C     		mov	r3, r7
 145 004e 0833     		add	r3, r3, #8
 146 0050 3A68     		ldr	r2, [r7]
 147 0052 1A60     		str	r2, [r3]
 150:.\Generated_Source\PSoC4/BLE_dis.c ****         if(CYBLE_GATT_ERR_NONE !=
 151:.\Generated_Source\PSoC4/BLE_dis.c ****             CyBle_GattsWriteAttributeValue(&locHandleValuePair, 0u, NULL, CYBLE_GATT_DB_LOCALLY_INI
 148              		.loc 1 151 0
 149 0054 3B1C     		mov	r3, r7
 150 0056 0833     		add	r3, r3, #8
 151 0058 181C     		mov	r0, r3
 152 005a 0021     		mov	r1, #0
 153 005c 0022     		mov	r2, #0
 154 005e 0023     		mov	r3, #0
 155 0060 FFF7FEFF 		bl	CyBle_GattsWriteAttributeValue
 156 0064 031C     		mov	r3, r0
 150:.\Generated_Source\PSoC4/BLE_dis.c ****         if(CYBLE_GATT_ERR_NONE !=
 157              		.loc 1 150 0
 158 0066 002B     		cmp	r3, #0
 159 0068 03D0     		beq	.L5
 152:.\Generated_Source\PSoC4/BLE_dis.c ****         {
 153:.\Generated_Source\PSoC4/BLE_dis.c ****             apiResult = CYBLE_ERROR_INVALID_PARAMETER;
 160              		.loc 1 153 0
 161 006a 3B1C     		mov	r3, r7
 162 006c 1633     		add	r3, r3, #22
 163 006e 0122     		mov	r2, #1
 164 0070 1A80     		strh	r2, [r3]
 165              	.L5:
 154:.\Generated_Source\PSoC4/BLE_dis.c ****         }
 155:.\Generated_Source\PSoC4/BLE_dis.c ****     }
 156:.\Generated_Source\PSoC4/BLE_dis.c ****     return (apiResult);
 166              		.loc 1 156 0
 167 0072 3B1C     		mov	r3, r7
 168 0074 1633     		add	r3, r3, #22
 169 0076 1B88     		ldrh	r3, [r3]
 157:.\Generated_Source\PSoC4/BLE_dis.c **** }
 170              		.loc 1 157 0
 171 0078 181C     		mov	r0, r3
 172 007a BD46     		mov	sp, r7
 173 007c 06B0     		add	sp, sp, #24
 174              		@ sp needed
 175 007e 80BD     		pop	{r7, pc}
 176              	.L8:
 177              		.align	2
 178              	.L7:
 179 0080 00000000 		.word	cyBle_diss
 180              		.cfi_endproc
 181              	.LFE4:
 182              		.size	CyBle_DissSetCharacteristicValue, .-CyBle_DissSetCharacteristicValue
 183              		.section	.text.CyBle_DissGetCharacteristicValue,"ax",%progbits
 184              		.align	2
ARM GAS  C:\Users\Yobely\AppData\Local\Temp\cc7YgbV3.s 			page 7


 185              		.global	CyBle_DissGetCharacteristicValue
 186              		.code	16
 187              		.thumb_func
 188              		.type	CyBle_DissGetCharacteristicValue, %function
 189              	CyBle_DissGetCharacteristicValue:
 190              	.LFB5:
 158:.\Generated_Source\PSoC4/BLE_dis.c **** 
 159:.\Generated_Source\PSoC4/BLE_dis.c **** 
 160:.\Generated_Source\PSoC4/BLE_dis.c **** /******************************************************************************
 161:.\Generated_Source\PSoC4/BLE_dis.c **** ##Function Name: CyBle_DissGetCharacteristicValue
 162:.\Generated_Source\PSoC4/BLE_dis.c **** *******************************************************************************
 163:.\Generated_Source\PSoC4/BLE_dis.c **** 
 164:.\Generated_Source\PSoC4/BLE_dis.c **** Summary:
 165:.\Generated_Source\PSoC4/BLE_dis.c ****  Gets a characteristic value of the service, which is identified by charIndex,
 166:.\Generated_Source\PSoC4/BLE_dis.c ****  from the GATT database.
 167:.\Generated_Source\PSoC4/BLE_dis.c **** 
 168:.\Generated_Source\PSoC4/BLE_dis.c **** Parameters:
 169:.\Generated_Source\PSoC4/BLE_dis.c ****  charIndex: The index of a service characteristic.
 170:.\Generated_Source\PSoC4/BLE_dis.c ****  attrSize: The size of the characteristic value attribute.
 171:.\Generated_Source\PSoC4/BLE_dis.c ****  *attrValue: The pointer to the location where characteristic value data
 172:.\Generated_Source\PSoC4/BLE_dis.c ****               should be stored.
 173:.\Generated_Source\PSoC4/BLE_dis.c **** 
 174:.\Generated_Source\PSoC4/BLE_dis.c **** Return:
 175:.\Generated_Source\PSoC4/BLE_dis.c ****  Return value is of type CYBLE_API_RESULT_T.
 176:.\Generated_Source\PSoC4/BLE_dis.c ****  Return value is of type CYBLE_API_RESULT_T.
 177:.\Generated_Source\PSoC4/BLE_dis.c ****  * CYBLE_ERROR_OK - The request handled successfully
 178:.\Generated_Source\PSoC4/BLE_dis.c ****  * CYBLE_ERROR_INVALID_PARAMETER - Validation of the input parameter failed
 179:.\Generated_Source\PSoC4/BLE_dis.c **** 
 180:.\Generated_Source\PSoC4/BLE_dis.c **** ******************************************************************************/
 181:.\Generated_Source\PSoC4/BLE_dis.c **** CYBLE_API_RESULT_T CyBle_DissGetCharacteristicValue(CYBLE_DIS_CHAR_INDEX_T charIndex, uint8 attrSiz
 182:.\Generated_Source\PSoC4/BLE_dis.c **** {
 191              		.loc 1 182 0
 192              		.cfi_startproc
 193 0000 80B5     		push	{r7, lr}
 194              		.cfi_def_cfa_offset 8
 195              		.cfi_offset 7, -8
 196              		.cfi_offset 14, -4
 197 0002 86B0     		sub	sp, sp, #24
 198              		.cfi_def_cfa_offset 32
 199 0004 00AF     		add	r7, sp, #0
 200              		.cfi_def_cfa_register 7
 201 0006 3A60     		str	r2, [r7]
 202 0008 FB1D     		add	r3, r7, #7
 203 000a 021C     		add	r2, r0, #0
 204 000c 1A70     		strb	r2, [r3]
 205 000e BB1D     		add	r3, r7, #6
 206 0010 0A1C     		add	r2, r1, #0
 207 0012 1A70     		strb	r2, [r3]
 183:.\Generated_Source\PSoC4/BLE_dis.c ****     CYBLE_API_RESULT_T apiResult = CYBLE_ERROR_OK;
 208              		.loc 1 183 0
 209 0014 3B1C     		mov	r3, r7
 210 0016 1633     		add	r3, r3, #22
 211 0018 0022     		mov	r2, #0
 212 001a 1A80     		strh	r2, [r3]
 184:.\Generated_Source\PSoC4/BLE_dis.c ****     CYBLE_GATT_HANDLE_VALUE_PAIR_T locHandleValuePair;
 185:.\Generated_Source\PSoC4/BLE_dis.c **** 
 186:.\Generated_Source\PSoC4/BLE_dis.c ****     if(charIndex >= CYBLE_DIS_CHAR_COUNT)
ARM GAS  C:\Users\Yobely\AppData\Local\Temp\cc7YgbV3.s 			page 8


 213              		.loc 1 186 0
 214 001c FB1D     		add	r3, r7, #7
 215 001e 1B78     		ldrb	r3, [r3]
 216 0020 082B     		cmp	r3, #8
 217 0022 04D9     		bls	.L10
 187:.\Generated_Source\PSoC4/BLE_dis.c ****     {
 188:.\Generated_Source\PSoC4/BLE_dis.c ****         apiResult = CYBLE_ERROR_INVALID_PARAMETER;
 218              		.loc 1 188 0
 219 0024 3B1C     		mov	r3, r7
 220 0026 1633     		add	r3, r3, #22
 221 0028 0122     		mov	r2, #1
 222 002a 1A80     		strh	r2, [r3]
 223 002c 20E0     		b	.L11
 224              	.L10:
 189:.\Generated_Source\PSoC4/BLE_dis.c ****     }
 190:.\Generated_Source\PSoC4/BLE_dis.c ****     else
 191:.\Generated_Source\PSoC4/BLE_dis.c ****     {
 192:.\Generated_Source\PSoC4/BLE_dis.c ****         /* Read characteristic value from database */
 193:.\Generated_Source\PSoC4/BLE_dis.c ****         locHandleValuePair.attrHandle = cyBle_diss.charHandle[charIndex];
 225              		.loc 1 193 0
 226 002e FB1D     		add	r3, r7, #7
 227 0030 1B78     		ldrb	r3, [r3]
 228 0032 134A     		ldr	r2, .L13
 229 0034 5B00     		lsl	r3, r3, #1
 230 0036 D318     		add	r3, r2, r3
 231 0038 5A88     		ldrh	r2, [r3, #2]
 232 003a 3B1C     		mov	r3, r7
 233 003c 0833     		add	r3, r3, #8
 234 003e 1A81     		strh	r2, [r3, #8]
 194:.\Generated_Source\PSoC4/BLE_dis.c ****         locHandleValuePair.value.len = attrSize;
 235              		.loc 1 194 0
 236 0040 BB1D     		add	r3, r7, #6
 237 0042 1B78     		ldrb	r3, [r3]
 238 0044 9AB2     		uxth	r2, r3
 239 0046 3B1C     		mov	r3, r7
 240 0048 0833     		add	r3, r3, #8
 241 004a 9A80     		strh	r2, [r3, #4]
 195:.\Generated_Source\PSoC4/BLE_dis.c ****         locHandleValuePair.value.val = attrValue;
 242              		.loc 1 195 0
 243 004c 3B1C     		mov	r3, r7
 244 004e 0833     		add	r3, r3, #8
 245 0050 3A68     		ldr	r2, [r7]
 246 0052 1A60     		str	r2, [r3]
 196:.\Generated_Source\PSoC4/BLE_dis.c ****         if(CYBLE_GATT_ERR_NONE !=
 197:.\Generated_Source\PSoC4/BLE_dis.c ****             CyBle_GattsReadAttributeValue(&locHandleValuePair, NULL, CYBLE_GATT_DB_LOCALLY_INITIATE
 247              		.loc 1 197 0
 248 0054 3B1C     		mov	r3, r7
 249 0056 0833     		add	r3, r3, #8
 250 0058 181C     		mov	r0, r3
 251 005a 0021     		mov	r1, #0
 252 005c 0022     		mov	r2, #0
 253 005e FFF7FEFF 		bl	CyBle_GattsReadAttributeValue
 254 0062 031C     		mov	r3, r0
 196:.\Generated_Source\PSoC4/BLE_dis.c ****         if(CYBLE_GATT_ERR_NONE !=
 255              		.loc 1 196 0
 256 0064 002B     		cmp	r3, #0
 257 0066 03D0     		beq	.L11
ARM GAS  C:\Users\Yobely\AppData\Local\Temp\cc7YgbV3.s 			page 9


 198:.\Generated_Source\PSoC4/BLE_dis.c ****         {
 199:.\Generated_Source\PSoC4/BLE_dis.c ****             apiResult = CYBLE_ERROR_INVALID_PARAMETER;
 258              		.loc 1 199 0
 259 0068 3B1C     		mov	r3, r7
 260 006a 1633     		add	r3, r3, #22
 261 006c 0122     		mov	r2, #1
 262 006e 1A80     		strh	r2, [r3]
 263              	.L11:
 200:.\Generated_Source\PSoC4/BLE_dis.c ****         }
 201:.\Generated_Source\PSoC4/BLE_dis.c ****     }
 202:.\Generated_Source\PSoC4/BLE_dis.c ****     return (apiResult);
 264              		.loc 1 202 0
 265 0070 3B1C     		mov	r3, r7
 266 0072 1633     		add	r3, r3, #22
 267 0074 1B88     		ldrh	r3, [r3]
 203:.\Generated_Source\PSoC4/BLE_dis.c **** }
 268              		.loc 1 203 0
 269 0076 181C     		mov	r0, r3
 270 0078 BD46     		mov	sp, r7
 271 007a 06B0     		add	sp, sp, #24
 272              		@ sp needed
 273 007c 80BD     		pop	{r7, pc}
 274              	.L14:
 275 007e C046     		.align	2
 276              	.L13:
 277 0080 00000000 		.word	cyBle_diss
 278              		.cfi_endproc
 279              	.LFE5:
 280              		.size	CyBle_DissGetCharacteristicValue, .-CyBle_DissGetCharacteristicValue
 281              		.text
 282              	.Letext0:
 283              		.file 2 ".\\Generated_Source\\PSoC4\\cytypes.h"
 284              		.file 3 ".\\Generated_Source\\PSoC4\\BLE_Stack.h"
 285              		.file 4 ".\\Generated_Source\\PSoC4\\BLE_StackGatt.h"
 286              		.file 5 ".\\Generated_Source\\PSoC4\\BLE.h"
 287              		.file 6 ".\\Generated_Source\\PSoC4\\BLE_dis.h"
 288              		.file 7 ".\\Generated_Source\\PSoC4\\BLE_hts.h"
 289              		.section	.debug_info,"",%progbits
 290              	.Ldebug_info0:
 291 0000 1B060000 		.4byte	0x61b
 292 0004 0400     		.2byte	0x4
 293 0006 00000000 		.4byte	.Ldebug_abbrev0
 294 000a 04       		.byte	0x4
 295 000b 01       		.uleb128 0x1
 296 000c C40B0000 		.4byte	.LASF166
 297 0010 01       		.byte	0x1
 298 0011 A10B0000 		.4byte	.LASF167
 299 0015 BC010000 		.4byte	.LASF168
 300 0019 00000000 		.4byte	.Ldebug_ranges0+0
 301 001d 00000000 		.4byte	0
 302 0021 00000000 		.4byte	.Ldebug_line0
 303 0025 02       		.uleb128 0x2
 304 0026 01       		.byte	0x1
 305 0027 06       		.byte	0x6
 306 0028 0F030000 		.4byte	.LASF0
 307 002c 02       		.uleb128 0x2
 308 002d 01       		.byte	0x1
ARM GAS  C:\Users\Yobely\AppData\Local\Temp\cc7YgbV3.s 			page 10


 309 002e 08       		.byte	0x8
 310 002f C30C0000 		.4byte	.LASF1
 311 0033 02       		.uleb128 0x2
 312 0034 02       		.byte	0x2
 313 0035 05       		.byte	0x5
 314 0036 90080000 		.4byte	.LASF2
 315 003a 02       		.uleb128 0x2
 316 003b 02       		.byte	0x2
 317 003c 07       		.byte	0x7
 318 003d F20F0000 		.4byte	.LASF3
 319 0041 02       		.uleb128 0x2
 320 0042 04       		.byte	0x4
 321 0043 05       		.byte	0x5
 322 0044 B3010000 		.4byte	.LASF4
 323 0048 02       		.uleb128 0x2
 324 0049 04       		.byte	0x4
 325 004a 07       		.byte	0x7
 326 004b C1060000 		.4byte	.LASF5
 327 004f 02       		.uleb128 0x2
 328 0050 08       		.byte	0x8
 329 0051 05       		.byte	0x5
 330 0052 01030000 		.4byte	.LASF6
 331 0056 02       		.uleb128 0x2
 332 0057 08       		.byte	0x8
 333 0058 07       		.byte	0x7
 334 0059 EC050000 		.4byte	.LASF7
 335 005d 03       		.uleb128 0x3
 336 005e 04       		.byte	0x4
 337 005f 05       		.byte	0x5
 338 0060 696E7400 		.ascii	"int\000"
 339 0064 02       		.uleb128 0x2
 340 0065 04       		.byte	0x4
 341 0066 07       		.byte	0x7
 342 0067 1A0F0000 		.4byte	.LASF8
 343 006b 04       		.uleb128 0x4
 344 006c 8A040000 		.4byte	.LASF9
 345 0070 02       		.byte	0x2
 346 0071 A1       		.byte	0xa1
 347 0072 2C000000 		.4byte	0x2c
 348 0076 04       		.uleb128 0x4
 349 0077 4E000000 		.4byte	.LASF10
 350 007b 02       		.byte	0x2
 351 007c A2       		.byte	0xa2
 352 007d 3A000000 		.4byte	0x3a
 353 0081 04       		.uleb128 0x4
 354 0082 11050000 		.4byte	.LASF11
 355 0086 02       		.byte	0x2
 356 0087 A3       		.byte	0xa3
 357 0088 48000000 		.4byte	0x48
 358 008c 02       		.uleb128 0x2
 359 008d 04       		.byte	0x4
 360 008e 04       		.byte	0x4
 361 008f 9B0B0000 		.4byte	.LASF12
 362 0093 02       		.uleb128 0x2
 363 0094 08       		.byte	0x8
 364 0095 04       		.byte	0x4
 365 0096 AF040000 		.4byte	.LASF13
ARM GAS  C:\Users\Yobely\AppData\Local\Temp\cc7YgbV3.s 			page 11


 366 009a 02       		.uleb128 0x2
 367 009b 01       		.byte	0x1
 368 009c 08       		.byte	0x8
 369 009d BC0E0000 		.4byte	.LASF14
 370 00a1 02       		.uleb128 0x2
 371 00a2 04       		.byte	0x4
 372 00a3 07       		.byte	0x7
 373 00a4 F1090000 		.4byte	.LASF15
 374 00a8 05       		.uleb128 0x5
 375 00a9 04       		.byte	0x4
 376 00aa 06       		.uleb128 0x6
 377 00ab 01       		.byte	0x1
 378 00ac 03       		.byte	0x3
 379 00ad 52       		.byte	0x52
 380 00ae 1A020000 		.4byte	0x21a
 381 00b2 07       		.uleb128 0x7
 382 00b3 D6070000 		.4byte	.LASF16
 383 00b7 00       		.sleb128 0
 384 00b8 07       		.uleb128 0x7
 385 00b9 1B030000 		.4byte	.LASF17
 386 00bd 01       		.sleb128 1
 387 00be 07       		.uleb128 0x7
 388 00bf A1010000 		.4byte	.LASF18
 389 00c3 02       		.sleb128 2
 390 00c4 07       		.uleb128 0x7
 391 00c5 D90F0000 		.4byte	.LASF19
 392 00c9 03       		.sleb128 3
 393 00ca 07       		.uleb128 0x7
 394 00cb 50020000 		.4byte	.LASF20
 395 00cf 04       		.sleb128 4
 396 00d0 07       		.uleb128 0x7
 397 00d1 32000000 		.4byte	.LASF21
 398 00d5 05       		.sleb128 5
 399 00d6 07       		.uleb128 0x7
 400 00d7 5B120000 		.4byte	.LASF22
 401 00db 20       		.sleb128 32
 402 00dc 07       		.uleb128 0x7
 403 00dd A7030000 		.4byte	.LASF23
 404 00e1 21       		.sleb128 33
 405 00e2 07       		.uleb128 0x7
 406 00e3 D7100000 		.4byte	.LASF24
 407 00e7 22       		.sleb128 34
 408 00e8 07       		.uleb128 0x7
 409 00e9 9A080000 		.4byte	.LASF25
 410 00ed 23       		.sleb128 35
 411 00ee 07       		.uleb128 0x7
 412 00ef AC0A0000 		.4byte	.LASF26
 413 00f3 24       		.sleb128 36
 414 00f4 07       		.uleb128 0x7
 415 00f5 1F0A0000 		.4byte	.LASF27
 416 00f9 25       		.sleb128 37
 417 00fa 07       		.uleb128 0x7
 418 00fb 3F040000 		.4byte	.LASF28
 419 00ff 26       		.sleb128 38
 420 0100 07       		.uleb128 0x7
 421 0101 55080000 		.4byte	.LASF29
 422 0105 27       		.sleb128 39
ARM GAS  C:\Users\Yobely\AppData\Local\Temp\cc7YgbV3.s 			page 12


 423 0106 07       		.uleb128 0x7
 424 0107 F80E0000 		.4byte	.LASF30
 425 010b 28       		.sleb128 40
 426 010c 07       		.uleb128 0x7
 427 010d B9020000 		.4byte	.LASF31
 428 0111 29       		.sleb128 41
 429 0112 07       		.uleb128 0x7
 430 0113 00010000 		.4byte	.LASF32
 431 0117 2A       		.sleb128 42
 432 0118 07       		.uleb128 0x7
 433 0119 65020000 		.4byte	.LASF33
 434 011d 2B       		.sleb128 43
 435 011e 07       		.uleb128 0x7
 436 011f AC110000 		.4byte	.LASF34
 437 0123 2C       		.sleb128 44
 438 0124 07       		.uleb128 0x7
 439 0125 05100000 		.4byte	.LASF35
 440 0129 C000     		.sleb128 64
 441 012b 07       		.uleb128 0x7
 442 012c CE080000 		.4byte	.LASF36
 443 0130 C100     		.sleb128 65
 444 0132 07       		.uleb128 0x7
 445 0133 4C060000 		.4byte	.LASF37
 446 0137 C200     		.sleb128 66
 447 0139 07       		.uleb128 0x7
 448 013a 75100000 		.4byte	.LASF38
 449 013e C300     		.sleb128 67
 450 0140 07       		.uleb128 0x7
 451 0141 10070000 		.4byte	.LASF39
 452 0145 C400     		.sleb128 68
 453 0147 07       		.uleb128 0x7
 454 0148 740B0000 		.4byte	.LASF40
 455 014c C500     		.sleb128 69
 456 014e 07       		.uleb128 0x7
 457 014f D0090000 		.4byte	.LASF41
 458 0153 C600     		.sleb128 70
 459 0155 07       		.uleb128 0x7
 460 0156 ED070000 		.4byte	.LASF42
 461 015a C700     		.sleb128 71
 462 015c 07       		.uleb128 0x7
 463 015d 78110000 		.4byte	.LASF43
 464 0161 C800     		.sleb128 72
 465 0163 07       		.uleb128 0x7
 466 0164 BE030000 		.4byte	.LASF44
 467 0168 C900     		.sleb128 73
 468 016a 07       		.uleb128 0x7
 469 016b FB100000 		.4byte	.LASF45
 470 016f CA00     		.sleb128 74
 471 0171 07       		.uleb128 0x7
 472 0172 4A010000 		.4byte	.LASF46
 473 0176 CB00     		.sleb128 75
 474 0178 07       		.uleb128 0x7
 475 0179 F6060000 		.4byte	.LASF47
 476 017d CC00     		.sleb128 76
 477 017f 07       		.uleb128 0x7
 478 0180 470A0000 		.4byte	.LASF48
 479 0184 CD00     		.sleb128 77
ARM GAS  C:\Users\Yobely\AppData\Local\Temp\cc7YgbV3.s 			page 13


 480 0186 07       		.uleb128 0x7
 481 0187 0C040000 		.4byte	.LASF49
 482 018b CE00     		.sleb128 78
 483 018d 07       		.uleb128 0x7
 484 018e 120E0000 		.4byte	.LASF50
 485 0192 CF00     		.sleb128 79
 486 0194 07       		.uleb128 0x7
 487 0195 69010000 		.4byte	.LASF51
 488 0199 D000     		.sleb128 80
 489 019b 07       		.uleb128 0x7
 490 019c 90040000 		.4byte	.LASF52
 491 01a0 D100     		.sleb128 81
 492 01a2 07       		.uleb128 0x7
 493 01a3 E50A0000 		.4byte	.LASF53
 494 01a7 D200     		.sleb128 82
 495 01a9 07       		.uleb128 0x7
 496 01aa 970D0000 		.4byte	.LASF54
 497 01ae D300     		.sleb128 83
 498 01b0 07       		.uleb128 0x7
 499 01b1 3B0E0000 		.4byte	.LASF55
 500 01b5 D400     		.sleb128 84
 501 01b7 07       		.uleb128 0x7
 502 01b8 2E070000 		.4byte	.LASF56
 503 01bc D500     		.sleb128 85
 504 01be 07       		.uleb128 0x7
 505 01bf 60050000 		.4byte	.LASF57
 506 01c3 F000     		.sleb128 112
 507 01c5 07       		.uleb128 0x7
 508 01c6 19120000 		.4byte	.LASF58
 509 01ca F100     		.sleb128 113
 510 01cc 07       		.uleb128 0x7
 511 01cd 0E090000 		.4byte	.LASF59
 512 01d1 F200     		.sleb128 114
 513 01d3 07       		.uleb128 0x7
 514 01d4 B2090000 		.4byte	.LASF60
 515 01d8 F300     		.sleb128 115
 516 01da 07       		.uleb128 0x7
 517 01db 560B0000 		.4byte	.LASF61
 518 01df F400     		.sleb128 116
 519 01e1 07       		.uleb128 0x7
 520 01e2 E3110000 		.4byte	.LASF62
 521 01e6 F500     		.sleb128 117
 522 01e8 07       		.uleb128 0x7
 523 01e9 29010000 		.4byte	.LASF63
 524 01ed F600     		.sleb128 118
 525 01ef 07       		.uleb128 0x7
 526 01f0 55000000 		.4byte	.LASF64
 527 01f4 F700     		.sleb128 119
 528 01f6 07       		.uleb128 0x7
 529 01f7 00000000 		.4byte	.LASF65
 530 01fb F800     		.sleb128 120
 531 01fd 07       		.uleb128 0x7
 532 01fe 270F0000 		.4byte	.LASF66
 533 0202 F900     		.sleb128 121
 534 0204 07       		.uleb128 0x7
 535 0205 A8050000 		.4byte	.LASF67
 536 0209 FA00     		.sleb128 122
ARM GAS  C:\Users\Yobely\AppData\Local\Temp\cc7YgbV3.s 			page 14


 537 020b 07       		.uleb128 0x7
 538 020c 84020000 		.4byte	.LASF68
 539 0210 FA01     		.sleb128 250
 540 0212 07       		.uleb128 0x7
 541 0213 2F050000 		.4byte	.LASF69
 542 0217 FF01     		.sleb128 255
 543 0219 00       		.byte	0
 544 021a 08       		.uleb128 0x8
 545 021b 02       		.byte	0x2
 546 021c 03       		.byte	0x3
 547 021d 8401     		.2byte	0x184
 548 021f EC020000 		.4byte	0x2ec
 549 0223 07       		.uleb128 0x7
 550 0224 3D050000 		.4byte	.LASF70
 551 0228 00       		.sleb128 0
 552 0229 07       		.uleb128 0x7
 553 022a B6040000 		.4byte	.LASF71
 554 022e 01       		.sleb128 1
 555 022f 07       		.uleb128 0x7
 556 0230 1F100000 		.4byte	.LASF72
 557 0234 02       		.sleb128 2
 558 0235 07       		.uleb128 0x7
 559 0236 09060000 		.4byte	.LASF73
 560 023a 03       		.sleb128 3
 561 023b 07       		.uleb128 0x7
 562 023c B4100000 		.4byte	.LASF74
 563 0240 04       		.sleb128 4
 564 0241 07       		.uleb128 0x7
 565 0242 2E060000 		.4byte	.LASF75
 566 0246 05       		.sleb128 5
 567 0247 07       		.uleb128 0x7
 568 0248 B80D0000 		.4byte	.LASF76
 569 024c 06       		.sleb128 6
 570 024d 07       		.uleb128 0x7
 571 024e 80030000 		.4byte	.LASF77
 572 0252 07       		.sleb128 7
 573 0253 07       		.uleb128 0x7
 574 0254 B0120000 		.4byte	.LASF78
 575 0258 08       		.sleb128 8
 576 0259 07       		.uleb128 0x7
 577 025a CC050000 		.4byte	.LASF79
 578 025e 09       		.sleb128 9
 579 025f 07       		.uleb128 0x7
 580 0260 800C0000 		.4byte	.LASF80
 581 0264 0A       		.sleb128 10
 582 0265 07       		.uleb128 0x7
 583 0266 D80E0000 		.4byte	.LASF81
 584 026a 0B       		.sleb128 11
 585 026b 07       		.uleb128 0x7
 586 026c A2020000 		.4byte	.LASF82
 587 0270 0C       		.sleb128 12
 588 0271 07       		.uleb128 0x7
 589 0272 18020000 		.4byte	.LASF83
 590 0276 0D       		.sleb128 13
 591 0277 07       		.uleb128 0x7
 592 0278 98060000 		.4byte	.LASF84
 593 027c 0E       		.sleb128 14
ARM GAS  C:\Users\Yobely\AppData\Local\Temp\cc7YgbV3.s 			page 15


 594 027d 07       		.uleb128 0x7
 595 027e 53110000 		.4byte	.LASF85
 596 0282 0F       		.sleb128 15
 597 0283 07       		.uleb128 0x7
 598 0284 7E0F0000 		.4byte	.LASF86
 599 0288 10       		.sleb128 16
 600 0289 07       		.uleb128 0x7
 601 028a 6D070000 		.4byte	.LASF87
 602 028e 11       		.sleb128 17
 603 028f 07       		.uleb128 0x7
 604 0290 74000000 		.4byte	.LASF88
 605 0294 12       		.sleb128 18
 606 0295 07       		.uleb128 0x7
 607 0296 67040000 		.4byte	.LASF89
 608 029a 13       		.sleb128 19
 609 029b 07       		.uleb128 0x7
 610 029c 88120000 		.4byte	.LASF90
 611 02a0 14       		.sleb128 20
 612 02a1 07       		.uleb128 0x7
 613 02a2 5E030000 		.4byte	.LASF91
 614 02a6 27       		.sleb128 39
 615 02a7 07       		.uleb128 0x7
 616 02a8 E9080000 		.4byte	.LASF92
 617 02ac 28       		.sleb128 40
 618 02ad 07       		.uleb128 0x7
 619 02ae 37110000 		.4byte	.LASF93
 620 02b2 29       		.sleb128 41
 621 02b3 07       		.uleb128 0x7
 622 02b4 A2090000 		.4byte	.LASF94
 623 02b8 FF01     		.sleb128 255
 624 02ba 07       		.uleb128 0x7
 625 02bb 2A040000 		.4byte	.LASF95
 626 02bf 8002     		.sleb128 256
 627 02c1 07       		.uleb128 0x7
 628 02c2 04120000 		.4byte	.LASF96
 629 02c6 8102     		.sleb128 257
 630 02c8 07       		.uleb128 0x7
 631 02c9 8C090000 		.4byte	.LASF97
 632 02cd 8202     		.sleb128 258
 633 02cf 07       		.uleb128 0x7
 634 02d0 88010000 		.4byte	.LASF98
 635 02d4 8302     		.sleb128 259
 636 02d6 07       		.uleb128 0x7
 637 02d7 060B0000 		.4byte	.LASF99
 638 02db 8402     		.sleb128 260
 639 02dd 07       		.uleb128 0x7
 640 02de 540D0000 		.4byte	.LASF100
 641 02e2 8502     		.sleb128 261
 642 02e4 07       		.uleb128 0x7
 643 02e5 F2030000 		.4byte	.LASF101
 644 02e9 8602     		.sleb128 262
 645 02eb 00       		.byte	0
 646 02ec 09       		.uleb128 0x9
 647 02ed D20A0000 		.4byte	.LASF102
 648 02f1 03       		.byte	0x3
 649 02f2 E101     		.2byte	0x1e1
 650 02f4 1A020000 		.4byte	0x21a
ARM GAS  C:\Users\Yobely\AppData\Local\Temp\cc7YgbV3.s 			page 16


 651 02f8 0A       		.uleb128 0xa
 652 02f9 04       		.byte	0x4
 653 02fa 6B000000 		.4byte	0x6b
 654 02fe 06       		.uleb128 0x6
 655 02ff 01       		.byte	0x1
 656 0300 04       		.byte	0x4
 657 0301 A4       		.byte	0xa4
 658 0302 AB030000 		.4byte	0x3ab
 659 0306 07       		.uleb128 0x7
 660 0307 4C050000 		.4byte	.LASF103
 661 030b 00       		.sleb128 0
 662 030c 07       		.uleb128 0x7
 663 030d D4000000 		.4byte	.LASF104
 664 0311 01       		.sleb128 1
 665 0312 07       		.uleb128 0x7
 666 0313 86050000 		.4byte	.LASF105
 667 0317 02       		.sleb128 2
 668 0318 07       		.uleb128 0x7
 669 0319 91070000 		.4byte	.LASF106
 670 031d 03       		.sleb128 3
 671 031e 07       		.uleb128 0x7
 672 031f D7030000 		.4byte	.LASF107
 673 0323 04       		.sleb128 4
 674 0324 07       		.uleb128 0x7
 675 0325 D6020000 		.4byte	.LASF108
 676 0329 05       		.sleb128 5
 677 032a 07       		.uleb128 0x7
 678 032b 99000000 		.4byte	.LASF109
 679 032f 06       		.sleb128 6
 680 0330 07       		.uleb128 0x7
 681 0331 19110000 		.4byte	.LASF110
 682 0335 07       		.sleb128 7
 683 0336 07       		.uleb128 0x7
 684 0337 820A0000 		.4byte	.LASF111
 685 033b 08       		.sleb128 8
 686 033c 07       		.uleb128 0x7
 687 033d 400C0000 		.4byte	.LASF112
 688 0341 09       		.sleb128 9
 689 0342 07       		.uleb128 0x7
 690 0343 D3060000 		.4byte	.LASF113
 691 0347 0A       		.sleb128 10
 692 0348 07       		.uleb128 0x7
 693 0349 B4070000 		.4byte	.LASF114
 694 034d 0B       		.sleb128 11
 695 034e 07       		.uleb128 0x7
 696 034f 0B080000 		.4byte	.LASF115
 697 0353 0C       		.sleb128 12
 698 0354 07       		.uleb128 0x7
 699 0355 E60C0000 		.4byte	.LASF116
 700 0359 0D       		.sleb128 13
 701 035a 07       		.uleb128 0x7
 702 035b 4A0F0000 		.4byte	.LASF117
 703 035f 0E       		.sleb128 14
 704 0360 07       		.uleb128 0x7
 705 0361 3D100000 		.4byte	.LASF118
 706 0365 0F       		.sleb128 15
 707 0366 07       		.uleb128 0x7
ARM GAS  C:\Users\Yobely\AppData\Local\Temp\cc7YgbV3.s 			page 17


 708 0367 D4040000 		.4byte	.LASF119
 709 036b 10       		.sleb128 16
 710 036c 07       		.uleb128 0x7
 711 036d FA090000 		.4byte	.LASF120
 712 0371 11       		.sleb128 17
 713 0372 07       		.uleb128 0x7
 714 0373 860E0000 		.4byte	.LASF121
 715 0377 8001     		.sleb128 128
 716 0379 07       		.uleb128 0x7
 717 037a 2A090000 		.4byte	.LASF122
 718 037e 8001     		.sleb128 128
 719 0380 07       		.uleb128 0x7
 720 0381 6A060000 		.4byte	.LASF123
 721 0385 8001     		.sleb128 128
 722 0387 07       		.uleb128 0x7
 723 0388 0B0D0000 		.4byte	.LASF124
 724 038c 8101     		.sleb128 129
 725 038e 07       		.uleb128 0x7
 726 038f E90D0000 		.4byte	.LASF125
 727 0393 A001     		.sleb128 160
 728 0395 07       		.uleb128 0x7
 729 0396 5C0E0000 		.4byte	.LASF126
 730 039a FD01     		.sleb128 253
 731 039c 07       		.uleb128 0x7
 732 039d AC0F0000 		.4byte	.LASF127
 733 03a1 FE01     		.sleb128 254
 734 03a3 07       		.uleb128 0x7
 735 03a4 A70C0000 		.4byte	.LASF128
 736 03a8 FF01     		.sleb128 255
 737 03aa 00       		.byte	0
 738 03ab 09       		.uleb128 0x9
 739 03ac 2E030000 		.4byte	.LASF129
 740 03b0 04       		.byte	0x4
 741 03b1 4A01     		.2byte	0x14a
 742 03b3 76000000 		.4byte	0x76
 743 03b7 0B       		.uleb128 0xb
 744 03b8 08       		.byte	0x8
 745 03b9 04       		.byte	0x4
 746 03ba 6A01     		.2byte	0x16a
 747 03bc E8030000 		.4byte	0x3e8
 748 03c0 0C       		.uleb128 0xc
 749 03c1 76616C00 		.ascii	"val\000"
 750 03c5 04       		.byte	0x4
 751 03c6 6D01     		.2byte	0x16d
 752 03c8 F8020000 		.4byte	0x2f8
 753 03cc 00       		.byte	0
 754 03cd 0C       		.uleb128 0xc
 755 03ce 6C656E00 		.ascii	"len\000"
 756 03d2 04       		.byte	0x4
 757 03d3 7001     		.2byte	0x170
 758 03d5 76000000 		.4byte	0x76
 759 03d9 04       		.byte	0x4
 760 03da 0D       		.uleb128 0xd
 761 03db 9D030000 		.4byte	.LASF130
 762 03df 04       		.byte	0x4
 763 03e0 7401     		.2byte	0x174
 764 03e2 76000000 		.4byte	0x76
ARM GAS  C:\Users\Yobely\AppData\Local\Temp\cc7YgbV3.s 			page 18


 765 03e6 06       		.byte	0x6
 766 03e7 00       		.byte	0
 767 03e8 09       		.uleb128 0x9
 768 03e9 3D020000 		.4byte	.LASF131
 769 03ed 04       		.byte	0x4
 770 03ee 7601     		.2byte	0x176
 771 03f0 B7030000 		.4byte	0x3b7
 772 03f4 0B       		.uleb128 0xb
 773 03f5 0C       		.byte	0xc
 774 03f6 04       		.byte	0x4
 775 03f7 7901     		.2byte	0x179
 776 03f9 18040000 		.4byte	0x418
 777 03fd 0D       		.uleb128 0xd
 778 03fe 03060000 		.4byte	.LASF132
 779 0402 04       		.byte	0x4
 780 0403 7C01     		.2byte	0x17c
 781 0405 E8030000 		.4byte	0x3e8
 782 0409 00       		.byte	0
 783 040a 0D       		.uleb128 0xd
 784 040b E1050000 		.4byte	.LASF133
 785 040f 04       		.byte	0x4
 786 0410 7F01     		.2byte	0x17f
 787 0412 AB030000 		.4byte	0x3ab
 788 0416 08       		.byte	0x8
 789 0417 00       		.byte	0
 790 0418 09       		.uleb128 0x9
 791 0419 1F0B0000 		.4byte	.LASF134
 792 041d 04       		.byte	0x4
 793 041e 8101     		.2byte	0x181
 794 0420 F4030000 		.4byte	0x3f4
 795 0424 04       		.uleb128 0x4
 796 0425 64100000 		.4byte	.LASF135
 797 0429 05       		.byte	0x5
 798 042a F9       		.byte	0xf9
 799 042b 2F040000 		.4byte	0x42f
 800 042f 0A       		.uleb128 0xa
 801 0430 04       		.byte	0x4
 802 0431 35040000 		.4byte	0x435
 803 0435 0E       		.uleb128 0xe
 804 0436 45040000 		.4byte	0x445
 805 043a 0F       		.uleb128 0xf
 806 043b 81000000 		.4byte	0x81
 807 043f 0F       		.uleb128 0xf
 808 0440 A8000000 		.4byte	0xa8
 809 0444 00       		.byte	0
 810 0445 06       		.uleb128 0x6
 811 0446 01       		.byte	0x1
 812 0447 06       		.byte	0x6
 813 0448 1D       		.byte	0x1d
 814 0449 8A040000 		.4byte	0x48a
 815 044d 07       		.uleb128 0x7
 816 044e 3F120000 		.4byte	.LASF136
 817 0452 00       		.sleb128 0
 818 0453 07       		.uleb128 0x7
 819 0454 C10E0000 		.4byte	.LASF137
 820 0458 01       		.sleb128 1
 821 0459 07       		.uleb128 0x7
ARM GAS  C:\Users\Yobely\AppData\Local\Temp\cc7YgbV3.s 			page 19


 822 045a 680C0000 		.4byte	.LASF138
 823 045e 02       		.sleb128 2
 824 045f 07       		.uleb128 0x7
 825 0460 18050000 		.4byte	.LASF139
 826 0464 03       		.sleb128 3
 827 0465 07       		.uleb128 0x7
 828 0466 FA040000 		.4byte	.LASF140
 829 046a 04       		.sleb128 4
 830 046b 07       		.uleb128 0x7
 831 046c D20D0000 		.4byte	.LASF141
 832 0470 05       		.sleb128 5
 833 0471 07       		.uleb128 0x7
 834 0472 78090000 		.4byte	.LASF142
 835 0476 06       		.sleb128 6
 836 0477 07       		.uleb128 0x7
 837 0478 3E0B0000 		.4byte	.LASF143
 838 047c 07       		.sleb128 7
 839 047d 07       		.uleb128 0x7
 840 047e 7F080000 		.4byte	.LASF144
 841 0482 08       		.sleb128 8
 842 0483 07       		.uleb128 0x7
 843 0484 D10C0000 		.4byte	.LASF145
 844 0488 09       		.sleb128 9
 845 0489 00       		.byte	0
 846 048a 04       		.uleb128 0x4
 847 048b 93100000 		.4byte	.LASF146
 848 048f 06       		.byte	0x6
 849 0490 29       		.byte	0x29
 850 0491 45040000 		.4byte	0x445
 851 0495 10       		.uleb128 0x10
 852 0496 14       		.byte	0x14
 853 0497 06       		.byte	0x6
 854 0498 2E       		.byte	0x2e
 855 0499 B6040000 		.4byte	0x4b6
 856 049d 11       		.uleb128 0x11
 857 049e C0080000 		.4byte	.LASF147
 858 04a2 06       		.byte	0x6
 859 04a3 31       		.byte	0x31
 860 04a4 AB030000 		.4byte	0x3ab
 861 04a8 00       		.byte	0
 862 04a9 11       		.uleb128 0x11
 863 04aa 770D0000 		.4byte	.LASF148
 864 04ae 06       		.byte	0x6
 865 04af 34       		.byte	0x34
 866 04b0 B6040000 		.4byte	0x4b6
 867 04b4 02       		.byte	0x2
 868 04b5 00       		.byte	0
 869 04b6 12       		.uleb128 0x12
 870 04b7 AB030000 		.4byte	0x3ab
 871 04bb C6040000 		.4byte	0x4c6
 872 04bf 13       		.uleb128 0x13
 873 04c0 A1000000 		.4byte	0xa1
 874 04c4 08       		.byte	0x8
 875 04c5 00       		.byte	0
 876 04c6 04       		.uleb128 0x4
 877 04c7 9F110000 		.4byte	.LASF149
 878 04cb 06       		.byte	0x6
ARM GAS  C:\Users\Yobely\AppData\Local\Temp\cc7YgbV3.s 			page 20


 879 04cc 35       		.byte	0x35
 880 04cd 95040000 		.4byte	0x495
 881 04d1 06       		.uleb128 0x6
 882 04d2 01       		.byte	0x1
 883 04d3 07       		.byte	0x7
 884 04d4 1C       		.byte	0x1c
 885 04d5 F8040000 		.4byte	0x4f8
 886 04d9 07       		.uleb128 0x7
 887 04da 61090000 		.4byte	.LASF150
 888 04de 00       		.sleb128 0
 889 04df 07       		.uleb128 0x7
 890 04e0 4A030000 		.4byte	.LASF151
 891 04e4 01       		.sleb128 1
 892 04e5 07       		.uleb128 0x7
 893 04e6 BE000000 		.4byte	.LASF152
 894 04ea 02       		.sleb128 2
 895 04eb 07       		.uleb128 0x7
 896 04ec 52070000 		.4byte	.LASF153
 897 04f0 03       		.sleb128 3
 898 04f1 07       		.uleb128 0x7
 899 04f2 820D0000 		.4byte	.LASF154
 900 04f6 04       		.sleb128 4
 901 04f7 00       		.byte	0
 902 04f8 06       		.uleb128 0x6
 903 04f9 01       		.byte	0x1
 904 04fa 07       		.byte	0x7
 905 04fb 27       		.byte	0x27
 906 04fc 13050000 		.4byte	0x513
 907 0500 07       		.uleb128 0x7
 908 0501 23000000 		.4byte	.LASF155
 909 0505 00       		.sleb128 0
 910 0506 07       		.uleb128 0x7
 911 0507 390A0000 		.4byte	.LASF156
 912 050b 01       		.sleb128 1
 913 050c 07       		.uleb128 0x7
 914 050d 680F0000 		.4byte	.LASF157
 915 0511 02       		.sleb128 2
 916 0512 00       		.byte	0
 917 0513 14       		.uleb128 0x14
 918 0514 F2000000 		.4byte	.LASF169
 919 0518 01       		.byte	0x1
 920 0519 3D       		.byte	0x3d
 921 051a 00000000 		.4byte	.LFB2
 922 051e 08000000 		.4byte	.LFE2-.LFB2
 923 0522 01       		.uleb128 0x1
 924 0523 9C       		.byte	0x9c
 925 0524 15       		.uleb128 0x15
 926 0525 360D0000 		.4byte	.LASF170
 927 0529 01       		.byte	0x1
 928 052a 62       		.byte	0x62
 929 052b 00000000 		.4byte	.LFB3
 930 052f 0E000000 		.4byte	.LFE3-.LFB3
 931 0533 01       		.uleb128 0x1
 932 0534 9C       		.byte	0x9c
 933 0535 48050000 		.4byte	0x548
 934 0539 16       		.uleb128 0x16
 935 053a 9A0C0000 		.4byte	.LASF158
ARM GAS  C:\Users\Yobely\AppData\Local\Temp\cc7YgbV3.s 			page 21


 936 053e 01       		.byte	0x1
 937 053f 62       		.byte	0x62
 938 0540 24040000 		.4byte	0x424
 939 0544 02       		.uleb128 0x2
 940 0545 91       		.byte	0x91
 941 0546 74       		.sleb128 -12
 942 0547 00       		.byte	0
 943 0548 17       		.uleb128 0x17
 944 0549 34080000 		.4byte	.LASF164
 945 054d 01       		.byte	0x1
 946 054e 87       		.byte	0x87
 947 054f EC020000 		.4byte	0x2ec
 948 0553 00000000 		.4byte	.LFB4
 949 0557 84000000 		.4byte	.LFE4-.LFB4
 950 055b 01       		.uleb128 0x1
 951 055c 9C       		.byte	0x9c
 952 055d A8050000 		.4byte	0x5a8
 953 0561 16       		.uleb128 0x16
 954 0562 AA100000 		.4byte	.LASF159
 955 0566 01       		.byte	0x1
 956 0567 87       		.byte	0x87
 957 0568 8A040000 		.4byte	0x48a
 958 056c 02       		.uleb128 0x2
 959 056d 91       		.byte	0x91
 960 056e 67       		.sleb128 -25
 961 056f 16       		.uleb128 0x16
 962 0570 7F120000 		.4byte	.LASF160
 963 0574 01       		.byte	0x1
 964 0575 87       		.byte	0x87
 965 0576 6B000000 		.4byte	0x6b
 966 057a 02       		.uleb128 0x2
 967 057b 91       		.byte	0x91
 968 057c 66       		.sleb128 -26
 969 057d 16       		.uleb128 0x16
 970 057e 310E0000 		.4byte	.LASF161
 971 0582 01       		.byte	0x1
 972 0583 87       		.byte	0x87
 973 0584 F8020000 		.4byte	0x2f8
 974 0588 02       		.uleb128 0x2
 975 0589 91       		.byte	0x91
 976 058a 60       		.sleb128 -32
 977 058b 18       		.uleb128 0x18
 978 058c C80A0000 		.4byte	.LASF162
 979 0590 01       		.byte	0x1
 980 0591 89       		.byte	0x89
 981 0592 EC020000 		.4byte	0x2ec
 982 0596 02       		.uleb128 0x2
 983 0597 91       		.byte	0x91
 984 0598 76       		.sleb128 -10
 985 0599 18       		.uleb128 0x18
 986 059a D0110000 		.4byte	.LASF163
 987 059e 01       		.byte	0x1
 988 059f 8A       		.byte	0x8a
 989 05a0 18040000 		.4byte	0x418
 990 05a4 02       		.uleb128 0x2
 991 05a5 91       		.byte	0x91
 992 05a6 68       		.sleb128 -24
ARM GAS  C:\Users\Yobely\AppData\Local\Temp\cc7YgbV3.s 			page 22


 993 05a7 00       		.byte	0
 994 05a8 17       		.uleb128 0x17
 995 05a9 610A0000 		.4byte	.LASF165
 996 05ad 01       		.byte	0x1
 997 05ae B5       		.byte	0xb5
 998 05af EC020000 		.4byte	0x2ec
 999 05b3 00000000 		.4byte	.LFB5
 1000 05b7 84000000 		.4byte	.LFE5-.LFB5
 1001 05bb 01       		.uleb128 0x1
 1002 05bc 9C       		.byte	0x9c
 1003 05bd 08060000 		.4byte	0x608
 1004 05c1 16       		.uleb128 0x16
 1005 05c2 AA100000 		.4byte	.LASF159
 1006 05c6 01       		.byte	0x1
 1007 05c7 B5       		.byte	0xb5
 1008 05c8 8A040000 		.4byte	0x48a
 1009 05cc 02       		.uleb128 0x2
 1010 05cd 91       		.byte	0x91
 1011 05ce 67       		.sleb128 -25
 1012 05cf 16       		.uleb128 0x16
 1013 05d0 7F120000 		.4byte	.LASF160
 1014 05d4 01       		.byte	0x1
 1015 05d5 B5       		.byte	0xb5
 1016 05d6 6B000000 		.4byte	0x6b
 1017 05da 02       		.uleb128 0x2
 1018 05db 91       		.byte	0x91
 1019 05dc 66       		.sleb128 -26
 1020 05dd 16       		.uleb128 0x16
 1021 05de 310E0000 		.4byte	.LASF161
 1022 05e2 01       		.byte	0x1
 1023 05e3 B5       		.byte	0xb5
 1024 05e4 F8020000 		.4byte	0x2f8
 1025 05e8 02       		.uleb128 0x2
 1026 05e9 91       		.byte	0x91
 1027 05ea 60       		.sleb128 -32
 1028 05eb 18       		.uleb128 0x18
 1029 05ec C80A0000 		.4byte	.LASF162
 1030 05f0 01       		.byte	0x1
 1031 05f1 B7       		.byte	0xb7
 1032 05f2 EC020000 		.4byte	0x2ec
 1033 05f6 02       		.uleb128 0x2
 1034 05f7 91       		.byte	0x91
 1035 05f8 76       		.sleb128 -10
 1036 05f9 18       		.uleb128 0x18
 1037 05fa D0110000 		.4byte	.LASF163
 1038 05fe 01       		.byte	0x1
 1039 05ff B8       		.byte	0xb8
 1040 0600 18040000 		.4byte	0x418
 1041 0604 02       		.uleb128 0x2
 1042 0605 91       		.byte	0x91
 1043 0606 68       		.sleb128 -24
 1044 0607 00       		.byte	0
 1045 0608 19       		.uleb128 0x19
 1046 0609 74080000 		.4byte	.LASF171
 1047 060d 01       		.byte	0x1
 1048 060e 14       		.byte	0x14
 1049 060f 19060000 		.4byte	0x619
ARM GAS  C:\Users\Yobely\AppData\Local\Temp\cc7YgbV3.s 			page 23


 1050 0613 05       		.uleb128 0x5
 1051 0614 03       		.byte	0x3
 1052 0615 00000000 		.4byte	cyBle_diss
 1053 0619 1A       		.uleb128 0x1a
 1054 061a C6040000 		.4byte	0x4c6
 1055 061e 00       		.byte	0
 1056              		.section	.debug_abbrev,"",%progbits
 1057              	.Ldebug_abbrev0:
 1058 0000 01       		.uleb128 0x1
 1059 0001 11       		.uleb128 0x11
 1060 0002 01       		.byte	0x1
 1061 0003 25       		.uleb128 0x25
 1062 0004 0E       		.uleb128 0xe
 1063 0005 13       		.uleb128 0x13
 1064 0006 0B       		.uleb128 0xb
 1065 0007 03       		.uleb128 0x3
 1066 0008 0E       		.uleb128 0xe
 1067 0009 1B       		.uleb128 0x1b
 1068 000a 0E       		.uleb128 0xe
 1069 000b 55       		.uleb128 0x55
 1070 000c 17       		.uleb128 0x17
 1071 000d 11       		.uleb128 0x11
 1072 000e 01       		.uleb128 0x1
 1073 000f 10       		.uleb128 0x10
 1074 0010 17       		.uleb128 0x17
 1075 0011 00       		.byte	0
 1076 0012 00       		.byte	0
 1077 0013 02       		.uleb128 0x2
 1078 0014 24       		.uleb128 0x24
 1079 0015 00       		.byte	0
 1080 0016 0B       		.uleb128 0xb
 1081 0017 0B       		.uleb128 0xb
 1082 0018 3E       		.uleb128 0x3e
 1083 0019 0B       		.uleb128 0xb
 1084 001a 03       		.uleb128 0x3
 1085 001b 0E       		.uleb128 0xe
 1086 001c 00       		.byte	0
 1087 001d 00       		.byte	0
 1088 001e 03       		.uleb128 0x3
 1089 001f 24       		.uleb128 0x24
 1090 0020 00       		.byte	0
 1091 0021 0B       		.uleb128 0xb
 1092 0022 0B       		.uleb128 0xb
 1093 0023 3E       		.uleb128 0x3e
 1094 0024 0B       		.uleb128 0xb
 1095 0025 03       		.uleb128 0x3
 1096 0026 08       		.uleb128 0x8
 1097 0027 00       		.byte	0
 1098 0028 00       		.byte	0
 1099 0029 04       		.uleb128 0x4
 1100 002a 16       		.uleb128 0x16
 1101 002b 00       		.byte	0
 1102 002c 03       		.uleb128 0x3
 1103 002d 0E       		.uleb128 0xe
 1104 002e 3A       		.uleb128 0x3a
 1105 002f 0B       		.uleb128 0xb
 1106 0030 3B       		.uleb128 0x3b
ARM GAS  C:\Users\Yobely\AppData\Local\Temp\cc7YgbV3.s 			page 24


 1107 0031 0B       		.uleb128 0xb
 1108 0032 49       		.uleb128 0x49
 1109 0033 13       		.uleb128 0x13
 1110 0034 00       		.byte	0
 1111 0035 00       		.byte	0
 1112 0036 05       		.uleb128 0x5
 1113 0037 0F       		.uleb128 0xf
 1114 0038 00       		.byte	0
 1115 0039 0B       		.uleb128 0xb
 1116 003a 0B       		.uleb128 0xb
 1117 003b 00       		.byte	0
 1118 003c 00       		.byte	0
 1119 003d 06       		.uleb128 0x6
 1120 003e 04       		.uleb128 0x4
 1121 003f 01       		.byte	0x1
 1122 0040 0B       		.uleb128 0xb
 1123 0041 0B       		.uleb128 0xb
 1124 0042 3A       		.uleb128 0x3a
 1125 0043 0B       		.uleb128 0xb
 1126 0044 3B       		.uleb128 0x3b
 1127 0045 0B       		.uleb128 0xb
 1128 0046 01       		.uleb128 0x1
 1129 0047 13       		.uleb128 0x13
 1130 0048 00       		.byte	0
 1131 0049 00       		.byte	0
 1132 004a 07       		.uleb128 0x7
 1133 004b 28       		.uleb128 0x28
 1134 004c 00       		.byte	0
 1135 004d 03       		.uleb128 0x3
 1136 004e 0E       		.uleb128 0xe
 1137 004f 1C       		.uleb128 0x1c
 1138 0050 0D       		.uleb128 0xd
 1139 0051 00       		.byte	0
 1140 0052 00       		.byte	0
 1141 0053 08       		.uleb128 0x8
 1142 0054 04       		.uleb128 0x4
 1143 0055 01       		.byte	0x1
 1144 0056 0B       		.uleb128 0xb
 1145 0057 0B       		.uleb128 0xb
 1146 0058 3A       		.uleb128 0x3a
 1147 0059 0B       		.uleb128 0xb
 1148 005a 3B       		.uleb128 0x3b
 1149 005b 05       		.uleb128 0x5
 1150 005c 01       		.uleb128 0x1
 1151 005d 13       		.uleb128 0x13
 1152 005e 00       		.byte	0
 1153 005f 00       		.byte	0
 1154 0060 09       		.uleb128 0x9
 1155 0061 16       		.uleb128 0x16
 1156 0062 00       		.byte	0
 1157 0063 03       		.uleb128 0x3
 1158 0064 0E       		.uleb128 0xe
 1159 0065 3A       		.uleb128 0x3a
 1160 0066 0B       		.uleb128 0xb
 1161 0067 3B       		.uleb128 0x3b
 1162 0068 05       		.uleb128 0x5
 1163 0069 49       		.uleb128 0x49
ARM GAS  C:\Users\Yobely\AppData\Local\Temp\cc7YgbV3.s 			page 25


 1164 006a 13       		.uleb128 0x13
 1165 006b 00       		.byte	0
 1166 006c 00       		.byte	0
 1167 006d 0A       		.uleb128 0xa
 1168 006e 0F       		.uleb128 0xf
 1169 006f 00       		.byte	0
 1170 0070 0B       		.uleb128 0xb
 1171 0071 0B       		.uleb128 0xb
 1172 0072 49       		.uleb128 0x49
 1173 0073 13       		.uleb128 0x13
 1174 0074 00       		.byte	0
 1175 0075 00       		.byte	0
 1176 0076 0B       		.uleb128 0xb
 1177 0077 13       		.uleb128 0x13
 1178 0078 01       		.byte	0x1
 1179 0079 0B       		.uleb128 0xb
 1180 007a 0B       		.uleb128 0xb
 1181 007b 3A       		.uleb128 0x3a
 1182 007c 0B       		.uleb128 0xb
 1183 007d 3B       		.uleb128 0x3b
 1184 007e 05       		.uleb128 0x5
 1185 007f 01       		.uleb128 0x1
 1186 0080 13       		.uleb128 0x13
 1187 0081 00       		.byte	0
 1188 0082 00       		.byte	0
 1189 0083 0C       		.uleb128 0xc
 1190 0084 0D       		.uleb128 0xd
 1191 0085 00       		.byte	0
 1192 0086 03       		.uleb128 0x3
 1193 0087 08       		.uleb128 0x8
 1194 0088 3A       		.uleb128 0x3a
 1195 0089 0B       		.uleb128 0xb
 1196 008a 3B       		.uleb128 0x3b
 1197 008b 05       		.uleb128 0x5
 1198 008c 49       		.uleb128 0x49
 1199 008d 13       		.uleb128 0x13
 1200 008e 38       		.uleb128 0x38
 1201 008f 0B       		.uleb128 0xb
 1202 0090 00       		.byte	0
 1203 0091 00       		.byte	0
 1204 0092 0D       		.uleb128 0xd
 1205 0093 0D       		.uleb128 0xd
 1206 0094 00       		.byte	0
 1207 0095 03       		.uleb128 0x3
 1208 0096 0E       		.uleb128 0xe
 1209 0097 3A       		.uleb128 0x3a
 1210 0098 0B       		.uleb128 0xb
 1211 0099 3B       		.uleb128 0x3b
 1212 009a 05       		.uleb128 0x5
 1213 009b 49       		.uleb128 0x49
 1214 009c 13       		.uleb128 0x13
 1215 009d 38       		.uleb128 0x38
 1216 009e 0B       		.uleb128 0xb
 1217 009f 00       		.byte	0
 1218 00a0 00       		.byte	0
 1219 00a1 0E       		.uleb128 0xe
 1220 00a2 15       		.uleb128 0x15
ARM GAS  C:\Users\Yobely\AppData\Local\Temp\cc7YgbV3.s 			page 26


 1221 00a3 01       		.byte	0x1
 1222 00a4 27       		.uleb128 0x27
 1223 00a5 19       		.uleb128 0x19
 1224 00a6 01       		.uleb128 0x1
 1225 00a7 13       		.uleb128 0x13
 1226 00a8 00       		.byte	0
 1227 00a9 00       		.byte	0
 1228 00aa 0F       		.uleb128 0xf
 1229 00ab 05       		.uleb128 0x5
 1230 00ac 00       		.byte	0
 1231 00ad 49       		.uleb128 0x49
 1232 00ae 13       		.uleb128 0x13
 1233 00af 00       		.byte	0
 1234 00b0 00       		.byte	0
 1235 00b1 10       		.uleb128 0x10
 1236 00b2 13       		.uleb128 0x13
 1237 00b3 01       		.byte	0x1
 1238 00b4 0B       		.uleb128 0xb
 1239 00b5 0B       		.uleb128 0xb
 1240 00b6 3A       		.uleb128 0x3a
 1241 00b7 0B       		.uleb128 0xb
 1242 00b8 3B       		.uleb128 0x3b
 1243 00b9 0B       		.uleb128 0xb
 1244 00ba 01       		.uleb128 0x1
 1245 00bb 13       		.uleb128 0x13
 1246 00bc 00       		.byte	0
 1247 00bd 00       		.byte	0
 1248 00be 11       		.uleb128 0x11
 1249 00bf 0D       		.uleb128 0xd
 1250 00c0 00       		.byte	0
 1251 00c1 03       		.uleb128 0x3
 1252 00c2 0E       		.uleb128 0xe
 1253 00c3 3A       		.uleb128 0x3a
 1254 00c4 0B       		.uleb128 0xb
 1255 00c5 3B       		.uleb128 0x3b
 1256 00c6 0B       		.uleb128 0xb
 1257 00c7 49       		.uleb128 0x49
 1258 00c8 13       		.uleb128 0x13
 1259 00c9 38       		.uleb128 0x38
 1260 00ca 0B       		.uleb128 0xb
 1261 00cb 00       		.byte	0
 1262 00cc 00       		.byte	0
 1263 00cd 12       		.uleb128 0x12
 1264 00ce 01       		.uleb128 0x1
 1265 00cf 01       		.byte	0x1
 1266 00d0 49       		.uleb128 0x49
 1267 00d1 13       		.uleb128 0x13
 1268 00d2 01       		.uleb128 0x1
 1269 00d3 13       		.uleb128 0x13
 1270 00d4 00       		.byte	0
 1271 00d5 00       		.byte	0
 1272 00d6 13       		.uleb128 0x13
 1273 00d7 21       		.uleb128 0x21
 1274 00d8 00       		.byte	0
 1275 00d9 49       		.uleb128 0x49
 1276 00da 13       		.uleb128 0x13
 1277 00db 2F       		.uleb128 0x2f
ARM GAS  C:\Users\Yobely\AppData\Local\Temp\cc7YgbV3.s 			page 27


 1278 00dc 0B       		.uleb128 0xb
 1279 00dd 00       		.byte	0
 1280 00de 00       		.byte	0
 1281 00df 14       		.uleb128 0x14
 1282 00e0 2E       		.uleb128 0x2e
 1283 00e1 00       		.byte	0
 1284 00e2 3F       		.uleb128 0x3f
 1285 00e3 19       		.uleb128 0x19
 1286 00e4 03       		.uleb128 0x3
 1287 00e5 0E       		.uleb128 0xe
 1288 00e6 3A       		.uleb128 0x3a
 1289 00e7 0B       		.uleb128 0xb
 1290 00e8 3B       		.uleb128 0x3b
 1291 00e9 0B       		.uleb128 0xb
 1292 00ea 27       		.uleb128 0x27
 1293 00eb 19       		.uleb128 0x19
 1294 00ec 11       		.uleb128 0x11
 1295 00ed 01       		.uleb128 0x1
 1296 00ee 12       		.uleb128 0x12
 1297 00ef 06       		.uleb128 0x6
 1298 00f0 40       		.uleb128 0x40
 1299 00f1 18       		.uleb128 0x18
 1300 00f2 9742     		.uleb128 0x2117
 1301 00f4 19       		.uleb128 0x19
 1302 00f5 00       		.byte	0
 1303 00f6 00       		.byte	0
 1304 00f7 15       		.uleb128 0x15
 1305 00f8 2E       		.uleb128 0x2e
 1306 00f9 01       		.byte	0x1
 1307 00fa 3F       		.uleb128 0x3f
 1308 00fb 19       		.uleb128 0x19
 1309 00fc 03       		.uleb128 0x3
 1310 00fd 0E       		.uleb128 0xe
 1311 00fe 3A       		.uleb128 0x3a
 1312 00ff 0B       		.uleb128 0xb
 1313 0100 3B       		.uleb128 0x3b
 1314 0101 0B       		.uleb128 0xb
 1315 0102 27       		.uleb128 0x27
 1316 0103 19       		.uleb128 0x19
 1317 0104 11       		.uleb128 0x11
 1318 0105 01       		.uleb128 0x1
 1319 0106 12       		.uleb128 0x12
 1320 0107 06       		.uleb128 0x6
 1321 0108 40       		.uleb128 0x40
 1322 0109 18       		.uleb128 0x18
 1323 010a 9742     		.uleb128 0x2117
 1324 010c 19       		.uleb128 0x19
 1325 010d 01       		.uleb128 0x1
 1326 010e 13       		.uleb128 0x13
 1327 010f 00       		.byte	0
 1328 0110 00       		.byte	0
 1329 0111 16       		.uleb128 0x16
 1330 0112 05       		.uleb128 0x5
 1331 0113 00       		.byte	0
 1332 0114 03       		.uleb128 0x3
 1333 0115 0E       		.uleb128 0xe
 1334 0116 3A       		.uleb128 0x3a
ARM GAS  C:\Users\Yobely\AppData\Local\Temp\cc7YgbV3.s 			page 28


 1335 0117 0B       		.uleb128 0xb
 1336 0118 3B       		.uleb128 0x3b
 1337 0119 0B       		.uleb128 0xb
 1338 011a 49       		.uleb128 0x49
 1339 011b 13       		.uleb128 0x13
 1340 011c 02       		.uleb128 0x2
 1341 011d 18       		.uleb128 0x18
 1342 011e 00       		.byte	0
 1343 011f 00       		.byte	0
 1344 0120 17       		.uleb128 0x17
 1345 0121 2E       		.uleb128 0x2e
 1346 0122 01       		.byte	0x1
 1347 0123 3F       		.uleb128 0x3f
 1348 0124 19       		.uleb128 0x19
 1349 0125 03       		.uleb128 0x3
 1350 0126 0E       		.uleb128 0xe
 1351 0127 3A       		.uleb128 0x3a
 1352 0128 0B       		.uleb128 0xb
 1353 0129 3B       		.uleb128 0x3b
 1354 012a 0B       		.uleb128 0xb
 1355 012b 27       		.uleb128 0x27
 1356 012c 19       		.uleb128 0x19
 1357 012d 49       		.uleb128 0x49
 1358 012e 13       		.uleb128 0x13
 1359 012f 11       		.uleb128 0x11
 1360 0130 01       		.uleb128 0x1
 1361 0131 12       		.uleb128 0x12
 1362 0132 06       		.uleb128 0x6
 1363 0133 40       		.uleb128 0x40
 1364 0134 18       		.uleb128 0x18
 1365 0135 9642     		.uleb128 0x2116
 1366 0137 19       		.uleb128 0x19
 1367 0138 01       		.uleb128 0x1
 1368 0139 13       		.uleb128 0x13
 1369 013a 00       		.byte	0
 1370 013b 00       		.byte	0
 1371 013c 18       		.uleb128 0x18
 1372 013d 34       		.uleb128 0x34
 1373 013e 00       		.byte	0
 1374 013f 03       		.uleb128 0x3
 1375 0140 0E       		.uleb128 0xe
 1376 0141 3A       		.uleb128 0x3a
 1377 0142 0B       		.uleb128 0xb
 1378 0143 3B       		.uleb128 0x3b
 1379 0144 0B       		.uleb128 0xb
 1380 0145 49       		.uleb128 0x49
 1381 0146 13       		.uleb128 0x13
 1382 0147 02       		.uleb128 0x2
 1383 0148 18       		.uleb128 0x18
 1384 0149 00       		.byte	0
 1385 014a 00       		.byte	0
 1386 014b 19       		.uleb128 0x19
 1387 014c 34       		.uleb128 0x34
 1388 014d 00       		.byte	0
 1389 014e 03       		.uleb128 0x3
 1390 014f 0E       		.uleb128 0xe
 1391 0150 3A       		.uleb128 0x3a
ARM GAS  C:\Users\Yobely\AppData\Local\Temp\cc7YgbV3.s 			page 29


 1392 0151 0B       		.uleb128 0xb
 1393 0152 3B       		.uleb128 0x3b
 1394 0153 0B       		.uleb128 0xb
 1395 0154 49       		.uleb128 0x49
 1396 0155 13       		.uleb128 0x13
 1397 0156 3F       		.uleb128 0x3f
 1398 0157 19       		.uleb128 0x19
 1399 0158 02       		.uleb128 0x2
 1400 0159 18       		.uleb128 0x18
 1401 015a 00       		.byte	0
 1402 015b 00       		.byte	0
 1403 015c 1A       		.uleb128 0x1a
 1404 015d 26       		.uleb128 0x26
 1405 015e 00       		.byte	0
 1406 015f 49       		.uleb128 0x49
 1407 0160 13       		.uleb128 0x13
 1408 0161 00       		.byte	0
 1409 0162 00       		.byte	0
 1410 0163 00       		.byte	0
 1411              		.section	.debug_aranges,"",%progbits
 1412 0000 34000000 		.4byte	0x34
 1413 0004 0200     		.2byte	0x2
 1414 0006 00000000 		.4byte	.Ldebug_info0
 1415 000a 04       		.byte	0x4
 1416 000b 00       		.byte	0
 1417 000c 0000     		.2byte	0
 1418 000e 0000     		.2byte	0
 1419 0010 00000000 		.4byte	.LFB2
 1420 0014 08000000 		.4byte	.LFE2-.LFB2
 1421 0018 00000000 		.4byte	.LFB3
 1422 001c 0E000000 		.4byte	.LFE3-.LFB3
 1423 0020 00000000 		.4byte	.LFB4
 1424 0024 84000000 		.4byte	.LFE4-.LFB4
 1425 0028 00000000 		.4byte	.LFB5
 1426 002c 84000000 		.4byte	.LFE5-.LFB5
 1427 0030 00000000 		.4byte	0
 1428 0034 00000000 		.4byte	0
 1429              		.section	.debug_ranges,"",%progbits
 1430              	.Ldebug_ranges0:
 1431 0000 00000000 		.4byte	.LFB2
 1432 0004 08000000 		.4byte	.LFE2
 1433 0008 00000000 		.4byte	.LFB3
 1434 000c 0E000000 		.4byte	.LFE3
 1435 0010 00000000 		.4byte	.LFB4
 1436 0014 84000000 		.4byte	.LFE4
 1437 0018 00000000 		.4byte	.LFB5
 1438 001c 84000000 		.4byte	.LFE5
 1439 0020 00000000 		.4byte	0
 1440 0024 00000000 		.4byte	0
 1441              		.section	.debug_line,"",%progbits
 1442              	.Ldebug_line0:
 1443 0000 EC000000 		.section	.debug_str,"MS",%progbits,1
 1443      02008B00 
 1443      00000201 
 1443      FB0E0D00 
 1443      01010101 
 1444              	.LASF65:
ARM GAS  C:\Users\Yobely\AppData\Local\Temp\cc7YgbV3.s 			page 30


 1445 0000 4359424C 		.ascii	"CYBLE_EVT_L2CAP_CBFC_RX_CREDIT_IND\000"
 1445      455F4556 
 1445      545F4C32 
 1445      4341505F 
 1445      43424643 
 1446              	.LASF155:
 1447 0023 4359424C 		.ascii	"CYBLE_HTS_CCCD\000"
 1447      455F4854 
 1447      535F4343 
 1447      434400
 1448              	.LASF21:
 1449 0032 4359424C 		.ascii	"CYBLE_EVT_STACK_BUSY_STATUS\000"
 1449      455F4556 
 1449      545F5354 
 1449      41434B5F 
 1449      42555359 
 1450              	.LASF10:
 1451 004e 75696E74 		.ascii	"uint16\000"
 1451      313600
 1452              	.LASF64:
 1453 0055 4359424C 		.ascii	"CYBLE_EVT_L2CAP_CBFC_DATA_READ\000"
 1453      455F4556 
 1453      545F4C32 
 1453      4341505F 
 1453      43424643 
 1454              	.LASF88:
 1455 0074 4359424C 		.ascii	"CYBLE_ERROR_L2CAP_NOT_ENOUGH_CREDITS\000"
 1455      455F4552 
 1455      524F525F 
 1455      4C324341 
 1455      505F4E4F 
 1456              	.LASF109:
 1457 0099 4359424C 		.ascii	"CYBLE_GATT_ERR_REQUEST_NOT_SUPPORTED\000"
 1457      455F4741 
 1457      54545F45 
 1457      52525F52 
 1457      45515545 
 1458              	.LASF152:
 1459 00be 4359424C 		.ascii	"CYBLE_HTS_INTERM_TEMP\000"
 1459      455F4854 
 1459      535F494E 
 1459      5445524D 
 1459      5F54454D 
 1460              	.LASF104:
 1461 00d4 4359424C 		.ascii	"CYBLE_GATT_ERR_INVALID_HANDLE\000"
 1461      455F4741 
 1461      54545F45 
 1461      52525F49 
 1461      4E56414C 
 1462              	.LASF169:
 1463 00f2 4379426C 		.ascii	"CyBle_DisInit\000"
 1463      655F4469 
 1463      73496E69 
 1463      7400
 1464              	.LASF32:
 1465 0100 4359424C 		.ascii	"CYBLE_EVT_GAP_CONNECTION_UPDATE_COMPLETE\000"
 1465      455F4556 
ARM GAS  C:\Users\Yobely\AppData\Local\Temp\cc7YgbV3.s 			page 31


 1465      545F4741 
 1465      505F434F 
 1465      4E4E4543 
 1466              	.LASF63:
 1467 0129 4359424C 		.ascii	"CYBLE_EVT_L2CAP_CBFC_DISCONN_CNF\000"
 1467      455F4556 
 1467      545F4C32 
 1467      4341505F 
 1467      43424643 
 1468              	.LASF46:
 1469 014a 4359424C 		.ascii	"CYBLE_EVT_GATTC_READ_MULTI_RSP\000"
 1469      455F4556 
 1469      545F4741 
 1469      5454435F 
 1469      52454144 
 1470              	.LASF51:
 1471 0169 4359424C 		.ascii	"CYBLE_EVT_GATTS_EXEC_WRITE_REQ\000"
 1471      455F4556 
 1471      545F4741 
 1471      5454535F 
 1471      45584543 
 1472              	.LASF98:
 1473 0188 4359424C 		.ascii	"CYBLE_ERROR_NTF_DISABLED\000"
 1473      455F4552 
 1473      524F525F 
 1473      4E54465F 
 1473      44495341 
 1474              	.LASF18:
 1475 01a1 4359424C 		.ascii	"CYBLE_EVT_TIMEOUT\000"
 1475      455F4556 
 1475      545F5449 
 1475      4D454F55 
 1475      5400
 1476              	.LASF4:
 1477 01b3 6C6F6E67 		.ascii	"long int\000"
 1477      20696E74 
 1477      00
 1478              	.LASF168:
 1479 01bc 433A5C55 		.ascii	"C:\\Users\\Yobely\\Desktop\\Health Thermometer.cywr"
 1479      73657273 
 1479      5C596F62 
 1479      656C795C 
 1479      4465736B 
 1480 01eb 6B2E4172 		.ascii	"k.Archive01\\AN91184\\Health Thermometer.cydsn\000"
 1480      63686976 
 1480      6530315C 
 1480      414E3931 
 1480      3138345C 
 1481              	.LASF83:
 1482 0218 4359424C 		.ascii	"CYBLE_ERROR_L2CAP_PSM_WRONG_ENCODING\000"
 1482      455F4552 
 1482      524F525F 
 1482      4C324341 
 1482      505F5053 
 1483              	.LASF131:
 1484 023d 4359424C 		.ascii	"CYBLE_GATT_VALUE_T\000"
 1484      455F4741 
ARM GAS  C:\Users\Yobely\AppData\Local\Temp\cc7YgbV3.s 			page 32


 1484      54545F56 
 1484      414C5545 
 1484      5F5400
 1485              	.LASF20:
 1486 0250 4359424C 		.ascii	"CYBLE_EVT_HCI_STATUS\000"
 1486      455F4556 
 1486      545F4843 
 1486      495F5354 
 1486      41545553 
 1487              	.LASF33:
 1488 0265 4359424C 		.ascii	"CYBLE_EVT_GAPC_SCAN_START_STOP\000"
 1488      455F4556 
 1488      545F4741 
 1488      50435F53 
 1488      43414E5F 
 1489              	.LASF68:
 1490 0284 4359424C 		.ascii	"CYBLE_EVT_PENDING_FLASH_WRITE\000"
 1490      455F4556 
 1490      545F5045 
 1490      4E44494E 
 1490      475F464C 
 1491              	.LASF82:
 1492 02a2 4359424C 		.ascii	"CYBLE_ERROR_SEC_FAILED\000"
 1492      455F4552 
 1492      524F525F 
 1492      5345435F 
 1492      4641494C 
 1493              	.LASF31:
 1494 02b9 4359424C 		.ascii	"CYBLE_EVT_GAP_ENCRYPT_CHANGE\000"
 1494      455F4556 
 1494      545F4741 
 1494      505F454E 
 1494      43525950 
 1495              	.LASF108:
 1496 02d6 4359424C 		.ascii	"CYBLE_GATT_ERR_INSUFFICIENT_AUTHENTICATION\000"
 1496      455F4741 
 1496      54545F45 
 1496      52525F49 
 1496      4E535546 
 1497              	.LASF6:
 1498 0301 6C6F6E67 		.ascii	"long long int\000"
 1498      206C6F6E 
 1498      6720696E 
 1498      7400
 1499              	.LASF0:
 1500 030f 7369676E 		.ascii	"signed char\000"
 1500      65642063 
 1500      68617200 
 1501              	.LASF17:
 1502 031b 4359424C 		.ascii	"CYBLE_EVT_STACK_ON\000"
 1502      455F4556 
 1502      545F5354 
 1502      41434B5F 
 1502      4F4E00
 1503              	.LASF129:
 1504 032e 4359424C 		.ascii	"CYBLE_GATT_DB_ATTR_HANDLE_T\000"
 1504      455F4741 
ARM GAS  C:\Users\Yobely\AppData\Local\Temp\cc7YgbV3.s 			page 33


 1504      54545F44 
 1504      425F4154 
 1504      54525F48 
 1505              	.LASF151:
 1506 034a 4359424C 		.ascii	"CYBLE_HTS_TEMP_TYPE\000"
 1506      455F4854 
 1506      535F5445 
 1506      4D505F54 
 1506      59504500 
 1507              	.LASF91:
 1508 035e 4359424C 		.ascii	"CYBLE_ERROR_DEVICE_ALREADY_EXISTS\000"
 1508      455F4552 
 1508      524F525F 
 1508      44455649 
 1508      43455F41 
 1509              	.LASF77:
 1510 0380 4359424C 		.ascii	"CYBLE_ERROR_NO_DEVICE_ENTITY\000"
 1510      455F4552 
 1510      524F525F 
 1510      4E4F5F44 
 1510      45564943 
 1511              	.LASF130:
 1512 039d 61637475 		.ascii	"actualLen\000"
 1512      616C4C65 
 1512      6E00
 1513              	.LASF23:
 1514 03a7 4359424C 		.ascii	"CYBLE_EVT_GAP_AUTH_REQ\000"
 1514      455F4556 
 1514      545F4741 
 1514      505F4155 
 1514      54485F52 
 1515              	.LASF44:
 1516 03be 4359424C 		.ascii	"CYBLE_EVT_GATTC_READ_RSP\000"
 1516      455F4556 
 1516      545F4741 
 1516      5454435F 
 1516      52454144 
 1517              	.LASF107:
 1518 03d7 4359424C 		.ascii	"CYBLE_GATT_ERR_INVALID_PDU\000"
 1518      455F4741 
 1518      54545F45 
 1518      52525F49 
 1518      4E56414C 
 1519              	.LASF101:
 1520 03f2 4359424C 		.ascii	"CYBLE_ERROR_INVALID_STATE\000"
 1520      455F4552 
 1520      524F525F 
 1520      494E5641 
 1520      4C49445F 
 1521              	.LASF49:
 1522 040c 4359424C 		.ascii	"CYBLE_EVT_GATTS_WRITE_CMD_REQ\000"
 1522      455F4556 
 1522      545F4741 
 1522      5454535F 
 1522      57524954 
 1523              	.LASF95:
 1524 042a 4359424C 		.ascii	"CYBLE_INCL_DISC_DONE\000"
ARM GAS  C:\Users\Yobely\AppData\Local\Temp\cc7YgbV3.s 			page 34


 1524      455F494E 
 1524      434C5F44 
 1524      4953435F 
 1524      444F4E45 
 1525              	.LASF28:
 1526 043f 4359424C 		.ascii	"CYBLE_EVT_GAPP_ADVERTISEMENT_START_STOP\000"
 1526      455F4556 
 1526      545F4741 
 1526      50505F41 
 1526      44564552 
 1527              	.LASF89:
 1528 0467 4359424C 		.ascii	"CYBLE_ERROR_L2CAP_PSM_NOT_IN_RANGE\000"
 1528      455F4552 
 1528      524F525F 
 1528      4C324341 
 1528      505F5053 
 1529              	.LASF9:
 1530 048a 75696E74 		.ascii	"uint8\000"
 1530      3800
 1531              	.LASF52:
 1532 0490 4359424C 		.ascii	"CYBLE_EVT_GATTC_EXEC_WRITE_RSP\000"
 1532      455F4556 
 1532      545F4741 
 1532      5454435F 
 1532      45584543 
 1533              	.LASF13:
 1534 04af 646F7562 		.ascii	"double\000"
 1534      6C6500
 1535              	.LASF71:
 1536 04b6 4359424C 		.ascii	"CYBLE_ERROR_INVALID_PARAMETER\000"
 1536      455F4552 
 1536      524F525F 
 1536      494E5641 
 1536      4C49445F 
 1537              	.LASF119:
 1538 04d4 4359424C 		.ascii	"CYBLE_GATT_ERR_UNSUPPORTED_GROUP_TYPE\000"
 1538      455F4741 
 1538      54545F45 
 1538      52525F55 
 1538      4E535550 
 1539              	.LASF140:
 1540 04fa 4359424C 		.ascii	"CYBLE_DIS_FIRMWARE_REV\000"
 1540      455F4449 
 1540      535F4649 
 1540      524D5741 
 1540      52455F52 
 1541              	.LASF11:
 1542 0511 75696E74 		.ascii	"uint32\000"
 1542      333200
 1543              	.LASF139:
 1544 0518 4359424C 		.ascii	"CYBLE_DIS_HARDWARE_REV\000"
 1544      455F4449 
 1544      535F4841 
 1544      52445741 
 1544      52455F52 
 1545              	.LASF69:
 1546 052f 4359424C 		.ascii	"CYBLE_EVT_MAX\000"
ARM GAS  C:\Users\Yobely\AppData\Local\Temp\cc7YgbV3.s 			page 35


 1546      455F4556 
 1546      545F4D41 
 1546      5800
 1547              	.LASF70:
 1548 053d 4359424C 		.ascii	"CYBLE_ERROR_OK\000"
 1548      455F4552 
 1548      524F525F 
 1548      4F4B00
 1549              	.LASF103:
 1550 054c 4359424C 		.ascii	"CYBLE_GATT_ERR_NONE\000"
 1550      455F4741 
 1550      54545F45 
 1550      52525F4E 
 1550      4F4E4500 
 1551              	.LASF57:
 1552 0560 4359424C 		.ascii	"CYBLE_EVT_L2CAP_CONN_PARAM_UPDATE_REQ\000"
 1552      455F4556 
 1552      545F4C32 
 1552      4341505F 
 1552      434F4E4E 
 1553              	.LASF105:
 1554 0586 4359424C 		.ascii	"CYBLE_GATT_ERR_READ_NOT_PERMITTED\000"
 1554      455F4741 
 1554      54545F45 
 1554      52525F52 
 1554      4541445F 
 1555              	.LASF67:
 1556 05a8 4359424C 		.ascii	"CYBLE_EVT_L2CAP_CBFC_DATA_WRITE_IND\000"
 1556      455F4556 
 1556      545F4C32 
 1556      4341505F 
 1556      43424643 
 1557              	.LASF79:
 1558 05cc 4359424C 		.ascii	"CYBLE_ERROR_GAP_ROLE\000"
 1558      455F4552 
 1558      524F525F 
 1558      4741505F 
 1558      524F4C45 
 1559              	.LASF133:
 1560 05e1 61747472 		.ascii	"attrHandle\000"
 1560      48616E64 
 1560      6C6500
 1561              	.LASF7:
 1562 05ec 6C6F6E67 		.ascii	"long long unsigned int\000"
 1562      206C6F6E 
 1562      6720756E 
 1562      7369676E 
 1562      65642069 
 1563              	.LASF132:
 1564 0603 76616C75 		.ascii	"value\000"
 1564      6500
 1565              	.LASF73:
 1566 0609 4359424C 		.ascii	"CYBLE_ERROR_MEMORY_ALLOCATION_FAILED\000"
 1566      455F4552 
 1566      524F525F 
 1566      4D454D4F 
 1566      52595F41 
ARM GAS  C:\Users\Yobely\AppData\Local\Temp\cc7YgbV3.s 			page 36


 1567              	.LASF75:
 1568 062e 4359424C 		.ascii	"CYBLE_ERROR_OOB_NOT_AVAILABLE\000"
 1568      455F4552 
 1568      524F525F 
 1568      4F4F425F 
 1568      4E4F545F 
 1569              	.LASF37:
 1570 064c 4359424C 		.ascii	"CYBLE_EVT_GATT_DISCONNECT_IND\000"
 1570      455F4556 
 1570      545F4741 
 1570      54545F44 
 1570      4953434F 
 1571              	.LASF123:
 1572 066a 4359424C 		.ascii	"CYBLE_GATTS_ERR_PROCEDURE_ALREADY_IN_PROGRESS\000"
 1572      455F4741 
 1572      5454535F 
 1572      4552525F 
 1572      50524F43 
 1573              	.LASF84:
 1574 0698 4359424C 		.ascii	"CYBLE_ERROR_L2CAP_PSM_ALREADY_REGISTERED\000"
 1574      455F4552 
 1574      524F525F 
 1574      4C324341 
 1574      505F5053 
 1575              	.LASF5:
 1576 06c1 6C6F6E67 		.ascii	"long unsigned int\000"
 1576      20756E73 
 1576      69676E65 
 1576      6420696E 
 1576      7400
 1577              	.LASF113:
 1578 06d3 4359424C 		.ascii	"CYBLE_GATT_ERR_ATTRIBUTE_NOT_FOUND\000"
 1578      455F4741 
 1578      54545F45 
 1578      52525F41 
 1578      54545249 
 1579              	.LASF47:
 1580 06f6 4359424C 		.ascii	"CYBLE_EVT_GATTS_WRITE_REQ\000"
 1580      455F4556 
 1580      545F4741 
 1580      5454535F 
 1580      57524954 
 1581              	.LASF39:
 1582 0710 4359424C 		.ascii	"CYBLE_EVT_GATTC_XCHNG_MTU_RSP\000"
 1582      455F4556 
 1582      545F4741 
 1582      5454435F 
 1582      5843484E 
 1583              	.LASF56:
 1584 072e 4359424C 		.ascii	"CYBLE_EVT_GATTS_DATA_SIGNED_CMD_REQ\000"
 1584      455F4556 
 1584      545F4741 
 1584      5454535F 
 1584      44415441 
 1585              	.LASF153:
 1586 0752 4359424C 		.ascii	"CYBLE_HTS_MEASURE_INTERVAL\000"
 1586      455F4854 
ARM GAS  C:\Users\Yobely\AppData\Local\Temp\cc7YgbV3.s 			page 37


 1586      535F4D45 
 1586      41535552 
 1586      455F494E 
 1587              	.LASF87:
 1588 076d 4359424C 		.ascii	"CYBLE_ERROR_L2CAP_CHANNEL_NOT_FOUND\000"
 1588      455F4552 
 1588      524F525F 
 1588      4C324341 
 1588      505F4348 
 1589              	.LASF106:
 1590 0791 4359424C 		.ascii	"CYBLE_GATT_ERR_WRITE_NOT_PERMITTED\000"
 1590      455F4741 
 1590      54545F45 
 1590      52525F57 
 1590      52495445 
 1591              	.LASF114:
 1592 07b4 4359424C 		.ascii	"CYBLE_GATT_ERR_ATTRIBUTE_NOT_LONG\000"
 1592      455F4741 
 1592      54545F45 
 1592      52525F41 
 1592      54545249 
 1593              	.LASF16:
 1594 07d6 4359424C 		.ascii	"CYBLE_EVT_HOST_INVALID\000"
 1594      455F4556 
 1594      545F484F 
 1594      53545F49 
 1594      4E56414C 
 1595              	.LASF42:
 1596 07ed 4359424C 		.ascii	"CYBLE_EVT_GATTC_FIND_INFO_RSP\000"
 1596      455F4556 
 1596      545F4741 
 1596      5454435F 
 1596      46494E44 
 1597              	.LASF115:
 1598 080b 4359424C 		.ascii	"CYBLE_GATT_ERR_INSUFFICIENT_ENC_KEY_SIZE\000"
 1598      455F4741 
 1598      54545F45 
 1598      52525F49 
 1598      4E535546 
 1599              	.LASF164:
 1600 0834 4379426C 		.ascii	"CyBle_DissSetCharacteristicValue\000"
 1600      655F4469 
 1600      73735365 
 1600      74436861 
 1600      72616374 
 1601              	.LASF29:
 1602 0855 4359424C 		.ascii	"CYBLE_EVT_GAP_DEVICE_CONNECTED\000"
 1602      455F4556 
 1602      545F4741 
 1602      505F4445 
 1602      56494345 
 1603              	.LASF171:
 1604 0874 6379426C 		.ascii	"cyBle_diss\000"
 1604      655F6469 
 1604      737300
 1605              	.LASF144:
 1606 087f 4359424C 		.ascii	"CYBLE_DIS_PNP_ID\000"
ARM GAS  C:\Users\Yobely\AppData\Local\Temp\cc7YgbV3.s 			page 38


 1606      455F4449 
 1606      535F504E 
 1606      505F4944 
 1606      00
 1607              	.LASF2:
 1608 0890 73686F72 		.ascii	"short int\000"
 1608      7420696E 
 1608      7400
 1609              	.LASF25:
 1610 089a 4359424C 		.ascii	"CYBLE_EVT_GAP_PASSKEY_DISPLAY_REQUEST\000"
 1610      455F4556 
 1610      545F4741 
 1610      505F5041 
 1610      53534B45 
 1611              	.LASF147:
 1612 08c0 73657276 		.ascii	"serviceHandle\000"
 1612      69636548 
 1612      616E646C 
 1612      6500
 1613              	.LASF36:
 1614 08ce 4359424C 		.ascii	"CYBLE_EVT_GATT_CONNECT_IND\000"
 1614      455F4556 
 1614      545F4741 
 1614      54545F43 
 1614      4F4E4E45 
 1615              	.LASF92:
 1616 08e9 4359424C 		.ascii	"CYBLE_ERROR_FLASH_WRITE_NOT_PERMITED\000"
 1616      455F4552 
 1616      524F525F 
 1616      464C4153 
 1616      485F5752 
 1617              	.LASF59:
 1618 090e 4359424C 		.ascii	"CYBLE_EVT_L2CAP_COMMAND_REJ\000"
 1618      455F4556 
 1618      545F4C32 
 1618      4341505F 
 1618      434F4D4D 
 1619              	.LASF122:
 1620 092a 4359424C 		.ascii	"CYBLE_GATT_ERR_CPS_INAPPROPRIATE_CONNECTION_PARAMET"
 1620      455F4741 
 1620      54545F45 
 1620      52525F43 
 1620      50535F49 
 1621 095d 45525300 		.ascii	"ERS\000"
 1622              	.LASF150:
 1623 0961 4359424C 		.ascii	"CYBLE_HTS_TEMP_MEASURE\000"
 1623      455F4854 
 1623      535F5445 
 1623      4D505F4D 
 1623      45415355 
 1624              	.LASF142:
 1625 0978 4359424C 		.ascii	"CYBLE_DIS_SYSTEM_ID\000"
 1625      455F4449 
 1625      535F5359 
 1625      5354454D 
 1625      5F494400 
 1626              	.LASF97:
ARM GAS  C:\Users\Yobely\AppData\Local\Temp\cc7YgbV3.s 			page 39


 1627 098c 4359424C 		.ascii	"CYBLE_DESCR_DISC_DONE\000"
 1627      455F4445 
 1627      5343525F 
 1627      44495343 
 1627      5F444F4E 
 1628              	.LASF94:
 1629 09a2 4359424C 		.ascii	"CYBLE_ERROR_MAX\000"
 1629      455F4552 
 1629      524F525F 
 1629      4D415800 
 1630              	.LASF60:
 1631 09b2 4359424C 		.ascii	"CYBLE_EVT_L2CAP_CBFC_CONN_IND\000"
 1631      455F4556 
 1631      545F4C32 
 1631      4341505F 
 1631      43424643 
 1632              	.LASF41:
 1633 09d0 4359424C 		.ascii	"CYBLE_EVT_GATTC_READ_BY_TYPE_RSP\000"
 1633      455F4556 
 1633      545F4741 
 1633      5454435F 
 1633      52454144 
 1634              	.LASF15:
 1635 09f1 73697A65 		.ascii	"sizetype\000"
 1635      74797065 
 1635      00
 1636              	.LASF120:
 1637 09fa 4359424C 		.ascii	"CYBLE_GATT_ERR_INSUFFICIENT_RESOURCE\000"
 1637      455F4741 
 1637      54545F45 
 1637      52525F49 
 1637      4E535546 
 1638              	.LASF27:
 1639 0a1f 4359424C 		.ascii	"CYBLE_EVT_GAP_AUTH_FAILED\000"
 1639      455F4556 
 1639      545F4741 
 1639      505F4155 
 1639      54485F46 
 1640              	.LASF156:
 1641 0a39 4359424C 		.ascii	"CYBLE_HTS_VRD\000"
 1641      455F4854 
 1641      535F5652 
 1641      4400
 1642              	.LASF48:
 1643 0a47 4359424C 		.ascii	"CYBLE_EVT_GATTC_WRITE_RSP\000"
 1643      455F4556 
 1643      545F4741 
 1643      5454435F 
 1643      57524954 
 1644              	.LASF165:
 1645 0a61 4379426C 		.ascii	"CyBle_DissGetCharacteristicValue\000"
 1645      655F4469 
 1645      73734765 
 1645      74436861 
 1645      72616374 
 1646              	.LASF111:
 1647 0a82 4359424C 		.ascii	"CYBLE_GATT_ERR_INSUFFICIENT_AUTHORIZATION\000"
ARM GAS  C:\Users\Yobely\AppData\Local\Temp\cc7YgbV3.s 			page 40


 1647      455F4741 
 1647      54545F45 
 1647      52525F49 
 1647      4E535546 
 1648              	.LASF26:
 1649 0aac 4359424C 		.ascii	"CYBLE_EVT_GAP_AUTH_COMPLETE\000"
 1649      455F4556 
 1649      545F4741 
 1649      505F4155 
 1649      54485F43 
 1650              	.LASF162:
 1651 0ac8 61706952 		.ascii	"apiResult\000"
 1651      6573756C 
 1651      7400
 1652              	.LASF102:
 1653 0ad2 4359424C 		.ascii	"CYBLE_API_RESULT_T\000"
 1653      455F4150 
 1653      495F5245 
 1653      53554C54 
 1653      5F5400
 1654              	.LASF53:
 1655 0ae5 4359424C 		.ascii	"CYBLE_EVT_GATTC_HANDLE_VALUE_NTF\000"
 1655      455F4556 
 1655      545F4741 
 1655      5454435F 
 1655      48414E44 
 1656              	.LASF99:
 1657 0b06 4359424C 		.ascii	"CYBLE_ERROR_IND_DISABLED\000"
 1657      455F4552 
 1657      524F525F 
 1657      494E445F 
 1657      44495341 
 1658              	.LASF134:
 1659 0b1f 4359424C 		.ascii	"CYBLE_GATT_HANDLE_VALUE_PAIR_T\000"
 1659      455F4741 
 1659      54545F48 
 1659      414E444C 
 1659      455F5641 
 1660              	.LASF143:
 1661 0b3e 4359424C 		.ascii	"CYBLE_DIS_REG_CERT_DATA\000"
 1661      455F4449 
 1661      535F5245 
 1661      475F4345 
 1661      52545F44 
 1662              	.LASF61:
 1663 0b56 4359424C 		.ascii	"CYBLE_EVT_L2CAP_CBFC_CONN_CNF\000"
 1663      455F4556 
 1663      545F4C32 
 1663      4341505F 
 1663      43424643 
 1664              	.LASF40:
 1665 0b74 4359424C 		.ascii	"CYBLE_EVT_GATTC_READ_BY_GROUP_TYPE_RSP\000"
 1665      455F4556 
 1665      545F4741 
 1665      5454435F 
 1665      52454144 
 1666              	.LASF12:
ARM GAS  C:\Users\Yobely\AppData\Local\Temp\cc7YgbV3.s 			page 41


 1667 0b9b 666C6F61 		.ascii	"float\000"
 1667      7400
 1668              	.LASF167:
 1669 0ba1 2E5C4765 		.ascii	".\\Generated_Source\\PSoC4\\BLE_dis.c\000"
 1669      6E657261 
 1669      7465645F 
 1669      536F7572 
 1669      63655C50 
 1670              	.LASF166:
 1671 0bc4 474E5520 		.ascii	"GNU C 4.8.4 20140526 (release) [ARM/embedded-4_8-br"
 1671      4320342E 
 1671      382E3420 
 1671      32303134 
 1671      30353236 
 1672 0bf7 616E6368 		.ascii	"anch revision 211358] -mcpu=cortex-m0 -mthumb -g -O"
 1672      20726576 
 1672      6973696F 
 1672      6E203231 
 1672      31333538 
 1673 0c2a 30202D66 		.ascii	"0 -ffunction-sections\000"
 1673      66756E63 
 1673      74696F6E 
 1673      2D736563 
 1673      74696F6E 
 1674              	.LASF112:
 1675 0c40 4359424C 		.ascii	"CYBLE_GATT_ERR_PREPARE_WRITE_QUEUE_FULL\000"
 1675      455F4741 
 1675      54545F45 
 1675      52525F50 
 1675      52455041 
 1676              	.LASF138:
 1677 0c68 4359424C 		.ascii	"CYBLE_DIS_SERIAL_NUMBER\000"
 1677      455F4449 
 1677      535F5345 
 1677      5249414C 
 1677      5F4E554D 
 1678              	.LASF80:
 1679 0c80 4359424C 		.ascii	"CYBLE_ERROR_TX_POWER_READ\000"
 1679      455F4552 
 1679      524F525F 
 1679      54585F50 
 1679      4F574552 
 1680              	.LASF158:
 1681 0c9a 63616C6C 		.ascii	"callbackFunc\000"
 1681      6261636B 
 1681      46756E63 
 1681      00
 1682              	.LASF128:
 1683 0ca7 4359424C 		.ascii	"CYBLE_GATT_ERR_OUT_OF_RANGE\000"
 1683      455F4741 
 1683      54545F45 
 1683      52525F4F 
 1683      55545F4F 
 1684              	.LASF1:
 1685 0cc3 756E7369 		.ascii	"unsigned char\000"
 1685      676E6564 
 1685      20636861 
ARM GAS  C:\Users\Yobely\AppData\Local\Temp\cc7YgbV3.s 			page 42


 1685      7200
 1686              	.LASF145:
 1687 0cd1 4359424C 		.ascii	"CYBLE_DIS_CHAR_COUNT\000"
 1687      455F4449 
 1687      535F4348 
 1687      41525F43 
 1687      4F554E54 
 1688              	.LASF116:
 1689 0ce6 4359424C 		.ascii	"CYBLE_GATT_ERR_INVALID_ATTRIBUTE_LEN\000"
 1689      455F4741 
 1689      54545F45 
 1689      52525F49 
 1689      4E56414C 
 1690              	.LASF124:
 1691 0d0b 4359424C 		.ascii	"CYBLE_GATTS_ERR_CCCD_IMPROPERLY_CONFIGURED\000"
 1691      455F4741 
 1691      5454535F 
 1691      4552525F 
 1691      43434344 
 1692              	.LASF170:
 1693 0d36 4379426C 		.ascii	"CyBle_DisRegisterAttrCallback\000"
 1693      655F4469 
 1693      73526567 
 1693      69737465 
 1693      72417474 
 1694              	.LASF100:
 1695 0d54 4359424C 		.ascii	"CYBLE_ERROR_CHAR_IS_NOT_DISCOVERED\000"
 1695      455F4552 
 1695      524F525F 
 1695      43484152 
 1695      5F49535F 
 1696              	.LASF148:
 1697 0d77 63686172 		.ascii	"charHandle\000"
 1697      48616E64 
 1697      6C6500
 1698              	.LASF154:
 1699 0d82 4359424C 		.ascii	"CYBLE_HTS_CHAR_COUNT\000"
 1699      455F4854 
 1699      535F4348 
 1699      41525F43 
 1699      4F554E54 
 1700              	.LASF54:
 1701 0d97 4359424C 		.ascii	"CYBLE_EVT_GATTC_HANDLE_VALUE_IND\000"
 1701      455F4556 
 1701      545F4741 
 1701      5454435F 
 1701      48414E44 
 1702              	.LASF76:
 1703 0db8 4359424C 		.ascii	"CYBLE_ERROR_NO_CONNECTION\000"
 1703      455F4552 
 1703      524F525F 
 1703      4E4F5F43 
 1703      4F4E4E45 
 1704              	.LASF141:
 1705 0dd2 4359424C 		.ascii	"CYBLE_DIS_SOFTWARE_REV\000"
 1705      455F4449 
 1705      535F534F 
ARM GAS  C:\Users\Yobely\AppData\Local\Temp\cc7YgbV3.s 			page 43


 1705      46545741 
 1705      52455F52 
 1706              	.LASF125:
 1707 0de9 4359424C 		.ascii	"CYBLE_GATT_ERR_ANS_COMMAND_NOT_SUPPORTED\000"
 1707      455F4741 
 1707      54545F45 
 1707      52525F41 
 1707      4E535F43 
 1708              	.LASF50:
 1709 0e12 4359424C 		.ascii	"CYBLE_EVT_GATTS_PREP_WRITE_REQ\000"
 1709      455F4556 
 1709      545F4741 
 1709      5454535F 
 1709      50524550 
 1710              	.LASF161:
 1711 0e31 61747472 		.ascii	"attrValue\000"
 1711      56616C75 
 1711      6500
 1712              	.LASF55:
 1713 0e3b 4359424C 		.ascii	"CYBLE_EVT_GATTS_HANDLE_VALUE_CNF\000"
 1713      455F4556 
 1713      545F4741 
 1713      5454535F 
 1713      48414E44 
 1714              	.LASF126:
 1715 0e5c 4359424C 		.ascii	"CYBLE_GATT_ERR_CCCD_IMPROPERLY_CONFIGURED\000"
 1715      455F4741 
 1715      54545F45 
 1715      52525F43 
 1715      4343445F 
 1716              	.LASF121:
 1717 0e86 4359424C 		.ascii	"CYBLE_GATT_ERR_HEART_RATE_CONTROL_POINT_NOT_SUPPORT"
 1717      455F4741 
 1717      54545F45 
 1717      52525F48 
 1717      45415254 
 1718 0eb9 454400   		.ascii	"ED\000"
 1719              	.LASF14:
 1720 0ebc 63686172 		.ascii	"char\000"
 1720      00
 1721              	.LASF137:
 1722 0ec1 4359424C 		.ascii	"CYBLE_DIS_MODEL_NUMBER\000"
 1722      455F4449 
 1722      535F4D4F 
 1722      44454C5F 
 1722      4E554D42 
 1723              	.LASF81:
 1724 0ed8 4359424C 		.ascii	"CYBLE_ERROR_BT_ON_NOT_COMPLETED\000"
 1724      455F4552 
 1724      524F525F 
 1724      42545F4F 
 1724      4E5F4E4F 
 1725              	.LASF30:
 1726 0ef8 4359424C 		.ascii	"CYBLE_EVT_GAP_DEVICE_DISCONNECTED\000"
 1726      455F4556 
 1726      545F4741 
 1726      505F4445 
ARM GAS  C:\Users\Yobely\AppData\Local\Temp\cc7YgbV3.s 			page 44


 1726      56494345 
 1727              	.LASF8:
 1728 0f1a 756E7369 		.ascii	"unsigned int\000"
 1728      676E6564 
 1728      20696E74 
 1728      00
 1729              	.LASF66:
 1730 0f27 4359424C 		.ascii	"CYBLE_EVT_L2CAP_CBFC_TX_CREDIT_IND\000"
 1730      455F4556 
 1730      545F4C32 
 1730      4341505F 
 1730      43424643 
 1731              	.LASF117:
 1732 0f4a 4359424C 		.ascii	"CYBLE_GATT_ERR_UNLIKELY_ERROR\000"
 1732      455F4741 
 1732      54545F45 
 1732      52525F55 
 1732      4E4C494B 
 1733              	.LASF157:
 1734 0f68 4359424C 		.ascii	"CYBLE_HTS_DESCR_COUNT\000"
 1734      455F4854 
 1734      535F4445 
 1734      5343525F 
 1734      434F554E 
 1735              	.LASF86:
 1736 0f7e 4359424C 		.ascii	"CYBLE_ERROR_L2CAP_CONNECTION_ENTITY_NOT_FOUND\000"
 1736      455F4552 
 1736      524F525F 
 1736      4C324341 
 1736      505F434F 
 1737              	.LASF127:
 1738 0fac 4359424C 		.ascii	"CYBLE_GATT_ERR_PROCEDURE_ALREADY_IN_PROGRESS\000"
 1738      455F4741 
 1738      54545F45 
 1738      52525F50 
 1738      524F4345 
 1739              	.LASF19:
 1740 0fd9 4359424C 		.ascii	"CYBLE_EVT_HARDWARE_ERROR\000"
 1740      455F4556 
 1740      545F4841 
 1740      52445741 
 1740      52455F45 
 1741              	.LASF3:
 1742 0ff2 73686F72 		.ascii	"short unsigned int\000"
 1742      7420756E 
 1742      7369676E 
 1742      65642069 
 1742      6E7400
 1743              	.LASF35:
 1744 1005 4359424C 		.ascii	"CYBLE_EVT_GATTC_ERROR_RSP\000"
 1744      455F4556 
 1744      545F4741 
 1744      5454435F 
 1744      4552524F 
 1745              	.LASF72:
 1746 101f 4359424C 		.ascii	"CYBLE_ERROR_INVALID_OPERATION\000"
 1746      455F4552 
ARM GAS  C:\Users\Yobely\AppData\Local\Temp\cc7YgbV3.s 			page 45


 1746      524F525F 
 1746      494E5641 
 1746      4C49445F 
 1747              	.LASF118:
 1748 103d 4359424C 		.ascii	"CYBLE_GATT_ERR_INSUFFICIENT_ENCRYPTION\000"
 1748      455F4741 
 1748      54545F45 
 1748      52525F49 
 1748      4E535546 
 1749              	.LASF135:
 1750 1064 4359424C 		.ascii	"CYBLE_CALLBACK_T\000"
 1750      455F4341 
 1750      4C4C4241 
 1750      434B5F54 
 1750      00
 1751              	.LASF38:
 1752 1075 4359424C 		.ascii	"CYBLE_EVT_GATTS_XCNHG_MTU_REQ\000"
 1752      455F4556 
 1752      545F4741 
 1752      5454535F 
 1752      58434E48 
 1753              	.LASF146:
 1754 1093 4359424C 		.ascii	"CYBLE_DIS_CHAR_INDEX_T\000"
 1754      455F4449 
 1754      535F4348 
 1754      41525F49 
 1754      4E444558 
 1755              	.LASF159:
 1756 10aa 63686172 		.ascii	"charIndex\000"
 1756      496E6465 
 1756      7800
 1757              	.LASF74:
 1758 10b4 4359424C 		.ascii	"CYBLE_ERROR_INSUFFICIENT_RESOURCES\000"
 1758      455F4552 
 1758      524F525F 
 1758      494E5355 
 1758      46464943 
 1759              	.LASF24:
 1760 10d7 4359424C 		.ascii	"CYBLE_EVT_GAP_PASSKEY_ENTRY_REQUEST\000"
 1760      455F4556 
 1760      545F4741 
 1760      505F5041 
 1760      53534B45 
 1761              	.LASF45:
 1762 10fb 4359424C 		.ascii	"CYBLE_EVT_GATTC_READ_BLOB_RSP\000"
 1762      455F4556 
 1762      545F4741 
 1762      5454435F 
 1762      52454144 
 1763              	.LASF110:
 1764 1119 4359424C 		.ascii	"CYBLE_GATT_ERR_INVALID_OFFSET\000"
 1764      455F4741 
 1764      54545F45 
 1764      52525F49 
 1764      4E56414C 
 1765              	.LASF93:
 1766 1137 4359424C 		.ascii	"CYBLE_ERROR_MIC_AUTH_FAILED\000"
ARM GAS  C:\Users\Yobely\AppData\Local\Temp\cc7YgbV3.s 			page 46


 1766      455F4552 
 1766      524F525F 
 1766      4D49435F 
 1766      41555448 
 1767              	.LASF85:
 1768 1153 4359424C 		.ascii	"CYBLE_ERROR_L2CAP_PSM_NOT_REGISTERED\000"
 1768      455F4552 
 1768      524F525F 
 1768      4C324341 
 1768      505F5053 
 1769              	.LASF43:
 1770 1178 4359424C 		.ascii	"CYBLE_EVT_GATTC_FIND_BY_TYPE_VALUE_RSP\000"
 1770      455F4556 
 1770      545F4741 
 1770      5454435F 
 1770      46494E44 
 1771              	.LASF149:
 1772 119f 4359424C 		.ascii	"CYBLE_DISS_T\000"
 1772      455F4449 
 1772      53535F54 
 1772      00
 1773              	.LASF34:
 1774 11ac 4359424C 		.ascii	"CYBLE_EVT_GAP_KEYINFO_EXCHNGE_CMPLT\000"
 1774      455F4556 
 1774      545F4741 
 1774      505F4B45 
 1774      59494E46 
 1775              	.LASF163:
 1776 11d0 6C6F6348 		.ascii	"locHandleValuePair\000"
 1776      616E646C 
 1776      6556616C 
 1776      75655061 
 1776      697200
 1777              	.LASF62:
 1778 11e3 4359424C 		.ascii	"CYBLE_EVT_L2CAP_CBFC_DISCONN_IND\000"
 1778      455F4556 
 1778      545F4C32 
 1778      4341505F 
 1778      43424643 
 1779              	.LASF96:
 1780 1204 4359424C 		.ascii	"CYBLE_CHAR_DISC_DONE\000"
 1780      455F4348 
 1780      41525F44 
 1780      4953435F 
 1780      444F4E45 
 1781              	.LASF58:
 1782 1219 4359424C 		.ascii	"CYBLE_EVT_L2CAP_CONN_PARAM_UPDATE_RSP\000"
 1782      455F4556 
 1782      545F4C32 
 1782      4341505F 
 1782      434F4E4E 
 1783              	.LASF136:
 1784 123f 4359424C 		.ascii	"CYBLE_DIS_MANUFACTURER_NAME\000"
 1784      455F4449 
 1784      535F4D41 
 1784      4E554641 
 1784      43545552 
ARM GAS  C:\Users\Yobely\AppData\Local\Temp\cc7YgbV3.s 			page 47


 1785              	.LASF22:
 1786 125b 4359424C 		.ascii	"CYBLE_EVT_GAPC_SCAN_PROGRESS_RESULT\000"
 1786      455F4556 
 1786      545F4741 
 1786      50435F53 
 1786      43414E5F 
 1787              	.LASF160:
 1788 127f 61747472 		.ascii	"attrSize\000"
 1788      53697A65 
 1788      00
 1789              	.LASF90:
 1790 1288 4359424C 		.ascii	"CYBLE_ERROR_GATT_DB_INVALID_ATTR_HANDLE\000"
 1790      455F4552 
 1790      524F525F 
 1790      47415454 
 1790      5F44425F 
 1791              	.LASF78:
 1792 12b0 4359424C 		.ascii	"CYBLE_ERROR_REPEATED_ATTEMPTS\000"
 1792      455F4552 
 1792      524F525F 
 1792      52455045 
 1792      41544544 
 1793              		.ident	"GCC: (GNU Tools for ARM Embedded Processors) 4.8.4 20140526 (release) [ARM/embedded-4_8-br
