ARM GAS  C:\Users\Yobely\AppData\Local\Temp\cc1Nz6Fg.s 			page 1


   1              		.cpu cortex-m0
   2              		.fpu softvfp
   3              		.eabi_attribute 20, 1
   4              		.eabi_attribute 21, 1
   5              		.eabi_attribute 23, 3
   6              		.eabi_attribute 24, 1
   7              		.eabi_attribute 25, 1
   8              		.eabi_attribute 26, 1
   9              		.eabi_attribute 30, 6
  10              		.eabi_attribute 34, 0
  11              		.eabi_attribute 18, 4
  12              		.code	16
  13              		.file	"CommonFunctions.c"
  14              		.text
  15              	.Ltext0:
  16              		.cfi_sections	.debug_frame
  17              		.global	SystemFlag
  18              		.bss
  19              		.align	2
  20              		.type	SystemFlag, %object
  21              		.size	SystemFlag, 4
  22              	SystemFlag:
  23 0000 00000000 		.space	4
  24              		.section	.text.InitializeSystem,"ax",%progbits
  25              		.align	2
  26              		.global	InitializeSystem
  27              		.code	16
  28              		.thumb_func
  29              		.type	InitializeSystem, %function
  30              	InitializeSystem:
  31              	.LFB35:
  32              		.file 1 ".\\CommonFunctions.c"
   1:.\CommonFunctions.c **** /****************************************************************************
   2:.\CommonFunctions.c **** * File Name: CommonFunctions.c
   3:.\CommonFunctions.c **** *
   4:.\CommonFunctions.c **** * Version: 1.0
   5:.\CommonFunctions.c **** *
   6:.\CommonFunctions.c **** * Description:
   7:.\CommonFunctions.c **** * This file implements the common functions used by the application.
   8:.\CommonFunctions.c **** *
   9:.\CommonFunctions.c **** * Note:
  10:.\CommonFunctions.c **** * 
  11:.\CommonFunctions.c **** * Owner:
  12:.\CommonFunctions.c **** * PMAD
  13:.\CommonFunctions.c **** *
  14:.\CommonFunctions.c **** ******************************************************************************
  15:.\CommonFunctions.c **** * Copyright (2014), Cypress Semiconductor Corporation.
  16:.\CommonFunctions.c **** ******************************************************************************
  17:.\CommonFunctions.c **** * This software is owned by Cypress Semiconductor Corporation (Cypress) and is
  18:.\CommonFunctions.c **** * protected by and subject to worldwide patent protection (United States and
  19:.\CommonFunctions.c **** * foreign), United States copyright laws and international treaty provisions.
  20:.\CommonFunctions.c **** * Cypress hereby grants to licensee a personal, non-exclusive, non-transferable
  21:.\CommonFunctions.c **** * license to copy, use, modify, create derivative works of, and compile the
  22:.\CommonFunctions.c **** * Cypress Source Code and derivative works for the sole purpose of creating
  23:.\CommonFunctions.c **** * custom software in support of licensee product to be used only in conjunction
  24:.\CommonFunctions.c **** * with a Cypress integrated circuit as specified in the applicable agreement.
  25:.\CommonFunctions.c **** * Any reproduction, modification, translation, compilation, or representation of
ARM GAS  C:\Users\Yobely\AppData\Local\Temp\cc1Nz6Fg.s 			page 2


  26:.\CommonFunctions.c **** * this software except as specified above is prohibited without the express
  27:.\CommonFunctions.c **** * written permission of Cypress.
  28:.\CommonFunctions.c **** *
  29:.\CommonFunctions.c **** * Disclaimer: CYPRESS MAKES NO WARRANTY OF ANY KIND, EXPRESS OR IMPLIED, WITH
  30:.\CommonFunctions.c **** * REGARD TO THIS MATERIAL, INCLUDING, BUT NOT LIMITED TO, THE IMPLIED
  31:.\CommonFunctions.c **** * WARRANTIES OF MERCHANTABILITY AND FITNESS FOR A PARTICULAR PURPOSE.
  32:.\CommonFunctions.c **** * Cypress reserves the right to make changes without further notice to the
  33:.\CommonFunctions.c **** * materials described herein. Cypress does not assume any liability arising out
  34:.\CommonFunctions.c **** * of the application or use of any product or circuit described herein. Cypress
  35:.\CommonFunctions.c **** * does not authorize its products for use as critical components in life-support
  36:.\CommonFunctions.c **** * systems where a malfunction or failure may reasonably be expected to result in
  37:.\CommonFunctions.c **** * significant injury to the user. The inclusion of Cypress' product in a life-
  38:.\CommonFunctions.c **** * support systems application implies that the manufacturer assumes all risk of
  39:.\CommonFunctions.c **** * such use and in doing so indemnifies Cypress against all charges. Use may be
  40:.\CommonFunctions.c **** * limited by and subject to the applicable Cypress software license agreement.
  41:.\CommonFunctions.c **** *****************************************************************************/
  42:.\CommonFunctions.c **** 
  43:.\CommonFunctions.c **** 
  44:.\CommonFunctions.c **** /*****************************************************************************
  45:.\CommonFunctions.c **** * Included headers
  46:.\CommonFunctions.c **** *****************************************************************************/
  47:.\CommonFunctions.c **** #include "CommonFunctions.h"
  48:.\CommonFunctions.c **** #include "BLE_HTSS.h"
  49:.\CommonFunctions.c **** 
  50:.\CommonFunctions.c **** /*****************************************************************************
  51:.\CommonFunctions.c **** * Macros and constants
  52:.\CommonFunctions.c **** *****************************************************************************/
  53:.\CommonFunctions.c **** #define             DRIVE_HIGH              (1u)
  54:.\CommonFunctions.c **** #define             DRIVE_LOW               (0u)
  55:.\CommonFunctions.c **** 
  56:.\CommonFunctions.c **** /* System Flag used to indicate system status */
  57:.\CommonFunctions.c **** uint32 SystemFlag = 0;
  58:.\CommonFunctions.c **** 
  59:.\CommonFunctions.c **** /*****************************************************************************
  60:.\CommonFunctions.c **** * Function Definitions
  61:.\CommonFunctions.c **** *****************************************************************************/
  62:.\CommonFunctions.c **** 
  63:.\CommonFunctions.c **** /*****************************************************************************
  64:.\CommonFunctions.c **** * Public Functions
  65:.\CommonFunctions.c **** *****************************************************************************/
  66:.\CommonFunctions.c **** 
  67:.\CommonFunctions.c **** /*****************************************************************************
  68:.\CommonFunctions.c **** * Function Name: InitializeSystem()
  69:.\CommonFunctions.c **** ******************************************************************************
  70:.\CommonFunctions.c **** * Summary:
  71:.\CommonFunctions.c **** * Initializes the complete system resources. 
  72:.\CommonFunctions.c **** *
  73:.\CommonFunctions.c **** * Parameters:
  74:.\CommonFunctions.c **** * None
  75:.\CommonFunctions.c **** *
  76:.\CommonFunctions.c **** * Return:
  77:.\CommonFunctions.c **** * None
  78:.\CommonFunctions.c **** *
  79:.\CommonFunctions.c **** * Theory:
  80:.\CommonFunctions.c **** * Initializes the system resources - enables BLE, starts ADC, clear SW 
  81:.\CommonFunctions.c **** * interrupt and drives the reference signals for temperature measurement. 
  82:.\CommonFunctions.c **** *
ARM GAS  C:\Users\Yobely\AppData\Local\Temp\cc1Nz6Fg.s 			page 3


  83:.\CommonFunctions.c **** * Side Effects:
  84:.\CommonFunctions.c **** * None
  85:.\CommonFunctions.c **** *
  86:.\CommonFunctions.c **** * Note:
  87:.\CommonFunctions.c **** *
  88:.\CommonFunctions.c **** *****************************************************************************/
  89:.\CommonFunctions.c **** void InitializeSystem (void)
  90:.\CommonFunctions.c **** {
  33              		.loc 1 90 0
  34              		.cfi_startproc
  35 0000 80B5     		push	{r7, lr}
  36              		.cfi_def_cfa_offset 8
  37              		.cfi_offset 7, -8
  38              		.cfi_offset 14, -4
  39 0002 00AF     		add	r7, sp, #0
  40              		.cfi_def_cfa_register 7
  91:.\CommonFunctions.c ****     /* Clear wakeup pin interrupt */
  92:.\CommonFunctions.c ****     SW_ClearInterrupt();
  41              		.loc 1 92 0
  42 0004 FFF7FEFF 		bl	SW_ClearInterrupt
  93:.\CommonFunctions.c ****     
  94:.\CommonFunctions.c ****     /* Generate reference signals for temperature measurement */
  95:.\CommonFunctions.c ****     V_HIGH_Write(DRIVE_HIGH);
  43              		.loc 1 95 0
  44 0008 0120     		mov	r0, #1
  45 000a FFF7FEFF 		bl	V_HIGH_Write
  96:.\CommonFunctions.c ****     V_LOW_Write(DRIVE_LOW);
  46              		.loc 1 96 0
  47 000e 0020     		mov	r0, #0
  48 0010 FFF7FEFF 		bl	V_LOW_Write
  97:.\CommonFunctions.c ****     
  98:.\CommonFunctions.c ****     /* Enable BLE and related resouces */
  99:.\CommonFunctions.c ****     EnableBLE();
  49              		.loc 1 99 0
  50 0014 FFF7FEFF 		bl	EnableBLE
 100:.\CommonFunctions.c ****     
 101:.\CommonFunctions.c ****     /* Enable ADC for temperature measurement */
 102:.\CommonFunctions.c ****     ADC_Start();
  51              		.loc 1 102 0
  52 0018 FFF7FEFF 		bl	ADC_Start
 103:.\CommonFunctions.c **** }
  53              		.loc 1 103 0
  54 001c BD46     		mov	sp, r7
  55              		@ sp needed
  56 001e 80BD     		pop	{r7, pc}
  57              		.cfi_endproc
  58              	.LFE35:
  59              		.size	InitializeSystem, .-InitializeSystem
  60              		.section	.text.PrepareForDeepSleep,"ax",%progbits
  61              		.align	2
  62              		.global	PrepareForDeepSleep
  63              		.code	16
  64              		.thumb_func
  65              		.type	PrepareForDeepSleep, %function
  66              	PrepareForDeepSleep:
  67              	.LFB36:
 104:.\CommonFunctions.c **** 
ARM GAS  C:\Users\Yobely\AppData\Local\Temp\cc1Nz6Fg.s 			page 4


 105:.\CommonFunctions.c **** /*****************************************************************************
 106:.\CommonFunctions.c **** * Function Name: PrepareForDeepSleep()
 107:.\CommonFunctions.c **** ******************************************************************************
 108:.\CommonFunctions.c **** * Summary:
 109:.\CommonFunctions.c **** * Prepare the system for deep sleep
 110:.\CommonFunctions.c **** *
 111:.\CommonFunctions.c **** * Parameters:
 112:.\CommonFunctions.c **** * None
 113:.\CommonFunctions.c **** *
 114:.\CommonFunctions.c **** * Return:
 115:.\CommonFunctions.c **** * None
 116:.\CommonFunctions.c **** *
 117:.\CommonFunctions.c **** * Theory:
 118:.\CommonFunctions.c **** * Disables the block to prepare the system for deep sleep 
 119:.\CommonFunctions.c **** *
 120:.\CommonFunctions.c **** * Side Effects:
 121:.\CommonFunctions.c **** * None
 122:.\CommonFunctions.c **** *
 123:.\CommonFunctions.c **** * Note:
 124:.\CommonFunctions.c **** *
 125:.\CommonFunctions.c **** *****************************************************************************/
 126:.\CommonFunctions.c **** void PrepareForDeepSleep (void)
 127:.\CommonFunctions.c **** {
  68              		.loc 1 127 0
  69              		.cfi_startproc
  70 0000 80B5     		push	{r7, lr}
  71              		.cfi_def_cfa_offset 8
  72              		.cfi_offset 7, -8
  73              		.cfi_offset 14, -4
  74 0002 00AF     		add	r7, sp, #0
  75              		.cfi_def_cfa_register 7
 128:.\CommonFunctions.c ****     /* Disable reference signal to ensure no leakage currents */
 129:.\CommonFunctions.c ****     V_HIGH_Write(DRIVE_LOW);
  76              		.loc 1 129 0
  77 0004 0020     		mov	r0, #0
  78 0006 FFF7FEFF 		bl	V_HIGH_Write
 130:.\CommonFunctions.c ****     V_LOW_Write(DRIVE_LOW);
  79              		.loc 1 130 0
  80 000a 0020     		mov	r0, #0
  81 000c FFF7FEFF 		bl	V_LOW_Write
 131:.\CommonFunctions.c ****     
 132:.\CommonFunctions.c ****     /* If ADC is enabled then disable ADC */
 133:.\CommonFunctions.c ****     /* Note: Calling ADC_Sleep twice will disable ADC. ADC_Start function 
 134:.\CommonFunctions.c ****     *  should be called instead of ADC_Wakeup function to re-enable the ADC 
 135:.\CommonFunctions.c ****     */
 136:.\CommonFunctions.c ****     if (ADC_SAR_CTRL_REG  & ADC_ENABLE)
  82              		.loc 1 136 0
  83 0010 034B     		ldr	r3, .L4
  84 0012 1B68     		ldr	r3, [r3]
  85 0014 002B     		cmp	r3, #0
  86 0016 01DA     		bge	.L2
 137:.\CommonFunctions.c ****     {
 138:.\CommonFunctions.c ****         ADC_Sleep();
  87              		.loc 1 138 0
  88 0018 FFF7FEFF 		bl	ADC_Sleep
  89              	.L2:
 139:.\CommonFunctions.c ****     }
ARM GAS  C:\Users\Yobely\AppData\Local\Temp\cc1Nz6Fg.s 			page 5


 140:.\CommonFunctions.c **** }
  90              		.loc 1 140 0
  91 001c BD46     		mov	sp, r7
  92              		@ sp needed
  93 001e 80BD     		pop	{r7, pc}
  94              	.L5:
  95              		.align	2
  96              	.L4:
  97 0020 00003A40 		.word	1077542912
  98              		.cfi_endproc
  99              	.LFE36:
 100              		.size	PrepareForDeepSleep, .-PrepareForDeepSleep
 101              		.section	.text.WakeupFromDeepSleep,"ax",%progbits
 102              		.align	2
 103              		.global	WakeupFromDeepSleep
 104              		.code	16
 105              		.thumb_func
 106              		.type	WakeupFromDeepSleep, %function
 107              	WakeupFromDeepSleep:
 108              	.LFB37:
 141:.\CommonFunctions.c **** 
 142:.\CommonFunctions.c **** /*****************************************************************************
 143:.\CommonFunctions.c **** * Function Name: WakeupFromDeepSleep()
 144:.\CommonFunctions.c **** ******************************************************************************
 145:.\CommonFunctions.c **** * Summary:
 146:.\CommonFunctions.c **** * Wakes up the system from deep sleep
 147:.\CommonFunctions.c **** *
 148:.\CommonFunctions.c **** * Parameters:
 149:.\CommonFunctions.c **** * None
 150:.\CommonFunctions.c **** *
 151:.\CommonFunctions.c **** * Return:
 152:.\CommonFunctions.c **** * None
 153:.\CommonFunctions.c **** *
 154:.\CommonFunctions.c **** * Theory:
 155:.\CommonFunctions.c **** * Enables the reference signal and start ADC for temperature measurement.
 156:.\CommonFunctions.c **** *
 157:.\CommonFunctions.c **** * Side Effects:
 158:.\CommonFunctions.c **** * None
 159:.\CommonFunctions.c **** *
 160:.\CommonFunctions.c **** * Note:
 161:.\CommonFunctions.c **** *
 162:.\CommonFunctions.c **** *****************************************************************************/
 163:.\CommonFunctions.c **** void WakeupFromDeepSleep (void)
 164:.\CommonFunctions.c **** {
 109              		.loc 1 164 0
 110              		.cfi_startproc
 111 0000 80B5     		push	{r7, lr}
 112              		.cfi_def_cfa_offset 8
 113              		.cfi_offset 7, -8
 114              		.cfi_offset 14, -4
 115 0002 00AF     		add	r7, sp, #0
 116              		.cfi_def_cfa_register 7
 165:.\CommonFunctions.c ****     /* Generate reference signals for temperature measurement */
 166:.\CommonFunctions.c ****     V_HIGH_Write(DRIVE_HIGH);
 117              		.loc 1 166 0
 118 0004 0120     		mov	r0, #1
 119 0006 FFF7FEFF 		bl	V_HIGH_Write
ARM GAS  C:\Users\Yobely\AppData\Local\Temp\cc1Nz6Fg.s 			page 6


 167:.\CommonFunctions.c ****     V_LOW_Write(DRIVE_LOW);
 120              		.loc 1 167 0
 121 000a 0020     		mov	r0, #0
 122 000c FFF7FEFF 		bl	V_LOW_Write
 168:.\CommonFunctions.c ****     
 169:.\CommonFunctions.c ****     /* Enable ADC for temperature measurement */
 170:.\CommonFunctions.c ****     ADC_Wakeup();
 123              		.loc 1 170 0
 124 0010 FFF7FEFF 		bl	ADC_Wakeup
 171:.\CommonFunctions.c **** }
 125              		.loc 1 171 0
 126 0014 BD46     		mov	sp, r7
 127              		@ sp needed
 128 0016 80BD     		pop	{r7, pc}
 129              		.cfi_endproc
 130              	.LFE37:
 131              		.size	WakeupFromDeepSleep, .-WakeupFromDeepSleep
 132              		.text
 133              	.Letext0:
 134              		.file 2 ".\\Generated_Source\\PSoC4/cytypes.h"
 135              		.file 3 ".\\Generated_Source\\PSoC4/BLE_Stack.h"
 136              		.file 4 ".\\Generated_Source\\PSoC4/BLE_dis.h"
 137              		.file 5 ".\\Generated_Source\\PSoC4/BLE_hts.h"
 138              		.section	.debug_info,"",%progbits
 139              	.Ldebug_info0:
 140 0000 DB020000 		.4byte	0x2db
 141 0004 0400     		.2byte	0x4
 142 0006 00000000 		.4byte	.Ldebug_abbrev0
 143 000a 04       		.byte	0x4
 144 000b 01       		.uleb128 0x1
 145 000c 1B090000 		.4byte	.LASF90
 146 0010 01       		.byte	0x1
 147 0011 F1050000 		.4byte	.LASF91
 148 0015 4B080000 		.4byte	.LASF92
 149 0019 00000000 		.4byte	.Ldebug_ranges0+0
 150 001d 00000000 		.4byte	0
 151 0021 00000000 		.4byte	.Ldebug_line0
 152 0025 02       		.uleb128 0x2
 153 0026 01       		.byte	0x1
 154 0027 06       		.byte	0x6
 155 0028 37040000 		.4byte	.LASF0
 156 002c 02       		.uleb128 0x2
 157 002d 01       		.byte	0x1
 158 002e 08       		.byte	0x8
 159 002f EC030000 		.4byte	.LASF1
 160 0033 02       		.uleb128 0x2
 161 0034 02       		.byte	0x2
 162 0035 05       		.byte	0x5
 163 0036 59000000 		.4byte	.LASF2
 164 003a 02       		.uleb128 0x2
 165 003b 02       		.byte	0x2
 166 003c 07       		.byte	0x7
 167 003d 40050000 		.4byte	.LASF3
 168 0041 02       		.uleb128 0x2
 169 0042 04       		.byte	0x4
 170 0043 05       		.byte	0x5
 171 0044 98020000 		.4byte	.LASF4
ARM GAS  C:\Users\Yobely\AppData\Local\Temp\cc1Nz6Fg.s 			page 7


 172 0048 02       		.uleb128 0x2
 173 0049 04       		.byte	0x4
 174 004a 07       		.byte	0x7
 175 004b C8040000 		.4byte	.LASF5
 176 004f 02       		.uleb128 0x2
 177 0050 08       		.byte	0x8
 178 0051 05       		.byte	0x5
 179 0052 73020000 		.4byte	.LASF6
 180 0056 02       		.uleb128 0x2
 181 0057 08       		.byte	0x8
 182 0058 07       		.byte	0x7
 183 0059 81020000 		.4byte	.LASF7
 184 005d 03       		.uleb128 0x3
 185 005e 04       		.byte	0x4
 186 005f 05       		.byte	0x5
 187 0060 696E7400 		.ascii	"int\000"
 188 0064 02       		.uleb128 0x2
 189 0065 04       		.byte	0x4
 190 0066 07       		.byte	0x7
 191 0067 A0040000 		.4byte	.LASF8
 192 006b 04       		.uleb128 0x4
 193 006c 42060000 		.4byte	.LASF12
 194 0070 02       		.byte	0x2
 195 0071 A3       		.byte	0xa3
 196 0072 48000000 		.4byte	0x48
 197 0076 02       		.uleb128 0x2
 198 0077 04       		.byte	0x4
 199 0078 04       		.byte	0x4
 200 0079 3A020000 		.4byte	.LASF9
 201 007d 02       		.uleb128 0x2
 202 007e 08       		.byte	0x8
 203 007f 04       		.byte	0x4
 204 0080 8A060000 		.4byte	.LASF10
 205 0084 02       		.uleb128 0x2
 206 0085 01       		.byte	0x1
 207 0086 08       		.byte	0x8
 208 0087 8D050000 		.4byte	.LASF11
 209 008b 05       		.uleb128 0x5
 210 008c 3A050000 		.4byte	.LASF13
 211 0090 02       		.byte	0x2
 212 0091 4D01     		.2byte	0x14d
 213 0093 97000000 		.4byte	0x97
 214 0097 06       		.uleb128 0x6
 215 0098 6B000000 		.4byte	0x6b
 216 009c 02       		.uleb128 0x2
 217 009d 04       		.byte	0x4
 218 009e 07       		.byte	0x7
 219 009f 9B000000 		.4byte	.LASF14
 220 00a3 07       		.uleb128 0x7
 221 00a4 01       		.byte	0x1
 222 00a5 03       		.byte	0x3
 223 00a6 52       		.byte	0x52
 224 00a7 13020000 		.4byte	0x213
 225 00ab 08       		.uleb128 0x8
 226 00ac D6010000 		.4byte	.LASF15
 227 00b0 00       		.sleb128 0
 228 00b1 08       		.uleb128 0x8
ARM GAS  C:\Users\Yobely\AppData\Local\Temp\cc1Nz6Fg.s 			page 8


 229 00b2 41010000 		.4byte	.LASF16
 230 00b6 01       		.sleb128 1
 231 00b7 08       		.uleb128 0x8
 232 00b8 F6070000 		.4byte	.LASF17
 233 00bc 02       		.sleb128 2
 234 00bd 08       		.uleb128 0x8
 235 00be ED060000 		.4byte	.LASF18
 236 00c2 03       		.sleb128 3
 237 00c3 08       		.uleb128 0x8
 238 00c4 0B010000 		.4byte	.LASF19
 239 00c8 04       		.sleb128 4
 240 00c9 08       		.uleb128 0x8
 241 00ca 41030000 		.4byte	.LASF20
 242 00ce 05       		.sleb128 5
 243 00cf 08       		.uleb128 0x8
 244 00d0 4B070000 		.4byte	.LASF21
 245 00d4 20       		.sleb128 32
 246 00d5 08       		.uleb128 0x8
 247 00d6 E5040000 		.4byte	.LASF22
 248 00da 21       		.sleb128 33
 249 00db 08       		.uleb128 0x8
 250 00dc C9060000 		.4byte	.LASF23
 251 00e0 22       		.sleb128 34
 252 00e1 08       		.uleb128 0x8
 253 00e2 74030000 		.4byte	.LASF24
 254 00e6 23       		.sleb128 35
 255 00e7 08       		.uleb128 0x8
 256 00e8 84040000 		.4byte	.LASF25
 257 00ec 24       		.sleb128 36
 258 00ed 08       		.uleb128 0x8
 259 00ee 63000000 		.4byte	.LASF26
 260 00f2 25       		.sleb128 37
 261 00f3 08       		.uleb128 0x8
 262 00f4 F8020000 		.4byte	.LASF27
 263 00f8 26       		.sleb128 38
 264 00f9 08       		.uleb128 0x8
 265 00fa D9020000 		.4byte	.LASF28
 266 00fe 27       		.sleb128 39
 267 00ff 08       		.uleb128 0x8
 268 0100 C6080000 		.4byte	.LASF29
 269 0104 28       		.sleb128 40
 270 0105 08       		.uleb128 0x8
 271 0106 1D050000 		.4byte	.LASF30
 272 010a 29       		.sleb128 41
 273 010b 08       		.uleb128 0x8
 274 010c 64050000 		.4byte	.LASF31
 275 0110 2A       		.sleb128 42
 276 0111 08       		.uleb128 0x8
 277 0112 2C080000 		.4byte	.LASF32
 278 0116 2B       		.sleb128 43
 279 0117 08       		.uleb128 0x8
 280 0118 72010000 		.4byte	.LASF33
 281 011c 2C       		.sleb128 44
 282 011d 08       		.uleb128 0x8
 283 011e BC000000 		.4byte	.LASF34
 284 0122 C000     		.sleb128 64
 285 0124 08       		.uleb128 0x8
ARM GAS  C:\Users\Yobely\AppData\Local\Temp\cc1Nz6Fg.s 			page 9


 286 0125 AD040000 		.4byte	.LASF35
 287 0129 C100     		.sleb128 65
 288 012b 08       		.uleb128 0x8
 289 012c 7D000000 		.4byte	.LASF36
 290 0130 C200     		.sleb128 66
 291 0132 08       		.uleb128 0x8
 292 0133 54010000 		.4byte	.LASF37
 293 0137 C300     		.sleb128 67
 294 0139 08       		.uleb128 0x8
 295 013a C1070000 		.4byte	.LASF38
 296 013e C400     		.sleb128 68
 297 0140 08       		.uleb128 0x8
 298 0141 83070000 		.4byte	.LASF39
 299 0145 C500     		.sleb128 69
 300 0147 08       		.uleb128 0x8
 301 0148 20010000 		.4byte	.LASF40
 302 014c C600     		.sleb128 70
 303 014e 08       		.uleb128 0x8
 304 014f 19040000 		.4byte	.LASF41
 305 0153 C700     		.sleb128 71
 306 0155 08       		.uleb128 0x8
 307 0156 5D040000 		.4byte	.LASF42
 308 015a C800     		.sleb128 72
 309 015c 08       		.uleb128 0x8
 310 015d 40020000 		.4byte	.LASF43
 311 0161 C900     		.sleb128 73
 312 0163 08       		.uleb128 0x8
 313 0164 05060000 		.4byte	.LASF44
 314 0168 CA00     		.sleb128 74
 315 016a 08       		.uleb128 0x8
 316 016b 96010000 		.4byte	.LASF45
 317 016f CB00     		.sleb128 75
 318 0171 08       		.uleb128 0x8
 319 0172 43040000 		.4byte	.LASF46
 320 0176 CC00     		.sleb128 76
 321 0178 08       		.uleb128 0x8
 322 0179 59020000 		.4byte	.LASF47
 323 017d CD00     		.sleb128 77
 324 017f 08       		.uleb128 0x8
 325 0180 ED000000 		.4byte	.LASF48
 326 0184 CE00     		.sleb128 78
 327 0186 08       		.uleb128 0x8
 328 0187 FA030000 		.4byte	.LASF49
 329 018b CF00     		.sleb128 79
 330 018d 08       		.uleb128 0x8
 331 018e A7080000 		.4byte	.LASF50
 332 0192 D000     		.sleb128 80
 333 0194 08       		.uleb128 0x8
 334 0195 23060000 		.4byte	.LASF51
 335 0199 D100     		.sleb128 81
 336 019b 08       		.uleb128 0x8
 337 019c 20030000 		.4byte	.LASF52
 338 01a0 D200     		.sleb128 82
 339 01a2 08       		.uleb128 0x8
 340 01a3 A1020000 		.4byte	.LASF53
 341 01a7 D300     		.sleb128 83
 342 01a9 08       		.uleb128 0x8
ARM GAS  C:\Users\Yobely\AppData\Local\Temp\cc1Nz6Fg.s 			page 10


 343 01aa B5010000 		.4byte	.LASF54
 344 01ae D400     		.sleb128 84
 345 01b0 08       		.uleb128 0x8
 346 01b1 F7080000 		.4byte	.LASF55
 347 01b5 D500     		.sleb128 85
 348 01b7 08       		.uleb128 0x8
 349 01b8 C6030000 		.4byte	.LASF56
 350 01bc F000     		.sleb128 112
 351 01be 08       		.uleb128 0x8
 352 01bf 25070000 		.4byte	.LASF57
 353 01c3 F100     		.sleb128 113
 354 01c5 08       		.uleb128 0x8
 355 01c6 BD050000 		.4byte	.LASF58
 356 01ca F200     		.sleb128 114
 357 01cc 08       		.uleb128 0x8
 358 01cd ED010000 		.4byte	.LASF59
 359 01d1 F300     		.sleb128 115
 360 01d3 08       		.uleb128 0x8
 361 01d4 9A030000 		.4byte	.LASF60
 362 01d8 F400     		.sleb128 116
 363 01da 08       		.uleb128 0x8
 364 01db FC040000 		.4byte	.LASF61
 365 01df F500     		.sleb128 117
 366 01e1 08       		.uleb128 0x8
 367 01e2 19020000 		.4byte	.LASF62
 368 01e6 F600     		.sleb128 118
 369 01e8 08       		.uleb128 0x8
 370 01e9 06070000 		.4byte	.LASF63
 371 01ed F700     		.sleb128 119
 372 01ef 08       		.uleb128 0x8
 373 01f0 67060000 		.4byte	.LASF64
 374 01f4 F800     		.sleb128 120
 375 01f6 08       		.uleb128 0x8
 376 01f7 91060000 		.4byte	.LASF65
 377 01fb F900     		.sleb128 121
 378 01fd 08       		.uleb128 0x8
 379 01fe 08080000 		.4byte	.LASF66
 380 0202 FA00     		.sleb128 122
 381 0204 08       		.uleb128 0x8
 382 0205 49060000 		.4byte	.LASF67
 383 0209 FA01     		.sleb128 250
 384 020b 08       		.uleb128 0x8
 385 020c B8030000 		.4byte	.LASF68
 386 0210 FF01     		.sleb128 255
 387 0212 00       		.byte	0
 388 0213 07       		.uleb128 0x7
 389 0214 01       		.byte	0x1
 390 0215 04       		.byte	0x4
 391 0216 1D       		.byte	0x1d
 392 0217 58020000 		.4byte	0x258
 393 021b 08       		.uleb128 0x8
 394 021c AB090000 		.4byte	.LASF69
 395 0220 00       		.sleb128 0
 396 0221 08       		.uleb128 0x8
 397 0222 5D030000 		.4byte	.LASF70
 398 0226 01       		.sleb128 1
 399 0227 08       		.uleb128 0x8
ARM GAS  C:\Users\Yobely\AppData\Local\Temp\cc1Nz6Fg.s 			page 11


 400 0228 A4000000 		.4byte	.LASF71
 401 022c 02       		.sleb128 2
 402 022d 08       		.uleb128 0x8
 403 022e DF070000 		.4byte	.LASF72
 404 0232 03       		.sleb128 3
 405 0233 08       		.uleb128 0x8
 406 0234 AA070000 		.4byte	.LASF73
 407 0238 04       		.sleb128 4
 408 0239 08       		.uleb128 0x8
 409 023a D6000000 		.4byte	.LASF74
 410 023e 05       		.sleb128 5
 411 023f 08       		.uleb128 0x8
 412 0240 97090000 		.4byte	.LASF75
 413 0244 06       		.sleb128 6
 414 0245 08       		.uleb128 0x8
 415 0246 D9050000 		.4byte	.LASF76
 416 024a 07       		.sleb128 7
 417 024b 08       		.uleb128 0x8
 418 024c C7090000 		.4byte	.LASF77
 419 0250 08       		.sleb128 8
 420 0251 08       		.uleb128 0x8
 421 0252 B4060000 		.4byte	.LASF78
 422 0256 09       		.sleb128 9
 423 0257 00       		.byte	0
 424 0258 07       		.uleb128 0x7
 425 0259 01       		.byte	0x1
 426 025a 05       		.byte	0x5
 427 025b 1C       		.byte	0x1c
 428 025c 7F020000 		.4byte	0x27f
 429 0260 08       		.uleb128 0x8
 430 0261 C2020000 		.4byte	.LASF79
 431 0265 00       		.sleb128 0
 432 0266 08       		.uleb128 0x8
 433 0267 6F070000 		.4byte	.LASF80
 434 026b 01       		.sleb128 1
 435 026c 08       		.uleb128 0x8
 436 026d 92050000 		.4byte	.LASF81
 437 0271 02       		.sleb128 2
 438 0272 08       		.uleb128 0x8
 439 0273 14000000 		.4byte	.LASF82
 440 0277 03       		.sleb128 3
 441 0278 08       		.uleb128 0x8
 442 0279 A8050000 		.4byte	.LASF83
 443 027d 04       		.sleb128 4
 444 027e 00       		.byte	0
 445 027f 07       		.uleb128 0x7
 446 0280 01       		.byte	0x1
 447 0281 05       		.byte	0x5
 448 0282 27       		.byte	0x27
 449 0283 9A020000 		.4byte	0x29a
 450 0287 08       		.uleb128 0x8
 451 0288 E8080000 		.4byte	.LASF84
 452 028c 00       		.sleb128 0
 453 028d 08       		.uleb128 0x8
 454 028e 0B020000 		.4byte	.LASF85
 455 0292 01       		.sleb128 1
 456 0293 08       		.uleb128 0x8
ARM GAS  C:\Users\Yobely\AppData\Local\Temp\cc1Nz6Fg.s 			page 12


 457 0294 43000000 		.4byte	.LASF86
 458 0298 02       		.sleb128 2
 459 0299 00       		.byte	0
 460 029a 09       		.uleb128 0x9
 461 029b 53050000 		.4byte	.LASF87
 462 029f 01       		.byte	0x1
 463 02a0 59       		.byte	0x59
 464 02a1 00000000 		.4byte	.LFB35
 465 02a5 20000000 		.4byte	.LFE35-.LFB35
 466 02a9 01       		.uleb128 0x1
 467 02aa 9C       		.byte	0x9c
 468 02ab 09       		.uleb128 0x9
 469 02ac 00000000 		.4byte	.LASF88
 470 02b0 01       		.byte	0x1
 471 02b1 7E       		.byte	0x7e
 472 02b2 00000000 		.4byte	.LFB36
 473 02b6 24000000 		.4byte	.LFE36-.LFB36
 474 02ba 01       		.uleb128 0x1
 475 02bb 9C       		.byte	0x9c
 476 02bc 09       		.uleb128 0x9
 477 02bd 2F000000 		.4byte	.LASF89
 478 02c1 01       		.byte	0x1
 479 02c2 A3       		.byte	0xa3
 480 02c3 00000000 		.4byte	.LFB37
 481 02c7 18000000 		.4byte	.LFE37-.LFB37
 482 02cb 01       		.uleb128 0x1
 483 02cc 9C       		.byte	0x9c
 484 02cd 0A       		.uleb128 0xa
 485 02ce DA040000 		.4byte	.LASF93
 486 02d2 01       		.byte	0x1
 487 02d3 39       		.byte	0x39
 488 02d4 6B000000 		.4byte	0x6b
 489 02d8 05       		.uleb128 0x5
 490 02d9 03       		.byte	0x3
 491 02da 00000000 		.4byte	SystemFlag
 492 02de 00       		.byte	0
 493              		.section	.debug_abbrev,"",%progbits
 494              	.Ldebug_abbrev0:
 495 0000 01       		.uleb128 0x1
 496 0001 11       		.uleb128 0x11
 497 0002 01       		.byte	0x1
 498 0003 25       		.uleb128 0x25
 499 0004 0E       		.uleb128 0xe
 500 0005 13       		.uleb128 0x13
 501 0006 0B       		.uleb128 0xb
 502 0007 03       		.uleb128 0x3
 503 0008 0E       		.uleb128 0xe
 504 0009 1B       		.uleb128 0x1b
 505 000a 0E       		.uleb128 0xe
 506 000b 55       		.uleb128 0x55
 507 000c 17       		.uleb128 0x17
 508 000d 11       		.uleb128 0x11
 509 000e 01       		.uleb128 0x1
 510 000f 10       		.uleb128 0x10
 511 0010 17       		.uleb128 0x17
 512 0011 00       		.byte	0
 513 0012 00       		.byte	0
ARM GAS  C:\Users\Yobely\AppData\Local\Temp\cc1Nz6Fg.s 			page 13


 514 0013 02       		.uleb128 0x2
 515 0014 24       		.uleb128 0x24
 516 0015 00       		.byte	0
 517 0016 0B       		.uleb128 0xb
 518 0017 0B       		.uleb128 0xb
 519 0018 3E       		.uleb128 0x3e
 520 0019 0B       		.uleb128 0xb
 521 001a 03       		.uleb128 0x3
 522 001b 0E       		.uleb128 0xe
 523 001c 00       		.byte	0
 524 001d 00       		.byte	0
 525 001e 03       		.uleb128 0x3
 526 001f 24       		.uleb128 0x24
 527 0020 00       		.byte	0
 528 0021 0B       		.uleb128 0xb
 529 0022 0B       		.uleb128 0xb
 530 0023 3E       		.uleb128 0x3e
 531 0024 0B       		.uleb128 0xb
 532 0025 03       		.uleb128 0x3
 533 0026 08       		.uleb128 0x8
 534 0027 00       		.byte	0
 535 0028 00       		.byte	0
 536 0029 04       		.uleb128 0x4
 537 002a 16       		.uleb128 0x16
 538 002b 00       		.byte	0
 539 002c 03       		.uleb128 0x3
 540 002d 0E       		.uleb128 0xe
 541 002e 3A       		.uleb128 0x3a
 542 002f 0B       		.uleb128 0xb
 543 0030 3B       		.uleb128 0x3b
 544 0031 0B       		.uleb128 0xb
 545 0032 49       		.uleb128 0x49
 546 0033 13       		.uleb128 0x13
 547 0034 00       		.byte	0
 548 0035 00       		.byte	0
 549 0036 05       		.uleb128 0x5
 550 0037 16       		.uleb128 0x16
 551 0038 00       		.byte	0
 552 0039 03       		.uleb128 0x3
 553 003a 0E       		.uleb128 0xe
 554 003b 3A       		.uleb128 0x3a
 555 003c 0B       		.uleb128 0xb
 556 003d 3B       		.uleb128 0x3b
 557 003e 05       		.uleb128 0x5
 558 003f 49       		.uleb128 0x49
 559 0040 13       		.uleb128 0x13
 560 0041 00       		.byte	0
 561 0042 00       		.byte	0
 562 0043 06       		.uleb128 0x6
 563 0044 35       		.uleb128 0x35
 564 0045 00       		.byte	0
 565 0046 49       		.uleb128 0x49
 566 0047 13       		.uleb128 0x13
 567 0048 00       		.byte	0
 568 0049 00       		.byte	0
 569 004a 07       		.uleb128 0x7
 570 004b 04       		.uleb128 0x4
ARM GAS  C:\Users\Yobely\AppData\Local\Temp\cc1Nz6Fg.s 			page 14


 571 004c 01       		.byte	0x1
 572 004d 0B       		.uleb128 0xb
 573 004e 0B       		.uleb128 0xb
 574 004f 3A       		.uleb128 0x3a
 575 0050 0B       		.uleb128 0xb
 576 0051 3B       		.uleb128 0x3b
 577 0052 0B       		.uleb128 0xb
 578 0053 01       		.uleb128 0x1
 579 0054 13       		.uleb128 0x13
 580 0055 00       		.byte	0
 581 0056 00       		.byte	0
 582 0057 08       		.uleb128 0x8
 583 0058 28       		.uleb128 0x28
 584 0059 00       		.byte	0
 585 005a 03       		.uleb128 0x3
 586 005b 0E       		.uleb128 0xe
 587 005c 1C       		.uleb128 0x1c
 588 005d 0D       		.uleb128 0xd
 589 005e 00       		.byte	0
 590 005f 00       		.byte	0
 591 0060 09       		.uleb128 0x9
 592 0061 2E       		.uleb128 0x2e
 593 0062 00       		.byte	0
 594 0063 3F       		.uleb128 0x3f
 595 0064 19       		.uleb128 0x19
 596 0065 03       		.uleb128 0x3
 597 0066 0E       		.uleb128 0xe
 598 0067 3A       		.uleb128 0x3a
 599 0068 0B       		.uleb128 0xb
 600 0069 3B       		.uleb128 0x3b
 601 006a 0B       		.uleb128 0xb
 602 006b 27       		.uleb128 0x27
 603 006c 19       		.uleb128 0x19
 604 006d 11       		.uleb128 0x11
 605 006e 01       		.uleb128 0x1
 606 006f 12       		.uleb128 0x12
 607 0070 06       		.uleb128 0x6
 608 0071 40       		.uleb128 0x40
 609 0072 18       		.uleb128 0x18
 610 0073 9642     		.uleb128 0x2116
 611 0075 19       		.uleb128 0x19
 612 0076 00       		.byte	0
 613 0077 00       		.byte	0
 614 0078 0A       		.uleb128 0xa
 615 0079 34       		.uleb128 0x34
 616 007a 00       		.byte	0
 617 007b 03       		.uleb128 0x3
 618 007c 0E       		.uleb128 0xe
 619 007d 3A       		.uleb128 0x3a
 620 007e 0B       		.uleb128 0xb
 621 007f 3B       		.uleb128 0x3b
 622 0080 0B       		.uleb128 0xb
 623 0081 49       		.uleb128 0x49
 624 0082 13       		.uleb128 0x13
 625 0083 3F       		.uleb128 0x3f
 626 0084 19       		.uleb128 0x19
 627 0085 02       		.uleb128 0x2
ARM GAS  C:\Users\Yobely\AppData\Local\Temp\cc1Nz6Fg.s 			page 15


 628 0086 18       		.uleb128 0x18
 629 0087 00       		.byte	0
 630 0088 00       		.byte	0
 631 0089 00       		.byte	0
 632              		.section	.debug_aranges,"",%progbits
 633 0000 2C000000 		.4byte	0x2c
 634 0004 0200     		.2byte	0x2
 635 0006 00000000 		.4byte	.Ldebug_info0
 636 000a 04       		.byte	0x4
 637 000b 00       		.byte	0
 638 000c 0000     		.2byte	0
 639 000e 0000     		.2byte	0
 640 0010 00000000 		.4byte	.LFB35
 641 0014 20000000 		.4byte	.LFE35-.LFB35
 642 0018 00000000 		.4byte	.LFB36
 643 001c 24000000 		.4byte	.LFE36-.LFB36
 644 0020 00000000 		.4byte	.LFB37
 645 0024 18000000 		.4byte	.LFE37-.LFB37
 646 0028 00000000 		.4byte	0
 647 002c 00000000 		.4byte	0
 648              		.section	.debug_ranges,"",%progbits
 649              	.Ldebug_ranges0:
 650 0000 00000000 		.4byte	.LFB35
 651 0004 20000000 		.4byte	.LFE35
 652 0008 00000000 		.4byte	.LFB36
 653 000c 24000000 		.4byte	.LFE36
 654 0010 00000000 		.4byte	.LFB37
 655 0014 18000000 		.4byte	.LFE37
 656 0018 00000000 		.4byte	0
 657 001c 00000000 		.4byte	0
 658              		.section	.debug_line,"",%progbits
 659              	.Ldebug_line0:
 660 0000 BE000000 		.section	.debug_str,"MS",%progbits,1
 660      02007900 
 660      00000201 
 660      FB0E0D00 
 660      01010101 
 661              	.LASF88:
 662 0000 50726570 		.ascii	"PrepareForDeepSleep\000"
 662      61726546 
 662      6F724465 
 662      6570536C 
 662      65657000 
 663              	.LASF82:
 664 0014 4359424C 		.ascii	"CYBLE_HTS_MEASURE_INTERVAL\000"
 664      455F4854 
 664      535F4D45 
 664      41535552 
 664      455F494E 
 665              	.LASF89:
 666 002f 57616B65 		.ascii	"WakeupFromDeepSleep\000"
 666      75704672 
 666      6F6D4465 
 666      6570536C 
 666      65657000 
 667              	.LASF86:
 668 0043 4359424C 		.ascii	"CYBLE_HTS_DESCR_COUNT\000"
ARM GAS  C:\Users\Yobely\AppData\Local\Temp\cc1Nz6Fg.s 			page 16


 668      455F4854 
 668      535F4445 
 668      5343525F 
 668      434F554E 
 669              	.LASF2:
 670 0059 73686F72 		.ascii	"short int\000"
 670      7420696E 
 670      7400
 671              	.LASF26:
 672 0063 4359424C 		.ascii	"CYBLE_EVT_GAP_AUTH_FAILED\000"
 672      455F4556 
 672      545F4741 
 672      505F4155 
 672      54485F46 
 673              	.LASF36:
 674 007d 4359424C 		.ascii	"CYBLE_EVT_GATT_DISCONNECT_IND\000"
 674      455F4556 
 674      545F4741 
 674      54545F44 
 674      4953434F 
 675              	.LASF14:
 676 009b 73697A65 		.ascii	"sizetype\000"
 676      74797065 
 676      00
 677              	.LASF71:
 678 00a4 4359424C 		.ascii	"CYBLE_DIS_SERIAL_NUMBER\000"
 678      455F4449 
 678      535F5345 
 678      5249414C 
 678      5F4E554D 
 679              	.LASF34:
 680 00bc 4359424C 		.ascii	"CYBLE_EVT_GATTC_ERROR_RSP\000"
 680      455F4556 
 680      545F4741 
 680      5454435F 
 680      4552524F 
 681              	.LASF74:
 682 00d6 4359424C 		.ascii	"CYBLE_DIS_SOFTWARE_REV\000"
 682      455F4449 
 682      535F534F 
 682      46545741 
 682      52455F52 
 683              	.LASF48:
 684 00ed 4359424C 		.ascii	"CYBLE_EVT_GATTS_WRITE_CMD_REQ\000"
 684      455F4556 
 684      545F4741 
 684      5454535F 
 684      57524954 
 685              	.LASF19:
 686 010b 4359424C 		.ascii	"CYBLE_EVT_HCI_STATUS\000"
 686      455F4556 
 686      545F4843 
 686      495F5354 
 686      41545553 
 687              	.LASF40:
 688 0120 4359424C 		.ascii	"CYBLE_EVT_GATTC_READ_BY_TYPE_RSP\000"
 688      455F4556 
ARM GAS  C:\Users\Yobely\AppData\Local\Temp\cc1Nz6Fg.s 			page 17


 688      545F4741 
 688      5454435F 
 688      52454144 
 689              	.LASF16:
 690 0141 4359424C 		.ascii	"CYBLE_EVT_STACK_ON\000"
 690      455F4556 
 690      545F5354 
 690      41434B5F 
 690      4F4E00
 691              	.LASF37:
 692 0154 4359424C 		.ascii	"CYBLE_EVT_GATTS_XCNHG_MTU_REQ\000"
 692      455F4556 
 692      545F4741 
 692      5454535F 
 692      58434E48 
 693              	.LASF33:
 694 0172 4359424C 		.ascii	"CYBLE_EVT_GAP_KEYINFO_EXCHNGE_CMPLT\000"
 694      455F4556 
 694      545F4741 
 694      505F4B45 
 694      59494E46 
 695              	.LASF45:
 696 0196 4359424C 		.ascii	"CYBLE_EVT_GATTC_READ_MULTI_RSP\000"
 696      455F4556 
 696      545F4741 
 696      5454435F 
 696      52454144 
 697              	.LASF54:
 698 01b5 4359424C 		.ascii	"CYBLE_EVT_GATTS_HANDLE_VALUE_CNF\000"
 698      455F4556 
 698      545F4741 
 698      5454535F 
 698      48414E44 
 699              	.LASF15:
 700 01d6 4359424C 		.ascii	"CYBLE_EVT_HOST_INVALID\000"
 700      455F4556 
 700      545F484F 
 700      53545F49 
 700      4E56414C 
 701              	.LASF59:
 702 01ed 4359424C 		.ascii	"CYBLE_EVT_L2CAP_CBFC_CONN_IND\000"
 702      455F4556 
 702      545F4C32 
 702      4341505F 
 702      43424643 
 703              	.LASF85:
 704 020b 4359424C 		.ascii	"CYBLE_HTS_VRD\000"
 704      455F4854 
 704      535F5652 
 704      4400
 705              	.LASF62:
 706 0219 4359424C 		.ascii	"CYBLE_EVT_L2CAP_CBFC_DISCONN_CNF\000"
 706      455F4556 
 706      545F4C32 
 706      4341505F 
 706      43424643 
 707              	.LASF9:
ARM GAS  C:\Users\Yobely\AppData\Local\Temp\cc1Nz6Fg.s 			page 18


 708 023a 666C6F61 		.ascii	"float\000"
 708      7400
 709              	.LASF43:
 710 0240 4359424C 		.ascii	"CYBLE_EVT_GATTC_READ_RSP\000"
 710      455F4556 
 710      545F4741 
 710      5454435F 
 710      52454144 
 711              	.LASF47:
 712 0259 4359424C 		.ascii	"CYBLE_EVT_GATTC_WRITE_RSP\000"
 712      455F4556 
 712      545F4741 
 712      5454435F 
 712      57524954 
 713              	.LASF6:
 714 0273 6C6F6E67 		.ascii	"long long int\000"
 714      206C6F6E 
 714      6720696E 
 714      7400
 715              	.LASF7:
 716 0281 6C6F6E67 		.ascii	"long long unsigned int\000"
 716      206C6F6E 
 716      6720756E 
 716      7369676E 
 716      65642069 
 717              	.LASF4:
 718 0298 6C6F6E67 		.ascii	"long int\000"
 718      20696E74 
 718      00
 719              	.LASF53:
 720 02a1 4359424C 		.ascii	"CYBLE_EVT_GATTC_HANDLE_VALUE_IND\000"
 720      455F4556 
 720      545F4741 
 720      5454435F 
 720      48414E44 
 721              	.LASF79:
 722 02c2 4359424C 		.ascii	"CYBLE_HTS_TEMP_MEASURE\000"
 722      455F4854 
 722      535F5445 
 722      4D505F4D 
 722      45415355 
 723              	.LASF28:
 724 02d9 4359424C 		.ascii	"CYBLE_EVT_GAP_DEVICE_CONNECTED\000"
 724      455F4556 
 724      545F4741 
 724      505F4445 
 724      56494345 
 725              	.LASF27:
 726 02f8 4359424C 		.ascii	"CYBLE_EVT_GAPP_ADVERTISEMENT_START_STOP\000"
 726      455F4556 
 726      545F4741 
 726      50505F41 
 726      44564552 
 727              	.LASF52:
 728 0320 4359424C 		.ascii	"CYBLE_EVT_GATTC_HANDLE_VALUE_NTF\000"
 728      455F4556 
 728      545F4741 
ARM GAS  C:\Users\Yobely\AppData\Local\Temp\cc1Nz6Fg.s 			page 19


 728      5454435F 
 728      48414E44 
 729              	.LASF20:
 730 0341 4359424C 		.ascii	"CYBLE_EVT_STACK_BUSY_STATUS\000"
 730      455F4556 
 730      545F5354 
 730      41434B5F 
 730      42555359 
 731              	.LASF70:
 732 035d 4359424C 		.ascii	"CYBLE_DIS_MODEL_NUMBER\000"
 732      455F4449 
 732      535F4D4F 
 732      44454C5F 
 732      4E554D42 
 733              	.LASF24:
 734 0374 4359424C 		.ascii	"CYBLE_EVT_GAP_PASSKEY_DISPLAY_REQUEST\000"
 734      455F4556 
 734      545F4741 
 734      505F5041 
 734      53534B45 
 735              	.LASF60:
 736 039a 4359424C 		.ascii	"CYBLE_EVT_L2CAP_CBFC_CONN_CNF\000"
 736      455F4556 
 736      545F4C32 
 736      4341505F 
 736      43424643 
 737              	.LASF68:
 738 03b8 4359424C 		.ascii	"CYBLE_EVT_MAX\000"
 738      455F4556 
 738      545F4D41 
 738      5800
 739              	.LASF56:
 740 03c6 4359424C 		.ascii	"CYBLE_EVT_L2CAP_CONN_PARAM_UPDATE_REQ\000"
 740      455F4556 
 740      545F4C32 
 740      4341505F 
 740      434F4E4E 
 741              	.LASF1:
 742 03ec 756E7369 		.ascii	"unsigned char\000"
 742      676E6564 
 742      20636861 
 742      7200
 743              	.LASF49:
 744 03fa 4359424C 		.ascii	"CYBLE_EVT_GATTS_PREP_WRITE_REQ\000"
 744      455F4556 
 744      545F4741 
 744      5454535F 
 744      50524550 
 745              	.LASF41:
 746 0419 4359424C 		.ascii	"CYBLE_EVT_GATTC_FIND_INFO_RSP\000"
 746      455F4556 
 746      545F4741 
 746      5454435F 
 746      46494E44 
 747              	.LASF0:
 748 0437 7369676E 		.ascii	"signed char\000"
 748      65642063 
ARM GAS  C:\Users\Yobely\AppData\Local\Temp\cc1Nz6Fg.s 			page 20


 748      68617200 
 749              	.LASF46:
 750 0443 4359424C 		.ascii	"CYBLE_EVT_GATTS_WRITE_REQ\000"
 750      455F4556 
 750      545F4741 
 750      5454535F 
 750      57524954 
 751              	.LASF42:
 752 045d 4359424C 		.ascii	"CYBLE_EVT_GATTC_FIND_BY_TYPE_VALUE_RSP\000"
 752      455F4556 
 752      545F4741 
 752      5454435F 
 752      46494E44 
 753              	.LASF25:
 754 0484 4359424C 		.ascii	"CYBLE_EVT_GAP_AUTH_COMPLETE\000"
 754      455F4556 
 754      545F4741 
 754      505F4155 
 754      54485F43 
 755              	.LASF8:
 756 04a0 756E7369 		.ascii	"unsigned int\000"
 756      676E6564 
 756      20696E74 
 756      00
 757              	.LASF35:
 758 04ad 4359424C 		.ascii	"CYBLE_EVT_GATT_CONNECT_IND\000"
 758      455F4556 
 758      545F4741 
 758      54545F43 
 758      4F4E4E45 
 759              	.LASF5:
 760 04c8 6C6F6E67 		.ascii	"long unsigned int\000"
 760      20756E73 
 760      69676E65 
 760      6420696E 
 760      7400
 761              	.LASF93:
 762 04da 53797374 		.ascii	"SystemFlag\000"
 762      656D466C 
 762      616700
 763              	.LASF22:
 764 04e5 4359424C 		.ascii	"CYBLE_EVT_GAP_AUTH_REQ\000"
 764      455F4556 
 764      545F4741 
 764      505F4155 
 764      54485F52 
 765              	.LASF61:
 766 04fc 4359424C 		.ascii	"CYBLE_EVT_L2CAP_CBFC_DISCONN_IND\000"
 766      455F4556 
 766      545F4C32 
 766      4341505F 
 766      43424643 
 767              	.LASF30:
 768 051d 4359424C 		.ascii	"CYBLE_EVT_GAP_ENCRYPT_CHANGE\000"
 768      455F4556 
 768      545F4741 
 768      505F454E 
ARM GAS  C:\Users\Yobely\AppData\Local\Temp\cc1Nz6Fg.s 			page 21


 768      43525950 
 769              	.LASF13:
 770 053a 72656733 		.ascii	"reg32\000"
 770      3200
 771              	.LASF3:
 772 0540 73686F72 		.ascii	"short unsigned int\000"
 772      7420756E 
 772      7369676E 
 772      65642069 
 772      6E7400
 773              	.LASF87:
 774 0553 496E6974 		.ascii	"InitializeSystem\000"
 774      69616C69 
 774      7A655379 
 774      7374656D 
 774      00
 775              	.LASF31:
 776 0564 4359424C 		.ascii	"CYBLE_EVT_GAP_CONNECTION_UPDATE_COMPLETE\000"
 776      455F4556 
 776      545F4741 
 776      505F434F 
 776      4E4E4543 
 777              	.LASF11:
 778 058d 63686172 		.ascii	"char\000"
 778      00
 779              	.LASF81:
 780 0592 4359424C 		.ascii	"CYBLE_HTS_INTERM_TEMP\000"
 780      455F4854 
 780      535F494E 
 780      5445524D 
 780      5F54454D 
 781              	.LASF83:
 782 05a8 4359424C 		.ascii	"CYBLE_HTS_CHAR_COUNT\000"
 782      455F4854 
 782      535F4348 
 782      41525F43 
 782      4F554E54 
 783              	.LASF58:
 784 05bd 4359424C 		.ascii	"CYBLE_EVT_L2CAP_COMMAND_REJ\000"
 784      455F4556 
 784      545F4C32 
 784      4341505F 
 784      434F4D4D 
 785              	.LASF76:
 786 05d9 4359424C 		.ascii	"CYBLE_DIS_REG_CERT_DATA\000"
 786      455F4449 
 786      535F5245 
 786      475F4345 
 786      52545F44 
 787              	.LASF91:
 788 05f1 2E5C436F 		.ascii	".\\CommonFunctions.c\000"
 788      6D6D6F6E 
 788      46756E63 
 788      74696F6E 
 788      732E6300 
 789              	.LASF44:
 790 0605 4359424C 		.ascii	"CYBLE_EVT_GATTC_READ_BLOB_RSP\000"
ARM GAS  C:\Users\Yobely\AppData\Local\Temp\cc1Nz6Fg.s 			page 22


 790      455F4556 
 790      545F4741 
 790      5454435F 
 790      52454144 
 791              	.LASF51:
 792 0623 4359424C 		.ascii	"CYBLE_EVT_GATTC_EXEC_WRITE_RSP\000"
 792      455F4556 
 792      545F4741 
 792      5454435F 
 792      45584543 
 793              	.LASF12:
 794 0642 75696E74 		.ascii	"uint32\000"
 794      333200
 795              	.LASF67:
 796 0649 4359424C 		.ascii	"CYBLE_EVT_PENDING_FLASH_WRITE\000"
 796      455F4556 
 796      545F5045 
 796      4E44494E 
 796      475F464C 
 797              	.LASF64:
 798 0667 4359424C 		.ascii	"CYBLE_EVT_L2CAP_CBFC_RX_CREDIT_IND\000"
 798      455F4556 
 798      545F4C32 
 798      4341505F 
 798      43424643 
 799              	.LASF10:
 800 068a 646F7562 		.ascii	"double\000"
 800      6C6500
 801              	.LASF65:
 802 0691 4359424C 		.ascii	"CYBLE_EVT_L2CAP_CBFC_TX_CREDIT_IND\000"
 802      455F4556 
 802      545F4C32 
 802      4341505F 
 802      43424643 
 803              	.LASF78:
 804 06b4 4359424C 		.ascii	"CYBLE_DIS_CHAR_COUNT\000"
 804      455F4449 
 804      535F4348 
 804      41525F43 
 804      4F554E54 
 805              	.LASF23:
 806 06c9 4359424C 		.ascii	"CYBLE_EVT_GAP_PASSKEY_ENTRY_REQUEST\000"
 806      455F4556 
 806      545F4741 
 806      505F5041 
 806      53534B45 
 807              	.LASF18:
 808 06ed 4359424C 		.ascii	"CYBLE_EVT_HARDWARE_ERROR\000"
 808      455F4556 
 808      545F4841 
 808      52445741 
 808      52455F45 
 809              	.LASF63:
 810 0706 4359424C 		.ascii	"CYBLE_EVT_L2CAP_CBFC_DATA_READ\000"
 810      455F4556 
 810      545F4C32 
 810      4341505F 
ARM GAS  C:\Users\Yobely\AppData\Local\Temp\cc1Nz6Fg.s 			page 23


 810      43424643 
 811              	.LASF57:
 812 0725 4359424C 		.ascii	"CYBLE_EVT_L2CAP_CONN_PARAM_UPDATE_RSP\000"
 812      455F4556 
 812      545F4C32 
 812      4341505F 
 812      434F4E4E 
 813              	.LASF21:
 814 074b 4359424C 		.ascii	"CYBLE_EVT_GAPC_SCAN_PROGRESS_RESULT\000"
 814      455F4556 
 814      545F4741 
 814      50435F53 
 814      43414E5F 
 815              	.LASF80:
 816 076f 4359424C 		.ascii	"CYBLE_HTS_TEMP_TYPE\000"
 816      455F4854 
 816      535F5445 
 816      4D505F54 
 816      59504500 
 817              	.LASF39:
 818 0783 4359424C 		.ascii	"CYBLE_EVT_GATTC_READ_BY_GROUP_TYPE_RSP\000"
 818      455F4556 
 818      545F4741 
 818      5454435F 
 818      52454144 
 819              	.LASF73:
 820 07aa 4359424C 		.ascii	"CYBLE_DIS_FIRMWARE_REV\000"
 820      455F4449 
 820      535F4649 
 820      524D5741 
 820      52455F52 
 821              	.LASF38:
 822 07c1 4359424C 		.ascii	"CYBLE_EVT_GATTC_XCHNG_MTU_RSP\000"
 822      455F4556 
 822      545F4741 
 822      5454435F 
 822      5843484E 
 823              	.LASF72:
 824 07df 4359424C 		.ascii	"CYBLE_DIS_HARDWARE_REV\000"
 824      455F4449 
 824      535F4841 
 824      52445741 
 824      52455F52 
 825              	.LASF17:
 826 07f6 4359424C 		.ascii	"CYBLE_EVT_TIMEOUT\000"
 826      455F4556 
 826      545F5449 
 826      4D454F55 
 826      5400
 827              	.LASF66:
 828 0808 4359424C 		.ascii	"CYBLE_EVT_L2CAP_CBFC_DATA_WRITE_IND\000"
 828      455F4556 
 828      545F4C32 
 828      4341505F 
 828      43424643 
 829              	.LASF32:
 830 082c 4359424C 		.ascii	"CYBLE_EVT_GAPC_SCAN_START_STOP\000"
ARM GAS  C:\Users\Yobely\AppData\Local\Temp\cc1Nz6Fg.s 			page 24


 830      455F4556 
 830      545F4741 
 830      50435F53 
 830      43414E5F 
 831              	.LASF92:
 832 084b 433A5C55 		.ascii	"C:\\Users\\Yobely\\Desktop\\Health Thermometer.cywr"
 832      73657273 
 832      5C596F62 
 832      656C795C 
 832      4465736B 
 833 087a 6B2E4172 		.ascii	"k.Archive01\\AN91184\\Health Thermometer.cydsn\000"
 833      63686976 
 833      6530315C 
 833      414E3931 
 833      3138345C 
 834              	.LASF50:
 835 08a7 4359424C 		.ascii	"CYBLE_EVT_GATTS_EXEC_WRITE_REQ\000"
 835      455F4556 
 835      545F4741 
 835      5454535F 
 835      45584543 
 836              	.LASF29:
 837 08c6 4359424C 		.ascii	"CYBLE_EVT_GAP_DEVICE_DISCONNECTED\000"
 837      455F4556 
 837      545F4741 
 837      505F4445 
 837      56494345 
 838              	.LASF84:
 839 08e8 4359424C 		.ascii	"CYBLE_HTS_CCCD\000"
 839      455F4854 
 839      535F4343 
 839      434400
 840              	.LASF55:
 841 08f7 4359424C 		.ascii	"CYBLE_EVT_GATTS_DATA_SIGNED_CMD_REQ\000"
 841      455F4556 
 841      545F4741 
 841      5454535F 
 841      44415441 
 842              	.LASF90:
 843 091b 474E5520 		.ascii	"GNU C 4.8.4 20140526 (release) [ARM/embedded-4_8-br"
 843      4320342E 
 843      382E3420 
 843      32303134 
 843      30353236 
 844 094e 616E6368 		.ascii	"anch revision 211358] -mcpu=cortex-m0 -mthumb -g -O"
 844      20726576 
 844      6973696F 
 844      6E203231 
 844      31333538 
 845 0981 30202D66 		.ascii	"0 -ffunction-sections\000"
 845      66756E63 
 845      74696F6E 
 845      2D736563 
 845      74696F6E 
 846              	.LASF75:
 847 0997 4359424C 		.ascii	"CYBLE_DIS_SYSTEM_ID\000"
 847      455F4449 
ARM GAS  C:\Users\Yobely\AppData\Local\Temp\cc1Nz6Fg.s 			page 25


 847      535F5359 
 847      5354454D 
 847      5F494400 
 848              	.LASF69:
 849 09ab 4359424C 		.ascii	"CYBLE_DIS_MANUFACTURER_NAME\000"
 849      455F4449 
 849      535F4D41 
 849      4E554641 
 849      43545552 
 850              	.LASF77:
 851 09c7 4359424C 		.ascii	"CYBLE_DIS_PNP_ID\000"
 851      455F4449 
 851      535F504E 
 851      505F4944 
 851      00
 852              		.ident	"GCC: (GNU Tools for ARM Embedded Processors) 4.8.4 20140526 (release) [ARM/embedded-4_8-br
