ARM GAS  C:\Users\Yobely\AppData\Local\Temp\ccuSOEge.s 			page 1


   1              		.cpu cortex-m0
   2              		.fpu softvfp
   3              		.eabi_attribute 20, 1
   4              		.eabi_attribute 21, 1
   5              		.eabi_attribute 23, 3
   6              		.eabi_attribute 24, 1
   7              		.eabi_attribute 25, 1
   8              		.eabi_attribute 26, 1
   9              		.eabi_attribute 30, 6
  10              		.eabi_attribute 34, 0
  11              		.eabi_attribute 18, 4
  12              		.code	16
  13              		.file	"Temperature.c"
  14              		.text
  15              	.Ltext0:
  16              		.cfi_sections	.debug_frame
  17              		.section	.text.MeasureSensorVoltage,"ax",%progbits
  18              		.align	2
  19              		.code	16
  20              		.thumb_func
  21              		.type	MeasureSensorVoltage, %function
  22              	MeasureSensorVoltage:
  23              	.LFB35:
  24              		.file 1 ".\\Temperature.c"
   1:.\Temperature.c **** /****************************************************************************
   2:.\Temperature.c **** * File Name: Temperature.c
   3:.\Temperature.c **** *
   4:.\Temperature.c **** * Version: 1.0
   5:.\Temperature.c **** *
   6:.\Temperature.c **** * Description:
   7:.\Temperature.c **** * This file implements functions related to temperature measurement.
   8:.\Temperature.c **** *
   9:.\Temperature.c **** * Note:
  10:.\Temperature.c **** * 
  11:.\Temperature.c **** * Owner:
  12:.\Temperature.c **** * PMAD
  13:.\Temperature.c **** *
  14:.\Temperature.c **** ******************************************************************************
  15:.\Temperature.c **** * Copyright (2014), Cypress Semiconductor Corporation.
  16:.\Temperature.c **** ******************************************************************************
  17:.\Temperature.c **** * This software is owned by Cypress Semiconductor Corporation (Cypress) and is
  18:.\Temperature.c **** * protected by and subject to worldwide patent protection (United States and
  19:.\Temperature.c **** * foreign), United States copyright laws and international treaty provisions.
  20:.\Temperature.c **** * Cypress hereby grants to licensee a personal, non-exclusive, non-transferable
  21:.\Temperature.c **** * license to copy, use, modify, create derivative works of, and compile the
  22:.\Temperature.c **** * Cypress Source Code and derivative works for the sole purpose of creating
  23:.\Temperature.c **** * custom software in support of licensee product to be used only in conjunction
  24:.\Temperature.c **** * with a Cypress integrated circuit as specified in the applicable agreement.
  25:.\Temperature.c **** * Any reproduction, modification, translation, compilation, or representation of
  26:.\Temperature.c **** * this software except as specified above is prohibited without the express
  27:.\Temperature.c **** * written permission of Cypress.
  28:.\Temperature.c **** *
  29:.\Temperature.c **** * Disclaimer: CYPRESS MAKES NO WARRANTY OF ANY KIND, EXPRESS OR IMPLIED, WITH
  30:.\Temperature.c **** * REGARD TO THIS MATERIAL, INCLUDING, BUT NOT LIMITED TO, THE IMPLIED
  31:.\Temperature.c **** * WARRANTIES OF MERCHANTABILITY AND FITNESS FOR A PARTICULAR PURPOSE.
  32:.\Temperature.c **** * Cypress reserves the right to make changes without further notice to the
  33:.\Temperature.c **** * materials described herein. Cypress does not assume any liability arising out
ARM GAS  C:\Users\Yobely\AppData\Local\Temp\ccuSOEge.s 			page 2


  34:.\Temperature.c **** * of the application or use of any product or circuit described herein. Cypress
  35:.\Temperature.c **** * does not authorize its products for use as critical components in life-support
  36:.\Temperature.c **** * systems where a malfunction or failure may reasonably be expected to result in
  37:.\Temperature.c **** * significant injury to the user. The inclusion of Cypress' product in a life-
  38:.\Temperature.c **** * support systems application implies that the manufacturer assumes all risk of
  39:.\Temperature.c **** * such use and in doing so indemnifies Cypress against all charges. Use may be
  40:.\Temperature.c **** * limited by and subject to the applicable Cypress software license agreement.
  41:.\Temperature.c **** *****************************************************************************/
  42:.\Temperature.c **** 
  43:.\Temperature.c **** 
  44:.\Temperature.c **** /*****************************************************************************
  45:.\Temperature.c **** * Included headers
  46:.\Temperature.c **** *****************************************************************************/
  47:.\Temperature.c **** #include "CommonFunctions.h"
  48:.\Temperature.c **** #include "Temperature.h"
  49:.\Temperature.c **** 
  50:.\Temperature.c **** /*****************************************************************************
  51:.\Temperature.c **** * Static Functions
  52:.\Temperature.c **** *****************************************************************************/
  53:.\Temperature.c **** 
  54:.\Temperature.c **** /*****************************************************************************
  55:.\Temperature.c **** * Function Name: MeasureSensorVoltage()
  56:.\Temperature.c **** ******************************************************************************
  57:.\Temperature.c **** * Summary:
  58:.\Temperature.c **** * Measures the voltage connected at ADC input. 
  59:.\Temperature.c **** *
  60:.\Temperature.c **** * Parameters:
  61:.\Temperature.c **** * None
  62:.\Temperature.c **** *
  63:.\Temperature.c **** * Return:
  64:.\Temperature.c **** * uint16 - Measured voltage
  65:.\Temperature.c **** *
  66:.\Temperature.c **** * Theory:
  67:.\Temperature.c **** * This functions sequences the AMux to next channel and connects reference 
  68:.\Temperature.c **** * signal or thermistor or offset signal at ADC input. It then triggers the ADC
  69:.\Temperature.c **** * and measures the signal.
  70:.\Temperature.c **** *
  71:.\Temperature.c **** * Side Effects:
  72:.\Temperature.c **** * None
  73:.\Temperature.c **** *
  74:.\Temperature.c **** * Note:
  75:.\Temperature.c **** *
  76:.\Temperature.c **** *****************************************************************************/
  77:.\Temperature.c **** static uint16 MeasureSensorVoltage ()
  78:.\Temperature.c **** {
  25              		.loc 1 78 0
  26              		.cfi_startproc
  27 0000 80B5     		push	{r7, lr}
  28              		.cfi_def_cfa_offset 8
  29              		.cfi_offset 7, -8
  30              		.cfi_offset 14, -4
  31 0002 00AF     		add	r7, sp, #0
  32              		.cfi_def_cfa_register 7
  79:.\Temperature.c ****     /* Connect next channel available at AMux input to Amux output */
  80:.\Temperature.c ****     /* Note: If no channels are connected, channel 0 gets connected by this 
  81:.\Temperature.c ****     *  fucntion */
  82:.\Temperature.c ****     AMuxSeq_Next();
ARM GAS  C:\Users\Yobely\AppData\Local\Temp\ccuSOEge.s 			page 3


  33              		.loc 1 82 0
  34 0004 FFF7FEFF 		bl	AMuxSeq_Next
  83:.\Temperature.c ****     
  84:.\Temperature.c ****     /* Start sample conversion */
  85:.\Temperature.c ****     ADC_StartConvert();
  35              		.loc 1 85 0
  36 0008 FFF7FEFF 		bl	ADC_StartConvert
  86:.\Temperature.c ****     
  87:.\Temperature.c ****     /* Wait till end of two conversions and drop one sample for signal to settle 
  88:.\Temperature.c ****     *  down, it's not required if reference is continuously available.  
  89:.\Temperature.c ****     *  To reduce current consumption, CPU can be put to sleep while ADC conversion
  90:.\Temperature.c ****     *  is in process. */
  91:.\Temperature.c ****     ADC_IsEndConversion(ADC_WAIT_FOR_RESULT);
  37              		.loc 1 91 0
  38 000c 0220     		mov	r0, #2
  39 000e FFF7FEFF 		bl	ADC_IsEndConversion
  92:.\Temperature.c ****     ADC_IsEndConversion(ADC_WAIT_FOR_RESULT);
  40              		.loc 1 92 0
  41 0012 0220     		mov	r0, #2
  42 0014 FFF7FEFF 		bl	ADC_IsEndConversion
  93:.\Temperature.c ****     
  94:.\Temperature.c ****     /* Stop ADC coversion */ 
  95:.\Temperature.c ****     ADC_StopConvert();
  43              		.loc 1 95 0
  44 0018 FFF7FEFF 		bl	ADC_StopConvert
  96:.\Temperature.c ****     
  97:.\Temperature.c ****     /* Return 16 bit measured value */
  98:.\Temperature.c ****     return (ADC_GetResult16(0));
  45              		.loc 1 98 0
  46 001c 0020     		mov	r0, #0
  47 001e FFF7FEFF 		bl	ADC_GetResult16
  48 0022 031C     		mov	r3, r0
  49 0024 9BB2     		uxth	r3, r3
  99:.\Temperature.c **** }
  50              		.loc 1 99 0
  51 0026 181C     		mov	r0, r3
  52 0028 BD46     		mov	sp, r7
  53              		@ sp needed
  54 002a 80BD     		pop	{r7, pc}
  55              		.cfi_endproc
  56              	.LFE35:
  57              		.size	MeasureSensorVoltage, .-MeasureSensorVoltage
  58              		.global	__aeabi_idiv
  59              		.section	.text.ProcessTemperature,"ax",%progbits
  60              		.align	2
  61              		.global	ProcessTemperature
  62              		.code	16
  63              		.thumb_func
  64              		.type	ProcessTemperature, %function
  65              	ProcessTemperature:
  66              	.LFB36:
 100:.\Temperature.c **** 
 101:.\Temperature.c **** /*****************************************************************************
 102:.\Temperature.c **** * Public Functions
 103:.\Temperature.c **** *****************************************************************************/
 104:.\Temperature.c **** 
 105:.\Temperature.c **** /*****************************************************************************
ARM GAS  C:\Users\Yobely\AppData\Local\Temp\ccuSOEge.s 			page 4


 106:.\Temperature.c **** * Function Name: ProcessTemperature()
 107:.\Temperature.c **** ******************************************************************************
 108:.\Temperature.c **** * Summary:
 109:.\Temperature.c **** * Measures the current temperature. 
 110:.\Temperature.c **** *
 111:.\Temperature.c **** * Parameters:
 112:.\Temperature.c **** * None
 113:.\Temperature.c **** *
 114:.\Temperature.c **** * Return:
 115:.\Temperature.c **** * uint32 - Measured temperature
 116:.\Temperature.c **** *
 117:.\Temperature.c **** * Theory:
 118:.\Temperature.c **** * This function measures the reference voltage, thermistor voltage and 
 119:.\Temperature.c **** * offset voltage. 
 120:.\Temperature.c **** 
 121:.\Temperature.c **** * Channel 0 - Reference voltage
 122:.\Temperature.c **** * Channel 1 - Thermistor voltage
 123:.\Temperature.c **** * Channel 2 - Offset voltage
 124:.\Temperature.c **** * 
 125:.\Temperature.c **** * This function removes offset via correlated double sampling and then
 126:.\Temperature.c **** * measures the temperature.
 127:.\Temperature.c **** *
 128:.\Temperature.c **** * Side Effects:
 129:.\Temperature.c **** * None
 130:.\Temperature.c **** *
 131:.\Temperature.c **** * Note:
 132:.\Temperature.c **** *
 133:.\Temperature.c **** *****************************************************************************/
 134:.\Temperature.c **** int32 ProcessTemperature (void)
 135:.\Temperature.c **** {
  67              		.loc 1 135 0
  68              		.cfi_startproc
  69 0000 80B5     		push	{r7, lr}
  70              		.cfi_def_cfa_offset 8
  71              		.cfi_offset 7, -8
  72              		.cfi_offset 14, -4
  73 0002 84B0     		sub	sp, sp, #16
  74              		.cfi_def_cfa_offset 24
  75 0004 00AF     		add	r7, sp, #0
  76              		.cfi_def_cfa_register 7
 136:.\Temperature.c ****     /* Local variables used for temperature measurement */
 137:.\Temperature.c ****     static int32 temperature = 0;
 138:.\Temperature.c ****     #if (SIMULATE_TEMPERATURE_SENSOR)
 139:.\Temperature.c ****         
 140:.\Temperature.c ****     int32 thermistorResistance = 0;
  77              		.loc 1 140 0
  78 0006 0023     		mov	r3, #0
  79 0008 FB60     		str	r3, [r7, #12]
 141:.\Temperature.c ****     int16 referenceVoltage = 0;
  80              		.loc 1 141 0
  81 000a 3B1C     		mov	r3, r7
  82 000c 0A33     		add	r3, r3, #10
  83 000e 0022     		mov	r2, #0
  84 0010 1A80     		strh	r2, [r3]
 142:.\Temperature.c ****     int16 thermistorVoltage = 0;
  85              		.loc 1 142 0
  86 0012 3B1C     		mov	r3, r7
ARM GAS  C:\Users\Yobely\AppData\Local\Temp\ccuSOEge.s 			page 5


  87 0014 0833     		add	r3, r3, #8
  88 0016 0022     		mov	r2, #0
  89 0018 1A80     		strh	r2, [r3]
 143:.\Temperature.c ****     int16 offsetVoltage = 0;
  90              		.loc 1 143 0
  91 001a BB1D     		add	r3, r7, #6
  92 001c 0022     		mov	r2, #0
  93 001e 1A80     		strh	r2, [r3]
 144:.\Temperature.c ****     
 145:.\Temperature.c ****     /* Check if measurement interval has expired */
 146:.\Temperature.c ****     if(SystemFlag & MEASUREMENT_INTERVAL)
  94              		.loc 1 146 0
  95 0020 254B     		ldr	r3, .L6
  96 0022 1A68     		ldr	r2, [r3]
  97 0024 0223     		mov	r3, #2
  98 0026 1340     		and	r3, r2
  99 0028 3FD0     		beq	.L4
 147:.\Temperature.c ****     {
 148:.\Temperature.c ****         /* Disconnect all the pins from Amux input */
 149:.\Temperature.c ****         AMuxSeq_DisconnectAll();
 100              		.loc 1 149 0
 101 002a FFF7FEFF 		bl	AMuxSeq_DisconnectAll
 150:.\Temperature.c ****         
 151:.\Temperature.c ****         /* Measure reference voltage - Channel 0 */
 152:.\Temperature.c ****         referenceVoltage = MeasureSensorVoltage();
 102              		.loc 1 152 0
 103 002e FFF7FEFF 		bl	MeasureSensorVoltage
 104 0032 031C     		mov	r3, r0
 105 0034 1A1C     		mov	r2, r3
 106 0036 3B1C     		mov	r3, r7
 107 0038 0A33     		add	r3, r3, #10
 108 003a 1A80     		strh	r2, [r3]
 153:.\Temperature.c ****         /* Measure thermistor voltage - Channel 0 */
 154:.\Temperature.c ****         thermistorVoltage = MeasureSensorVoltage();
 109              		.loc 1 154 0
 110 003c FFF7FEFF 		bl	MeasureSensorVoltage
 111 0040 031C     		mov	r3, r0
 112 0042 1A1C     		mov	r2, r3
 113 0044 3B1C     		mov	r3, r7
 114 0046 0833     		add	r3, r3, #8
 115 0048 1A80     		strh	r2, [r3]
 155:.\Temperature.c ****         /* Measure offset voltage - Channel 0 */
 156:.\Temperature.c ****         offsetVoltage = MeasureSensorVoltage();
 116              		.loc 1 156 0
 117 004a FFF7FEFF 		bl	MeasureSensorVoltage
 118 004e 031C     		mov	r3, r0
 119 0050 1A1C     		mov	r2, r3
 120 0052 BB1D     		add	r3, r7, #6
 121 0054 1A80     		strh	r2, [r3]
 157:.\Temperature.c ****         
 158:.\Temperature.c ****         /* Measure thermistor resistance and remove offset by using correlated 
 159:.\Temperature.c ****         *  double sampling. */
 160:.\Temperature.c ****         thermistorResistance = Thermistor_GetResistance((referenceVoltage - offsetVoltage), (thermi
 122              		.loc 1 160 0
 123 0056 3B1C     		mov	r3, r7
 124 0058 0A33     		add	r3, r3, #10
 125 005a 1A88     		ldrh	r2, [r3]
ARM GAS  C:\Users\Yobely\AppData\Local\Temp\ccuSOEge.s 			page 6


 126 005c BB1D     		add	r3, r7, #6
 127 005e 1B88     		ldrh	r3, [r3]
 128 0060 D31A     		sub	r3, r2, r3
 129 0062 9BB2     		uxth	r3, r3
 130 0064 9AB2     		uxth	r2, r3
 131 0066 3B1C     		mov	r3, r7
 132 0068 0833     		add	r3, r3, #8
 133 006a 1988     		ldrh	r1, [r3]
 134 006c BB1D     		add	r3, r7, #6
 135 006e 1B88     		ldrh	r3, [r3]
 136 0070 CB1A     		sub	r3, r1, r3
 137 0072 9BB2     		uxth	r3, r3
 138 0074 9BB2     		uxth	r3, r3
 139 0076 12B2     		sxth	r2, r2
 140 0078 1BB2     		sxth	r3, r3
 141 007a 101C     		mov	r0, r2
 142 007c 191C     		mov	r1, r3
 143 007e FFF7FEFF 		bl	Thermistor_GetResistance
 144 0082 031C     		mov	r3, r0
 145 0084 FB60     		str	r3, [r7, #12]
 161:.\Temperature.c ****         
 162:.\Temperature.c ****         /* Compute temperature and remove decimal places */
 163:.\Temperature.c ****         temperature = Thermistor_GetTemperature(thermistorResistance);
 146              		.loc 1 163 0
 147 0086 FB68     		ldr	r3, [r7, #12]
 148 0088 181C     		mov	r0, r3
 149 008a FFF7FEFF 		bl	Thermistor_GetTemperature
 150 008e 031C     		mov	r3, r0
 151 0090 1A1C     		mov	r2, r3
 152 0092 0A4B     		ldr	r3, .L6+4
 153 0094 1A60     		str	r2, [r3]
 164:.\Temperature.c ****         temperature = temperature / 100;
 154              		.loc 1 164 0
 155 0096 094B     		ldr	r3, .L6+4
 156 0098 1B68     		ldr	r3, [r3]
 157 009a 181C     		mov	r0, r3
 158 009c 6421     		mov	r1, #100
 159 009e FFF7FEFF 		bl	__aeabi_idiv
 160 00a2 031C     		mov	r3, r0
 161 00a4 1A1C     		mov	r2, r3
 162 00a6 054B     		ldr	r3, .L6+4
 163 00a8 1A60     		str	r2, [r3]
 164              	.L4:
 165:.\Temperature.c ****     }
 166:.\Temperature.c ****     #else
 167:.\Temperature.c ****     /* Check if measurement interval has expired */
 168:.\Temperature.c ****     if (SystemFlag & MEASUREMENT_INTERVAL)
 169:.\Temperature.c ****     {
 170:.\Temperature.c ****         temperature++;
 171:.\Temperature.c ****         if(temperature > 100)
 172:.\Temperature.c ****         {
 173:.\Temperature.c ****             temperature = 0;
 174:.\Temperature.c ****         }
 175:.\Temperature.c ****     }
 176:.\Temperature.c ****     #endif
 177:.\Temperature.c ****     
 178:.\Temperature.c ****     /* Return measured temperature */
ARM GAS  C:\Users\Yobely\AppData\Local\Temp\ccuSOEge.s 			page 7


 179:.\Temperature.c ****     return (temperature);
 165              		.loc 1 179 0
 166 00aa 044B     		ldr	r3, .L6+4
 167 00ac 1B68     		ldr	r3, [r3]
 180:.\Temperature.c **** }
 168              		.loc 1 180 0
 169 00ae 181C     		mov	r0, r3
 170 00b0 BD46     		mov	sp, r7
 171 00b2 04B0     		add	sp, sp, #16
 172              		@ sp needed
 173 00b4 80BD     		pop	{r7, pc}
 174              	.L7:
 175 00b6 C046     		.align	2
 176              	.L6:
 177 00b8 00000000 		.word	SystemFlag
 178 00bc 00000000 		.word	temperature.6472
 179              		.cfi_endproc
 180              	.LFE36:
 181              		.size	ProcessTemperature, .-ProcessTemperature
 182              		.bss
 183              		.align	2
 184              	temperature.6472:
 185 0000 00000000 		.space	4
 186              		.text
 187              	.Letext0:
 188              		.file 2 ".\\Generated_Source\\PSoC4/cytypes.h"
 189              		.file 3 ".\\CommonFunctions.h"
 190              		.section	.debug_info,"",%progbits
 191              	.Ldebug_info0:
 192 0000 33010000 		.4byte	0x133
 193 0004 0400     		.2byte	0x4
 194 0006 00000000 		.4byte	.Ldebug_abbrev0
 195 000a 04       		.byte	0x4
 196 000b 01       		.uleb128 0x1
 197 000c 7C000000 		.4byte	.LASF22
 198 0010 01       		.byte	0x1
 199 0011 E2010000 		.4byte	.LASF23
 200 0015 80010000 		.4byte	.LASF24
 201 0019 00000000 		.4byte	.Ldebug_ranges0+0
 202 001d 00000000 		.4byte	0
 203 0021 00000000 		.4byte	.Ldebug_line0
 204 0025 02       		.uleb128 0x2
 205 0026 01       		.byte	0x1
 206 0027 06       		.byte	0x6
 207 0028 74010000 		.4byte	.LASF0
 208 002c 02       		.uleb128 0x2
 209 002d 01       		.byte	0x1
 210 002e 08       		.byte	0x8
 211 002f 0F010000 		.4byte	.LASF1
 212 0033 02       		.uleb128 0x2
 213 0034 02       		.byte	0x2
 214 0035 05       		.byte	0x5
 215 0036 F8010000 		.4byte	.LASF2
 216 003a 02       		.uleb128 0x2
 217 003b 02       		.byte	0x2
 218 003c 07       		.byte	0x7
 219 003d 61010000 		.4byte	.LASF3
ARM GAS  C:\Users\Yobely\AppData\Local\Temp\ccuSOEge.s 			page 8


 220 0041 02       		.uleb128 0x2
 221 0042 04       		.byte	0x4
 222 0043 05       		.byte	0x5
 223 0044 30010000 		.4byte	.LASF4
 224 0048 02       		.uleb128 0x2
 225 0049 04       		.byte	0x4
 226 004a 07       		.byte	0x7
 227 004b 57000000 		.4byte	.LASF5
 228 004f 02       		.uleb128 0x2
 229 0050 08       		.byte	0x8
 230 0051 05       		.byte	0x5
 231 0052 53010000 		.4byte	.LASF6
 232 0056 02       		.uleb128 0x2
 233 0057 08       		.byte	0x8
 234 0058 07       		.byte	0x7
 235 0059 F8000000 		.4byte	.LASF7
 236 005d 03       		.uleb128 0x3
 237 005e 04       		.byte	0x4
 238 005f 05       		.byte	0x5
 239 0060 696E7400 		.ascii	"int\000"
 240 0064 02       		.uleb128 0x2
 241 0065 04       		.byte	0x4
 242 0066 07       		.byte	0x7
 243 0067 1C000000 		.4byte	.LASF8
 244 006b 04       		.uleb128 0x4
 245 006c 39010000 		.4byte	.LASF9
 246 0070 02       		.byte	0x2
 247 0071 A2       		.byte	0xa2
 248 0072 3A000000 		.4byte	0x3a
 249 0076 04       		.uleb128 0x4
 250 0077 15000000 		.4byte	.LASF10
 251 007b 02       		.byte	0x2
 252 007c A3       		.byte	0xa3
 253 007d 48000000 		.4byte	0x48
 254 0081 04       		.uleb128 0x4
 255 0082 F2010000 		.4byte	.LASF11
 256 0086 02       		.byte	0x2
 257 0087 A5       		.byte	0xa5
 258 0088 33000000 		.4byte	0x33
 259 008c 04       		.uleb128 0x4
 260 008d 20020000 		.4byte	.LASF12
 261 0091 02       		.byte	0x2
 262 0092 A6       		.byte	0xa6
 263 0093 41000000 		.4byte	0x41
 264 0097 02       		.uleb128 0x2
 265 0098 04       		.byte	0x4
 266 0099 04       		.byte	0x4
 267 009a DC010000 		.4byte	.LASF13
 268 009e 02       		.uleb128 0x2
 269 009f 08       		.byte	0x8
 270 00a0 04       		.byte	0x4
 271 00a1 4C010000 		.4byte	.LASF14
 272 00a5 02       		.uleb128 0x2
 273 00a6 01       		.byte	0x1
 274 00a7 08       		.byte	0x8
 275 00a8 1D010000 		.4byte	.LASF15
 276 00ac 02       		.uleb128 0x2
ARM GAS  C:\Users\Yobely\AppData\Local\Temp\ccuSOEge.s 			page 9


 277 00ad 04       		.byte	0x4
 278 00ae 07       		.byte	0x7
 279 00af 17020000 		.4byte	.LASF16
 280 00b3 05       		.uleb128 0x5
 281 00b4 00000000 		.4byte	.LASF25
 282 00b8 01       		.byte	0x1
 283 00b9 4D       		.byte	0x4d
 284 00ba 6B000000 		.4byte	0x6b
 285 00be 00000000 		.4byte	.LFB35
 286 00c2 2C000000 		.4byte	.LFE35-.LFB35
 287 00c6 01       		.uleb128 0x1
 288 00c7 9C       		.byte	0x9c
 289 00c8 06       		.uleb128 0x6
 290 00c9 69000000 		.4byte	.LASF26
 291 00cd 01       		.byte	0x1
 292 00ce 86       		.byte	0x86
 293 00cf 8C000000 		.4byte	0x8c
 294 00d3 00000000 		.4byte	.LFB36
 295 00d7 C0000000 		.4byte	.LFE36-.LFB36
 296 00db 01       		.uleb128 0x1
 297 00dc 9C       		.byte	0x9c
 298 00dd 2B010000 		.4byte	0x12b
 299 00e1 07       		.uleb128 0x7
 300 00e2 40010000 		.4byte	.LASF17
 301 00e6 01       		.byte	0x1
 302 00e7 89       		.byte	0x89
 303 00e8 8C000000 		.4byte	0x8c
 304 00ec 05       		.uleb128 0x5
 305 00ed 03       		.byte	0x3
 306 00ee 00000000 		.4byte	temperature.6472
 307 00f2 07       		.uleb128 0x7
 308 00f3 02020000 		.4byte	.LASF18
 309 00f7 01       		.byte	0x1
 310 00f8 8C       		.byte	0x8c
 311 00f9 8C000000 		.4byte	0x8c
 312 00fd 02       		.uleb128 0x2
 313 00fe 91       		.byte	0x91
 314 00ff 74       		.sleb128 -12
 315 0100 07       		.uleb128 0x7
 316 0101 3B000000 		.4byte	.LASF19
 317 0105 01       		.byte	0x1
 318 0106 8D       		.byte	0x8d
 319 0107 81000000 		.4byte	0x81
 320 010b 02       		.uleb128 0x2
 321 010c 91       		.byte	0x91
 322 010d 72       		.sleb128 -14
 323 010e 07       		.uleb128 0x7
 324 010f 29000000 		.4byte	.LASF20
 325 0113 01       		.byte	0x1
 326 0114 8E       		.byte	0x8e
 327 0115 81000000 		.4byte	0x81
 328 0119 02       		.uleb128 0x2
 329 011a 91       		.byte	0x91
 330 011b 70       		.sleb128 -16
 331 011c 07       		.uleb128 0x7
 332 011d 22010000 		.4byte	.LASF21
 333 0121 01       		.byte	0x1
ARM GAS  C:\Users\Yobely\AppData\Local\Temp\ccuSOEge.s 			page 10


 334 0122 8F       		.byte	0x8f
 335 0123 81000000 		.4byte	0x81
 336 0127 02       		.uleb128 0x2
 337 0128 91       		.byte	0x91
 338 0129 6E       		.sleb128 -18
 339 012a 00       		.byte	0
 340 012b 08       		.uleb128 0x8
 341 012c 4C000000 		.4byte	.LASF27
 342 0130 03       		.byte	0x3
 343 0131 3C       		.byte	0x3c
 344 0132 76000000 		.4byte	0x76
 345 0136 00       		.byte	0
 346              		.section	.debug_abbrev,"",%progbits
 347              	.Ldebug_abbrev0:
 348 0000 01       		.uleb128 0x1
 349 0001 11       		.uleb128 0x11
 350 0002 01       		.byte	0x1
 351 0003 25       		.uleb128 0x25
 352 0004 0E       		.uleb128 0xe
 353 0005 13       		.uleb128 0x13
 354 0006 0B       		.uleb128 0xb
 355 0007 03       		.uleb128 0x3
 356 0008 0E       		.uleb128 0xe
 357 0009 1B       		.uleb128 0x1b
 358 000a 0E       		.uleb128 0xe
 359 000b 55       		.uleb128 0x55
 360 000c 17       		.uleb128 0x17
 361 000d 11       		.uleb128 0x11
 362 000e 01       		.uleb128 0x1
 363 000f 10       		.uleb128 0x10
 364 0010 17       		.uleb128 0x17
 365 0011 00       		.byte	0
 366 0012 00       		.byte	0
 367 0013 02       		.uleb128 0x2
 368 0014 24       		.uleb128 0x24
 369 0015 00       		.byte	0
 370 0016 0B       		.uleb128 0xb
 371 0017 0B       		.uleb128 0xb
 372 0018 3E       		.uleb128 0x3e
 373 0019 0B       		.uleb128 0xb
 374 001a 03       		.uleb128 0x3
 375 001b 0E       		.uleb128 0xe
 376 001c 00       		.byte	0
 377 001d 00       		.byte	0
 378 001e 03       		.uleb128 0x3
 379 001f 24       		.uleb128 0x24
 380 0020 00       		.byte	0
 381 0021 0B       		.uleb128 0xb
 382 0022 0B       		.uleb128 0xb
 383 0023 3E       		.uleb128 0x3e
 384 0024 0B       		.uleb128 0xb
 385 0025 03       		.uleb128 0x3
 386 0026 08       		.uleb128 0x8
 387 0027 00       		.byte	0
 388 0028 00       		.byte	0
 389 0029 04       		.uleb128 0x4
 390 002a 16       		.uleb128 0x16
ARM GAS  C:\Users\Yobely\AppData\Local\Temp\ccuSOEge.s 			page 11


 391 002b 00       		.byte	0
 392 002c 03       		.uleb128 0x3
 393 002d 0E       		.uleb128 0xe
 394 002e 3A       		.uleb128 0x3a
 395 002f 0B       		.uleb128 0xb
 396 0030 3B       		.uleb128 0x3b
 397 0031 0B       		.uleb128 0xb
 398 0032 49       		.uleb128 0x49
 399 0033 13       		.uleb128 0x13
 400 0034 00       		.byte	0
 401 0035 00       		.byte	0
 402 0036 05       		.uleb128 0x5
 403 0037 2E       		.uleb128 0x2e
 404 0038 00       		.byte	0
 405 0039 03       		.uleb128 0x3
 406 003a 0E       		.uleb128 0xe
 407 003b 3A       		.uleb128 0x3a
 408 003c 0B       		.uleb128 0xb
 409 003d 3B       		.uleb128 0x3b
 410 003e 0B       		.uleb128 0xb
 411 003f 49       		.uleb128 0x49
 412 0040 13       		.uleb128 0x13
 413 0041 11       		.uleb128 0x11
 414 0042 01       		.uleb128 0x1
 415 0043 12       		.uleb128 0x12
 416 0044 06       		.uleb128 0x6
 417 0045 40       		.uleb128 0x40
 418 0046 18       		.uleb128 0x18
 419 0047 9642     		.uleb128 0x2116
 420 0049 19       		.uleb128 0x19
 421 004a 00       		.byte	0
 422 004b 00       		.byte	0
 423 004c 06       		.uleb128 0x6
 424 004d 2E       		.uleb128 0x2e
 425 004e 01       		.byte	0x1
 426 004f 3F       		.uleb128 0x3f
 427 0050 19       		.uleb128 0x19
 428 0051 03       		.uleb128 0x3
 429 0052 0E       		.uleb128 0xe
 430 0053 3A       		.uleb128 0x3a
 431 0054 0B       		.uleb128 0xb
 432 0055 3B       		.uleb128 0x3b
 433 0056 0B       		.uleb128 0xb
 434 0057 27       		.uleb128 0x27
 435 0058 19       		.uleb128 0x19
 436 0059 49       		.uleb128 0x49
 437 005a 13       		.uleb128 0x13
 438 005b 11       		.uleb128 0x11
 439 005c 01       		.uleb128 0x1
 440 005d 12       		.uleb128 0x12
 441 005e 06       		.uleb128 0x6
 442 005f 40       		.uleb128 0x40
 443 0060 18       		.uleb128 0x18
 444 0061 9642     		.uleb128 0x2116
 445 0063 19       		.uleb128 0x19
 446 0064 01       		.uleb128 0x1
 447 0065 13       		.uleb128 0x13
ARM GAS  C:\Users\Yobely\AppData\Local\Temp\ccuSOEge.s 			page 12


 448 0066 00       		.byte	0
 449 0067 00       		.byte	0
 450 0068 07       		.uleb128 0x7
 451 0069 34       		.uleb128 0x34
 452 006a 00       		.byte	0
 453 006b 03       		.uleb128 0x3
 454 006c 0E       		.uleb128 0xe
 455 006d 3A       		.uleb128 0x3a
 456 006e 0B       		.uleb128 0xb
 457 006f 3B       		.uleb128 0x3b
 458 0070 0B       		.uleb128 0xb
 459 0071 49       		.uleb128 0x49
 460 0072 13       		.uleb128 0x13
 461 0073 02       		.uleb128 0x2
 462 0074 18       		.uleb128 0x18
 463 0075 00       		.byte	0
 464 0076 00       		.byte	0
 465 0077 08       		.uleb128 0x8
 466 0078 34       		.uleb128 0x34
 467 0079 00       		.byte	0
 468 007a 03       		.uleb128 0x3
 469 007b 0E       		.uleb128 0xe
 470 007c 3A       		.uleb128 0x3a
 471 007d 0B       		.uleb128 0xb
 472 007e 3B       		.uleb128 0x3b
 473 007f 0B       		.uleb128 0xb
 474 0080 49       		.uleb128 0x49
 475 0081 13       		.uleb128 0x13
 476 0082 3F       		.uleb128 0x3f
 477 0083 19       		.uleb128 0x19
 478 0084 3C       		.uleb128 0x3c
 479 0085 19       		.uleb128 0x19
 480 0086 00       		.byte	0
 481 0087 00       		.byte	0
 482 0088 00       		.byte	0
 483              		.section	.debug_aranges,"",%progbits
 484 0000 24000000 		.4byte	0x24
 485 0004 0200     		.2byte	0x2
 486 0006 00000000 		.4byte	.Ldebug_info0
 487 000a 04       		.byte	0x4
 488 000b 00       		.byte	0
 489 000c 0000     		.2byte	0
 490 000e 0000     		.2byte	0
 491 0010 00000000 		.4byte	.LFB35
 492 0014 2C000000 		.4byte	.LFE35-.LFB35
 493 0018 00000000 		.4byte	.LFB36
 494 001c C0000000 		.4byte	.LFE36-.LFB36
 495 0020 00000000 		.4byte	0
 496 0024 00000000 		.4byte	0
 497              		.section	.debug_ranges,"",%progbits
 498              	.Ldebug_ranges0:
 499 0000 00000000 		.4byte	.LFB35
 500 0004 2C000000 		.4byte	.LFE35
 501 0008 00000000 		.4byte	.LFB36
 502 000c C0000000 		.4byte	.LFE36
 503 0010 00000000 		.4byte	0
 504 0014 00000000 		.4byte	0
ARM GAS  C:\Users\Yobely\AppData\Local\Temp\ccuSOEge.s 			page 13


 505              		.section	.debug_line,"",%progbits
 506              	.Ldebug_line0:
 507 0000 A1000000 		.section	.debug_str,"MS",%progbits,1
 507      02006300 
 507      00000201 
 507      FB0E0D00 
 507      01010101 
 508              	.LASF25:
 509 0000 4D656173 		.ascii	"MeasureSensorVoltage\000"
 509      75726553 
 509      656E736F 
 509      72566F6C 
 509      74616765 
 510              	.LASF10:
 511 0015 75696E74 		.ascii	"uint32\000"
 511      333200
 512              	.LASF8:
 513 001c 756E7369 		.ascii	"unsigned int\000"
 513      676E6564 
 513      20696E74 
 513      00
 514              	.LASF20:
 515 0029 74686572 		.ascii	"thermistorVoltage\000"
 515      6D697374 
 515      6F72566F 
 515      6C746167 
 515      6500
 516              	.LASF19:
 517 003b 72656665 		.ascii	"referenceVoltage\000"
 517      72656E63 
 517      65566F6C 
 517      74616765 
 517      00
 518              	.LASF27:
 519 004c 53797374 		.ascii	"SystemFlag\000"
 519      656D466C 
 519      616700
 520              	.LASF5:
 521 0057 6C6F6E67 		.ascii	"long unsigned int\000"
 521      20756E73 
 521      69676E65 
 521      6420696E 
 521      7400
 522              	.LASF26:
 523 0069 50726F63 		.ascii	"ProcessTemperature\000"
 523      65737354 
 523      656D7065 
 523      72617475 
 523      726500
 524              	.LASF22:
 525 007c 474E5520 		.ascii	"GNU C 4.8.4 20140526 (release) [ARM/embedded-4_8-br"
 525      4320342E 
 525      382E3420 
 525      32303134 
 525      30353236 
 526 00af 616E6368 		.ascii	"anch revision 211358] -mcpu=cortex-m0 -mthumb -g -O"
 526      20726576 
ARM GAS  C:\Users\Yobely\AppData\Local\Temp\ccuSOEge.s 			page 14


 526      6973696F 
 526      6E203231 
 526      31333538 
 527 00e2 30202D66 		.ascii	"0 -ffunction-sections\000"
 527      66756E63 
 527      74696F6E 
 527      2D736563 
 527      74696F6E 
 528              	.LASF7:
 529 00f8 6C6F6E67 		.ascii	"long long unsigned int\000"
 529      206C6F6E 
 529      6720756E 
 529      7369676E 
 529      65642069 
 530              	.LASF1:
 531 010f 756E7369 		.ascii	"unsigned char\000"
 531      676E6564 
 531      20636861 
 531      7200
 532              	.LASF15:
 533 011d 63686172 		.ascii	"char\000"
 533      00
 534              	.LASF21:
 535 0122 6F666673 		.ascii	"offsetVoltage\000"
 535      6574566F 
 535      6C746167 
 535      6500
 536              	.LASF4:
 537 0130 6C6F6E67 		.ascii	"long int\000"
 537      20696E74 
 537      00
 538              	.LASF9:
 539 0139 75696E74 		.ascii	"uint16\000"
 539      313600
 540              	.LASF17:
 541 0140 74656D70 		.ascii	"temperature\000"
 541      65726174 
 541      75726500 
 542              	.LASF14:
 543 014c 646F7562 		.ascii	"double\000"
 543      6C6500
 544              	.LASF6:
 545 0153 6C6F6E67 		.ascii	"long long int\000"
 545      206C6F6E 
 545      6720696E 
 545      7400
 546              	.LASF3:
 547 0161 73686F72 		.ascii	"short unsigned int\000"
 547      7420756E 
 547      7369676E 
 547      65642069 
 547      6E7400
 548              	.LASF0:
 549 0174 7369676E 		.ascii	"signed char\000"
 549      65642063 
 549      68617200 
 550              	.LASF24:
ARM GAS  C:\Users\Yobely\AppData\Local\Temp\ccuSOEge.s 			page 15


 551 0180 433A5C55 		.ascii	"C:\\Users\\Yobely\\Desktop\\Health Thermometer.cywr"
 551      73657273 
 551      5C596F62 
 551      656C795C 
 551      4465736B 
 552 01af 6B2E4172 		.ascii	"k.Archive01\\AN91184\\Health Thermometer.cydsn\000"
 552      63686976 
 552      6530315C 
 552      414E3931 
 552      3138345C 
 553              	.LASF13:
 554 01dc 666C6F61 		.ascii	"float\000"
 554      7400
 555              	.LASF23:
 556 01e2 2E5C5465 		.ascii	".\\Temperature.c\000"
 556      6D706572 
 556      61747572 
 556      652E6300 
 557              	.LASF11:
 558 01f2 696E7431 		.ascii	"int16\000"
 558      3600
 559              	.LASF2:
 560 01f8 73686F72 		.ascii	"short int\000"
 560      7420696E 
 560      7400
 561              	.LASF18:
 562 0202 74686572 		.ascii	"thermistorResistance\000"
 562      6D697374 
 562      6F725265 
 562      73697374 
 562      616E6365 
 563              	.LASF16:
 564 0217 73697A65 		.ascii	"sizetype\000"
 564      74797065 
 564      00
 565              	.LASF12:
 566 0220 696E7433 		.ascii	"int32\000"
 566      3200
 567              		.ident	"GCC: (GNU Tools for ARM Embedded Processors) 4.8.4 20140526 (release) [ARM/embedded-4_8-br
