ARM GAS  C:\Users\Yobely\AppData\Local\Temp\ccSlH6ku.s 			page 1


   1              		.cpu cortex-m0
   2              		.fpu softvfp
   3              		.eabi_attribute 20, 1
   4              		.eabi_attribute 21, 1
   5              		.eabi_attribute 23, 3
   6              		.eabi_attribute 24, 1
   7              		.eabi_attribute 25, 1
   8              		.eabi_attribute 26, 1
   9              		.eabi_attribute 30, 6
  10              		.eabi_attribute 34, 0
  11              		.eabi_attribute 18, 4
  12              		.code	16
  13              		.file	"Thermistor.c"
  14              		.text
  15              	.Ltext0:
  16              		.cfi_sections	.debug_frame
  17              		.global	__aeabi_idiv
  18              		.section	.text.Thermistor_GetResistance,"ax",%progbits
  19              		.align	2
  20              		.global	Thermistor_GetResistance
  21              		.code	16
  22              		.thumb_func
  23              		.type	Thermistor_GetResistance, %function
  24              	Thermistor_GetResistance:
  25              	.LFB2:
  26              		.file 1 ".\\Generated_Source\\PSoC4\\Thermistor.c"
   1:.\Generated_Source\PSoC4/Thermistor.c **** /*******************************************************************************
   2:.\Generated_Source\PSoC4/Thermistor.c **** * File Name: Thermistor.c
   3:.\Generated_Source\PSoC4/Thermistor.c **** * Version 1.20
   4:.\Generated_Source\PSoC4/Thermistor.c **** *
   5:.\Generated_Source\PSoC4/Thermistor.c **** * Description:
   6:.\Generated_Source\PSoC4/Thermistor.c **** *  This file provides the source code to the API for the ThermistorCalc
   7:.\Generated_Source\PSoC4/Thermistor.c **** *  Component.
   8:.\Generated_Source\PSoC4/Thermistor.c **** *
   9:.\Generated_Source\PSoC4/Thermistor.c **** * Note:
  10:.\Generated_Source\PSoC4/Thermistor.c **** *  None.
  11:.\Generated_Source\PSoC4/Thermistor.c **** *
  12:.\Generated_Source\PSoC4/Thermistor.c **** ********************************************************************************
  13:.\Generated_Source\PSoC4/Thermistor.c **** * Copyright 2013, Cypress Semiconductor Corporation.  All rights reserved.
  14:.\Generated_Source\PSoC4/Thermistor.c **** * You may use this file only in accordance with the license, terms, conditions,
  15:.\Generated_Source\PSoC4/Thermistor.c **** * disclaimers, and limitations in the end user license agreement accompanying
  16:.\Generated_Source\PSoC4/Thermistor.c **** * the software package with which this file was provided.
  17:.\Generated_Source\PSoC4/Thermistor.c **** *******************************************************************************/
  18:.\Generated_Source\PSoC4/Thermistor.c **** 
  19:.\Generated_Source\PSoC4/Thermistor.c **** #include "Thermistor.h"
  20:.\Generated_Source\PSoC4/Thermistor.c **** 
  21:.\Generated_Source\PSoC4/Thermistor.c **** 
  22:.\Generated_Source\PSoC4/Thermistor.c **** /*******************************************************************************
  23:.\Generated_Source\PSoC4/Thermistor.c **** * Function Name: Thermistor_GetResistance
  24:.\Generated_Source\PSoC4/Thermistor.c **** ********************************************************************************
  25:.\Generated_Source\PSoC4/Thermistor.c **** *
  26:.\Generated_Source\PSoC4/Thermistor.c **** * Summary:
  27:.\Generated_Source\PSoC4/Thermistor.c **** *  The digital values of the voltages across the reference resistor and the
  28:.\Generated_Source\PSoC4/Thermistor.c **** *  thermistor are passed to this function as parameters. The function returns
  29:.\Generated_Source\PSoC4/Thermistor.c **** *  the resistance, based on the voltage values.
  30:.\Generated_Source\PSoC4/Thermistor.c **** *
  31:.\Generated_Source\PSoC4/Thermistor.c **** * Parameters:
ARM GAS  C:\Users\Yobely\AppData\Local\Temp\ccSlH6ku.s 			page 2


  32:.\Generated_Source\PSoC4/Thermistor.c **** *  vReference: the voltage across the reference resistor;
  33:.\Generated_Source\PSoC4/Thermistor.c **** *  vThermistor: the voltage across the thermistor.
  34:.\Generated_Source\PSoC4/Thermistor.c **** *  The ratio of these two voltages is used by this function. Therefore, the
  35:.\Generated_Source\PSoC4/Thermistor.c **** *  units for both parameters must be the same.
  36:.\Generated_Source\PSoC4/Thermistor.c **** *
  37:.\Generated_Source\PSoC4/Thermistor.c **** * Return:
  38:.\Generated_Source\PSoC4/Thermistor.c **** *  The return value is the resistance across the thermistor. The value returned
  39:.\Generated_Source\PSoC4/Thermistor.c **** *  is the resistance in Ohms.
  40:.\Generated_Source\PSoC4/Thermistor.c **** *
  41:.\Generated_Source\PSoC4/Thermistor.c **** *******************************************************************************/
  42:.\Generated_Source\PSoC4/Thermistor.c **** uint32 Thermistor_GetResistance(int16 vReference, int16 vThermistor)
  43:.\Generated_Source\PSoC4/Thermistor.c ****                                       
  44:.\Generated_Source\PSoC4/Thermistor.c **** {
  27              		.loc 1 44 0
  28              		.cfi_startproc
  29 0000 80B5     		push	{r7, lr}
  30              		.cfi_def_cfa_offset 8
  31              		.cfi_offset 7, -8
  32              		.cfi_offset 14, -4
  33 0002 84B0     		sub	sp, sp, #16
  34              		.cfi_def_cfa_offset 24
  35 0004 00AF     		add	r7, sp, #0
  36              		.cfi_def_cfa_register 7
  37 0006 0A1C     		mov	r2, r1
  38 0008 BB1D     		add	r3, r7, #6
  39 000a 011C     		add	r1, r0, #0
  40 000c 1980     		strh	r1, [r3]
  41 000e 3B1D     		add	r3, r7, #4
  42 0010 1A80     		strh	r2, [r3]
  45:.\Generated_Source\PSoC4/Thermistor.c ****     int32 resT;
  46:.\Generated_Source\PSoC4/Thermistor.c ****     int16 temp;
  47:.\Generated_Source\PSoC4/Thermistor.c **** 
  48:.\Generated_Source\PSoC4/Thermistor.c ****     /* Calculate thermistor resistance from the voltages */
  49:.\Generated_Source\PSoC4/Thermistor.c ****     resT = Thermistor_REF_RESISTOR * ((int32)vThermistor);
  43              		.loc 1 49 0
  44 0012 3B1D     		add	r3, r7, #4
  45 0014 0022     		mov	r2, #0
  46 0016 9B5E     		ldrsh	r3, [r3, r2]
  47 0018 1D4A     		ldr	r2, .L5
  48 001a 5343     		mul	r3, r2
  49 001c BB60     		str	r3, [r7, #8]
  50:.\Generated_Source\PSoC4/Thermistor.c ****     if (vReference < 0)
  50              		.loc 1 50 0
  51 001e BB1D     		add	r3, r7, #6
  52 0020 0022     		mov	r2, #0
  53 0022 9B5E     		ldrsh	r3, [r3, r2]
  54 0024 002B     		cmp	r3, #0
  55 0026 17DA     		bge	.L2
  51:.\Generated_Source\PSoC4/Thermistor.c ****     {
  52:.\Generated_Source\PSoC4/Thermistor.c ****         temp = -vReference;
  56              		.loc 1 52 0
  57 0028 BB1D     		add	r3, r7, #6
  58 002a 1B88     		ldrh	r3, [r3]
  59 002c 5B42     		neg	r3, r3
  60 002e 9AB2     		uxth	r2, r3
  61 0030 3B1C     		mov	r3, r7
  62 0032 0E33     		add	r3, r3, #14
ARM GAS  C:\Users\Yobely\AppData\Local\Temp\ccSlH6ku.s 			page 3


  63 0034 1A80     		strh	r2, [r3]
  53:.\Generated_Source\PSoC4/Thermistor.c ****         temp = (int16)((uint16)((uint16)temp >> 1u));
  64              		.loc 1 53 0
  65 0036 3B1C     		mov	r3, r7
  66 0038 0E33     		add	r3, r3, #14
  67 003a 1B88     		ldrh	r3, [r3]
  68 003c 5B08     		lsr	r3, r3, #1
  69 003e 9AB2     		uxth	r2, r3
  70 0040 3B1C     		mov	r3, r7
  71 0042 0E33     		add	r3, r3, #14
  72 0044 1A80     		strh	r2, [r3]
  54:.\Generated_Source\PSoC4/Thermistor.c ****         temp = -temp;
  73              		.loc 1 54 0
  74 0046 3B1C     		mov	r3, r7
  75 0048 0E33     		add	r3, r3, #14
  76 004a 1B88     		ldrh	r3, [r3]
  77 004c 5B42     		neg	r3, r3
  78 004e 9AB2     		uxth	r2, r3
  79 0050 3B1C     		mov	r3, r7
  80 0052 0E33     		add	r3, r3, #14
  81 0054 1A80     		strh	r2, [r3]
  82 0056 06E0     		b	.L3
  83              	.L2:
  55:.\Generated_Source\PSoC4/Thermistor.c ****     }
  56:.\Generated_Source\PSoC4/Thermistor.c ****     else
  57:.\Generated_Source\PSoC4/Thermistor.c ****     {
  58:.\Generated_Source\PSoC4/Thermistor.c ****         temp = (int16)((uint16)((uint16)vReference >> 1u));
  84              		.loc 1 58 0
  85 0058 BB1D     		add	r3, r7, #6
  86 005a 1B88     		ldrh	r3, [r3]
  87 005c 5B08     		lsr	r3, r3, #1
  88 005e 9AB2     		uxth	r2, r3
  89 0060 3B1C     		mov	r3, r7
  90 0062 0E33     		add	r3, r3, #14
  91 0064 1A80     		strh	r2, [r3]
  92              	.L3:
  59:.\Generated_Source\PSoC4/Thermistor.c ****     }
  60:.\Generated_Source\PSoC4/Thermistor.c ****     resT += temp;
  93              		.loc 1 60 0
  94 0066 3B1C     		mov	r3, r7
  95 0068 0E33     		add	r3, r3, #14
  96 006a 0022     		mov	r2, #0
  97 006c 9B5E     		ldrsh	r3, [r3, r2]
  98 006e BA68     		ldr	r2, [r7, #8]
  99 0070 D318     		add	r3, r2, r3
 100 0072 BB60     		str	r3, [r7, #8]
  61:.\Generated_Source\PSoC4/Thermistor.c ****     resT /= vReference;
 101              		.loc 1 61 0
 102 0074 BB1D     		add	r3, r7, #6
 103 0076 0022     		mov	r2, #0
 104 0078 9B5E     		ldrsh	r3, [r3, r2]
 105 007a B868     		ldr	r0, [r7, #8]
 106 007c 191C     		mov	r1, r3
 107 007e FFF7FEFF 		bl	__aeabi_idiv
 108 0082 031C     		mov	r3, r0
 109 0084 BB60     		str	r3, [r7, #8]
  62:.\Generated_Source\PSoC4/Thermistor.c **** 
ARM GAS  C:\Users\Yobely\AppData\Local\Temp\ccSlH6ku.s 			page 4


  63:.\Generated_Source\PSoC4/Thermistor.c ****     /* The ordering of Reference resistor value is specifically designed to keep the result from ov
  64:.\Generated_Source\PSoC4/Thermistor.c ****     return ((uint32)((uint32)resT << Thermistor_REF_RES_SHIFT));
 110              		.loc 1 64 0
 111 0086 BB68     		ldr	r3, [r7, #8]
  65:.\Generated_Source\PSoC4/Thermistor.c **** }
 112              		.loc 1 65 0
 113 0088 181C     		mov	r0, r3
 114 008a BD46     		mov	sp, r7
 115 008c 04B0     		add	sp, sp, #16
 116              		@ sp needed
 117 008e 80BD     		pop	{r7, pc}
 118              	.L6:
 119              		.align	2
 120              	.L5:
 121 0090 10270000 		.word	10000
 122              		.cfi_endproc
 123              	.LFE2:
 124              		.size	Thermistor_GetResistance, .-Thermistor_GetResistance
 125              		.section	.text.Thermistor_GetTemperature,"ax",%progbits
 126              		.align	2
 127              		.global	Thermistor_GetTemperature
 128              		.code	16
 129              		.thumb_func
 130              		.type	Thermistor_GetTemperature, %function
 131              	Thermistor_GetTemperature:
 132              	.LFB3:
  66:.\Generated_Source\PSoC4/Thermistor.c **** 
  67:.\Generated_Source\PSoC4/Thermistor.c **** 
  68:.\Generated_Source\PSoC4/Thermistor.c **** /*******************************************************************************
  69:.\Generated_Source\PSoC4/Thermistor.c **** * Function Name: Thermistor_GetTemperature
  70:.\Generated_Source\PSoC4/Thermistor.c **** ********************************************************************************
  71:.\Generated_Source\PSoC4/Thermistor.c **** *
  72:.\Generated_Source\PSoC4/Thermistor.c **** * Summary:
  73:.\Generated_Source\PSoC4/Thermistor.c **** *  The value of the thermistor resistance is passed to this function as a
  74:.\Generated_Source\PSoC4/Thermistor.c **** *  parameter. The function returns the temperature, based on the resistance
  75:.\Generated_Source\PSoC4/Thermistor.c **** *  value. The method used to calculate the temperature is dependent on whether
  76:.\Generated_Source\PSoC4/Thermistor.c **** *  Equation or LUT was selected in the Customizer.
  77:.\Generated_Source\PSoC4/Thermistor.c **** *
  78:.\Generated_Source\PSoC4/Thermistor.c **** * Parameters:
  79:.\Generated_Source\PSoC4/Thermistor.c **** *  resT: the resistance across the thermistor in Ohms.
  80:.\Generated_Source\PSoC4/Thermistor.c **** *
  81:.\Generated_Source\PSoC4/Thermistor.c **** * Return:
  82:.\Generated_Source\PSoC4/Thermistor.c **** *  The return value is the temperature in 1/100ths of degrees C. For example,
  83:.\Generated_Source\PSoC4/Thermistor.c **** *  the return value is 2345, when the actual temperature is 23.45 degrees C.
  84:.\Generated_Source\PSoC4/Thermistor.c **** *
  85:.\Generated_Source\PSoC4/Thermistor.c **** *******************************************************************************/
  86:.\Generated_Source\PSoC4/Thermistor.c **** int16 Thermistor_GetTemperature(uint32 resT) 
  87:.\Generated_Source\PSoC4/Thermistor.c **** {
 133              		.loc 1 87 0
 134              		.cfi_startproc
 135 0000 80B5     		push	{r7, lr}
 136              		.cfi_def_cfa_offset 8
 137              		.cfi_offset 7, -8
 138              		.cfi_offset 14, -4
 139 0002 84B0     		sub	sp, sp, #16
 140              		.cfi_def_cfa_offset 24
 141 0004 00AF     		add	r7, sp, #0
ARM GAS  C:\Users\Yobely\AppData\Local\Temp\ccSlH6ku.s 			page 5


 142              		.cfi_def_cfa_register 7
 143 0006 7860     		str	r0, [r7, #4]
  88:.\Generated_Source\PSoC4/Thermistor.c ****     int16 tempTR;
  89:.\Generated_Source\PSoC4/Thermistor.c ****     static const uint32 CYCODE Thermistor_LUT[] = { 27219u, 26643u, 26080u, 25531u, 24994u, 24471u,
  90:.\Generated_Source\PSoC4/Thermistor.c ****  22497u, 22033u, 21579u, 21135u, 20702u, 20279u, 19866u, 19462u, 19068u, 18682u, 18306u, 17938u, 17
  91:.\Generated_Source\PSoC4/Thermistor.c ****  16547u, 16219u, 15898u, 15585u, 15278u, 14978u, 14685u, 14399u, 14118u, 13844u, 13576u, 13314u, 13
  92:.\Generated_Source\PSoC4/Thermistor.c ****  12322u, 12087u, 11857u, 11633u, 11413u, 11198u, 10987u, 10781u, 10580u, 10382u, 10189u, 10000u, 98
  93:.\Generated_Source\PSoC4/Thermistor.c ****  9283u, 9113u, 8946u, 8783u, 8624u, 8467u, 8314u, 8165u, 8018u, 7874u, 7733u, 7595u, 7460u, 7327u, 
  94:.\Generated_Source\PSoC4/Thermistor.c ****  6824u, 6704u, 6587u, 6472u, 6360u, 6250u, 6141u, 6035u, 5932u, 5830u, 5730u, 5632u, 5536u, 5442u, 
  95:.\Generated_Source\PSoC4/Thermistor.c ****  5084u, 4998u, 4915u, 4833u, 4752u, 4673u, 4596u, 4520u, 4445u, 4372u, 4300u, 4230u, 4161u };
  96:.\Generated_Source\PSoC4/Thermistor.c **** 
  97:.\Generated_Source\PSoC4/Thermistor.c **** 
  98:.\Generated_Source\PSoC4/Thermistor.c ****     #if (Thermistor_IMPLEMENTATION == Thermistor_EQUATION_METHOD)
  99:.\Generated_Source\PSoC4/Thermistor.c **** 
 100:.\Generated_Source\PSoC4/Thermistor.c ****         float32 stEqn;
 101:.\Generated_Source\PSoC4/Thermistor.c ****         float32 logrT;
 102:.\Generated_Source\PSoC4/Thermistor.c **** 
 103:.\Generated_Source\PSoC4/Thermistor.c ****         /* Calculate thermistor resistance from the voltages */
 104:.\Generated_Source\PSoC4/Thermistor.c ****         #if(!CY_PSOC3)
 105:.\Generated_Source\PSoC4/Thermistor.c ****             logrT = (float32)log((float64)resT);
 106:.\Generated_Source\PSoC4/Thermistor.c ****         #else
 107:.\Generated_Source\PSoC4/Thermistor.c ****             logrT = log((float32)resT);
 108:.\Generated_Source\PSoC4/Thermistor.c ****         #endif  /* (!CY_PSOC3) */
 109:.\Generated_Source\PSoC4/Thermistor.c **** 
 110:.\Generated_Source\PSoC4/Thermistor.c ****         /* Calculate temperature from the resistance of thermistor using Steinhart-Hart Equation */
 111:.\Generated_Source\PSoC4/Thermistor.c ****         #if(!CY_PSOC3)
 112:.\Generated_Source\PSoC4/Thermistor.c ****             stEqn = (float32)(Thermistor_THA + (Thermistor_THB * logrT) + 
 113:.\Generated_Source\PSoC4/Thermistor.c ****                              (Thermistor_THC * pow((float64)logrT, (float32)3)));
 114:.\Generated_Source\PSoC4/Thermistor.c ****         #else
 115:.\Generated_Source\PSoC4/Thermistor.c ****             stEqn = (float32)(Thermistor_THA + (Thermistor_THB * logrT) + 
 116:.\Generated_Source\PSoC4/Thermistor.c ****                              (Thermistor_THC * pow(logrT, (float32)3)));
 117:.\Generated_Source\PSoC4/Thermistor.c ****         #endif  /* (!CY_PSOC3) */
 118:.\Generated_Source\PSoC4/Thermistor.c **** 
 119:.\Generated_Source\PSoC4/Thermistor.c ****         tempTR = (int16)((float32)((((1.0 / stEqn) - Thermistor_K2C) * (float32)Thermistor_SCALE) +
 120:.\Generated_Source\PSoC4/Thermistor.c **** 
 121:.\Generated_Source\PSoC4/Thermistor.c ****     #else /* Thermistor_IMPLEMENTATION == Thermistor_LUT_METHOD */
 122:.\Generated_Source\PSoC4/Thermistor.c **** 
 123:.\Generated_Source\PSoC4/Thermistor.c ****         uint16 mid;
 124:.\Generated_Source\PSoC4/Thermistor.c ****         uint16 first = 0u;
 144              		.loc 1 124 0
 145 0008 3B1C     		mov	r3, r7
 146 000a 0E33     		add	r3, r3, #14
 147 000c 0022     		mov	r2, #0
 148 000e 1A80     		strh	r2, [r3]
 125:.\Generated_Source\PSoC4/Thermistor.c ****         uint16 last = Thermistor_LUT_SIZE - 1u;
 149              		.loc 1 125 0
 150 0010 3B1C     		mov	r3, r7
 151 0012 0C33     		add	r3, r3, #12
 152 0014 6422     		mov	r2, #100
 153 0016 1A80     		strh	r2, [r3]
 126:.\Generated_Source\PSoC4/Thermistor.c **** 
 127:.\Generated_Source\PSoC4/Thermistor.c ****         /* Calculate temperature from the resistance of thermistor by using the LUT */
 128:.\Generated_Source\PSoC4/Thermistor.c ****         while (first < last)
 154              		.loc 1 128 0
 155 0018 48E0     		b	.L8
 156              	.L13:
 129:.\Generated_Source\PSoC4/Thermistor.c ****         {
ARM GAS  C:\Users\Yobely\AppData\Local\Temp\ccSlH6ku.s 			page 6


 130:.\Generated_Source\PSoC4/Thermistor.c ****             mid = (first + last) >> 1u;
 157              		.loc 1 130 0
 158 001a 3B1C     		mov	r3, r7
 159 001c 0E33     		add	r3, r3, #14
 160 001e 1A88     		ldrh	r2, [r3]
 161 0020 3B1C     		mov	r3, r7
 162 0022 0C33     		add	r3, r3, #12
 163 0024 1B88     		ldrh	r3, [r3]
 164 0026 D318     		add	r3, r2, r3
 165 0028 5A10     		asr	r2, r3, #1
 166 002a 3B1C     		mov	r3, r7
 167 002c 0A33     		add	r3, r3, #10
 168 002e 1A80     		strh	r2, [r3]
 131:.\Generated_Source\PSoC4/Thermistor.c **** 
 132:.\Generated_Source\PSoC4/Thermistor.c ****             if ((0u == mid) || ((Thermistor_LUT_SIZE - 1u) == mid) || (resT == Thermistor_LUT[mid])
 169              		.loc 1 132 0
 170 0030 3B1C     		mov	r3, r7
 171 0032 0A33     		add	r3, r3, #10
 172 0034 1B88     		ldrh	r3, [r3]
 173 0036 002B     		cmp	r3, #0
 174 0038 0DD0     		beq	.L9
 175              		.loc 1 132 0 is_stmt 0 discriminator 1
 176 003a 3B1C     		mov	r3, r7
 177 003c 0A33     		add	r3, r3, #10
 178 003e 1B88     		ldrh	r3, [r3]
 179 0040 642B     		cmp	r3, #100
 180 0042 08D0     		beq	.L9
 181 0044 3B1C     		mov	r3, r7
 182 0046 0A33     		add	r3, r3, #10
 183 0048 1A88     		ldrh	r2, [r3]
 184 004a 4D4B     		ldr	r3, .L17
 185 004c 9200     		lsl	r2, r2, #2
 186 004e D258     		ldr	r2, [r2, r3]
 187 0050 7B68     		ldr	r3, [r7, #4]
 188 0052 9A42     		cmp	r2, r3
 189 0054 06D1     		bne	.L10
 190              	.L9:
 133:.\Generated_Source\PSoC4/Thermistor.c ****             {
 134:.\Generated_Source\PSoC4/Thermistor.c ****                 last = mid;
 191              		.loc 1 134 0 is_stmt 1
 192 0056 3B1C     		mov	r3, r7
 193 0058 0C33     		add	r3, r3, #12
 194 005a 3A1C     		mov	r2, r7
 195 005c 0A32     		add	r2, r2, #10
 196 005e 1288     		ldrh	r2, [r2]
 197 0060 1A80     		strh	r2, [r3]
 135:.\Generated_Source\PSoC4/Thermistor.c ****                 break;
 198              		.loc 1 135 0
 199 0062 2BE0     		b	.L11
 200              	.L10:
 136:.\Generated_Source\PSoC4/Thermistor.c ****             }
 137:.\Generated_Source\PSoC4/Thermistor.c ****             else if (Thermistor_LUT[mid] > resT)
 201              		.loc 1 137 0
 202 0064 3B1C     		mov	r3, r7
 203 0066 0A33     		add	r3, r3, #10
 204 0068 1A88     		ldrh	r2, [r3]
 205 006a 454B     		ldr	r3, .L17
ARM GAS  C:\Users\Yobely\AppData\Local\Temp\ccSlH6ku.s 			page 7


 206 006c 9200     		lsl	r2, r2, #2
 207 006e D258     		ldr	r2, [r2, r3]
 208 0070 7B68     		ldr	r3, [r7, #4]
 209 0072 9A42     		cmp	r2, r3
 210 0074 0DD9     		bls	.L12
 138:.\Generated_Source\PSoC4/Thermistor.c ****             {
 139:.\Generated_Source\PSoC4/Thermistor.c ****                 first = mid + 1u;
 211              		.loc 1 139 0
 212 0076 3B1C     		mov	r3, r7
 213 0078 0E33     		add	r3, r3, #14
 214 007a 3A1C     		mov	r2, r7
 215 007c 0A32     		add	r2, r2, #10
 216 007e 1288     		ldrh	r2, [r2]
 217 0080 0132     		add	r2, r2, #1
 218 0082 1A80     		strh	r2, [r3]
 219 0084 3B1C     		mov	r3, r7
 220 0086 0C33     		add	r3, r3, #12
 221 0088 3A1C     		mov	r2, r7
 222 008a 0C32     		add	r2, r2, #12
 223 008c 1288     		ldrh	r2, [r2]
 224 008e 1A80     		strh	r2, [r3]
 225 0090 0CE0     		b	.L8
 226              	.L12:
 140:.\Generated_Source\PSoC4/Thermistor.c ****             }
 141:.\Generated_Source\PSoC4/Thermistor.c ****             else /* (Thermistor_LUT[mid] < resT) */
 142:.\Generated_Source\PSoC4/Thermistor.c ****             {
 143:.\Generated_Source\PSoC4/Thermistor.c ****                 last = mid - 1u;
 227              		.loc 1 143 0
 228 0092 3B1C     		mov	r3, r7
 229 0094 0C33     		add	r3, r3, #12
 230 0096 3A1C     		mov	r2, r7
 231 0098 0A32     		add	r2, r2, #10
 232 009a 1288     		ldrh	r2, [r2]
 233 009c 013A     		sub	r2, r2, #1
 234 009e 1A80     		strh	r2, [r3]
 235 00a0 3B1C     		mov	r3, r7
 236 00a2 0E33     		add	r3, r3, #14
 237 00a4 3A1C     		mov	r2, r7
 238 00a6 0E32     		add	r2, r2, #14
 239 00a8 1288     		ldrh	r2, [r2]
 240 00aa 1A80     		strh	r2, [r3]
 241              	.L8:
 128:.\Generated_Source\PSoC4/Thermistor.c ****         while (first < last)
 242              		.loc 1 128 0 discriminator 1
 243 00ac 3A1C     		mov	r2, r7
 244 00ae 0E32     		add	r2, r2, #14
 245 00b0 3B1C     		mov	r3, r7
 246 00b2 0C33     		add	r3, r3, #12
 247 00b4 1288     		ldrh	r2, [r2]
 248 00b6 1B88     		ldrh	r3, [r3]
 249 00b8 9A42     		cmp	r2, r3
 250 00ba AED3     		bcc	.L13
 251              	.L11:
 144:.\Generated_Source\PSoC4/Thermistor.c ****             }
 145:.\Generated_Source\PSoC4/Thermistor.c ****         }
 146:.\Generated_Source\PSoC4/Thermistor.c **** 
 147:.\Generated_Source\PSoC4/Thermistor.c ****         /* Calculation the closest entry in the LUT */
ARM GAS  C:\Users\Yobely\AppData\Local\Temp\ccSlH6ku.s 			page 8


 148:.\Generated_Source\PSoC4/Thermistor.c ****         if ((Thermistor_LUT[last] > resT) && (last < (Thermistor_LUT_SIZE - 1u)) &&
 252              		.loc 1 148 0
 253 00bc 3B1C     		mov	r3, r7
 254 00be 0C33     		add	r3, r3, #12
 255 00c0 1A88     		ldrh	r2, [r3]
 256 00c2 2F4B     		ldr	r3, .L17
 257 00c4 9200     		lsl	r2, r2, #2
 258 00c6 D258     		ldr	r2, [r2, r3]
 259 00c8 7B68     		ldr	r3, [r7, #4]
 260 00ca 9A42     		cmp	r2, r3
 261 00cc 1FD9     		bls	.L14
 262              		.loc 1 148 0 is_stmt 0 discriminator 1
 263 00ce 3B1C     		mov	r3, r7
 264 00d0 0C33     		add	r3, r3, #12
 265 00d2 1B88     		ldrh	r3, [r3]
 266 00d4 632B     		cmp	r3, #99
 267 00d6 1AD8     		bhi	.L14
 149:.\Generated_Source\PSoC4/Thermistor.c ****            ((Thermistor_LUT[last] - resT) > (resT - Thermistor_LUT[last + 1u])))
 268              		.loc 1 149 0 is_stmt 1 discriminator 1
 269 00d8 3B1C     		mov	r3, r7
 270 00da 0C33     		add	r3, r3, #12
 271 00dc 1A88     		ldrh	r2, [r3]
 272 00de 284B     		ldr	r3, .L17
 273 00e0 9200     		lsl	r2, r2, #2
 274 00e2 D258     		ldr	r2, [r2, r3]
 275 00e4 7B68     		ldr	r3, [r7, #4]
 276 00e6 D21A     		sub	r2, r2, r3
 277 00e8 3B1C     		mov	r3, r7
 278 00ea 0C33     		add	r3, r3, #12
 279 00ec 1B88     		ldrh	r3, [r3]
 280 00ee 591C     		add	r1, r3, #1
 281 00f0 234B     		ldr	r3, .L17
 282 00f2 8900     		lsl	r1, r1, #2
 283 00f4 CB58     		ldr	r3, [r1, r3]
 284 00f6 7968     		ldr	r1, [r7, #4]
 285 00f8 CB1A     		sub	r3, r1, r3
 148:.\Generated_Source\PSoC4/Thermistor.c ****         if ((Thermistor_LUT[last] > resT) && (last < (Thermistor_LUT_SIZE - 1u)) &&
 286              		.loc 1 148 0 discriminator 1
 287 00fa 9A42     		cmp	r2, r3
 288 00fc 07D9     		bls	.L14
 150:.\Generated_Source\PSoC4/Thermistor.c ****         {
 151:.\Generated_Source\PSoC4/Thermistor.c ****             last++;
 289              		.loc 1 151 0
 290 00fe 3B1C     		mov	r3, r7
 291 0100 0C33     		add	r3, r3, #12
 292 0102 1A88     		ldrh	r2, [r3]
 293 0104 3B1C     		mov	r3, r7
 294 0106 0C33     		add	r3, r3, #12
 295 0108 0132     		add	r2, r2, #1
 296 010a 1A80     		strh	r2, [r3]
 297 010c 27E0     		b	.L15
 298              	.L14:
 152:.\Generated_Source\PSoC4/Thermistor.c ****         }
 153:.\Generated_Source\PSoC4/Thermistor.c ****         else if ((Thermistor_LUT[last] < resT) && (last > 0u) &&
 299              		.loc 1 153 0
 300 010e 3B1C     		mov	r3, r7
 301 0110 0C33     		add	r3, r3, #12
ARM GAS  C:\Users\Yobely\AppData\Local\Temp\ccSlH6ku.s 			page 9


 302 0112 1A88     		ldrh	r2, [r3]
 303 0114 1A4B     		ldr	r3, .L17
 304 0116 9200     		lsl	r2, r2, #2
 305 0118 D258     		ldr	r2, [r2, r3]
 306 011a 7B68     		ldr	r3, [r7, #4]
 307 011c 9A42     		cmp	r2, r3
 308 011e 1ED2     		bcs	.L15
 309              		.loc 1 153 0 is_stmt 0 discriminator 1
 310 0120 3B1C     		mov	r3, r7
 311 0122 0C33     		add	r3, r3, #12
 312 0124 1B88     		ldrh	r3, [r3]
 313 0126 002B     		cmp	r3, #0
 314 0128 19D0     		beq	.L15
 154:.\Generated_Source\PSoC4/Thermistor.c ****                 ((Thermistor_LUT[last - 1u] - resT) < (resT - Thermistor_LUT[last])))
 315              		.loc 1 154 0 is_stmt 1 discriminator 1
 316 012a 3B1C     		mov	r3, r7
 317 012c 0C33     		add	r3, r3, #12
 318 012e 1B88     		ldrh	r3, [r3]
 319 0130 5A1E     		sub	r2, r3, #1
 320 0132 134B     		ldr	r3, .L17
 321 0134 9200     		lsl	r2, r2, #2
 322 0136 D258     		ldr	r2, [r2, r3]
 323 0138 7B68     		ldr	r3, [r7, #4]
 324 013a D21A     		sub	r2, r2, r3
 325 013c 3B1C     		mov	r3, r7
 326 013e 0C33     		add	r3, r3, #12
 327 0140 1988     		ldrh	r1, [r3]
 328 0142 0F4B     		ldr	r3, .L17
 329 0144 8900     		lsl	r1, r1, #2
 330 0146 CB58     		ldr	r3, [r1, r3]
 331 0148 7968     		ldr	r1, [r7, #4]
 332 014a CB1A     		sub	r3, r1, r3
 153:.\Generated_Source\PSoC4/Thermistor.c ****         else if ((Thermistor_LUT[last] < resT) && (last > 0u) &&
 333              		.loc 1 153 0 discriminator 1
 334 014c 9A42     		cmp	r2, r3
 335 014e 06D2     		bcs	.L15
 155:.\Generated_Source\PSoC4/Thermistor.c ****         {
 156:.\Generated_Source\PSoC4/Thermistor.c ****             last--;
 336              		.loc 1 156 0
 337 0150 3B1C     		mov	r3, r7
 338 0152 0C33     		add	r3, r3, #12
 339 0154 1A88     		ldrh	r2, [r3]
 340 0156 3B1C     		mov	r3, r7
 341 0158 0C33     		add	r3, r3, #12
 342 015a 013A     		sub	r2, r2, #1
 343 015c 1A80     		strh	r2, [r3]
 344              	.L15:
 157:.\Generated_Source\PSoC4/Thermistor.c ****         }
 158:.\Generated_Source\PSoC4/Thermistor.c ****         else
 159:.\Generated_Source\PSoC4/Thermistor.c ****         {
 160:.\Generated_Source\PSoC4/Thermistor.c ****             /* Closest entry in the LUT already found */
 161:.\Generated_Source\PSoC4/Thermistor.c ****         }
 162:.\Generated_Source\PSoC4/Thermistor.c **** 
 163:.\Generated_Source\PSoC4/Thermistor.c ****         tempTR = Thermistor_MIN_TEMP + (int16)((uint16)(last * Thermistor_ACCURACY));
 345              		.loc 1 163 0
 346 015e 3B1C     		mov	r3, r7
 347 0160 0C33     		add	r3, r3, #12
ARM GAS  C:\Users\Yobely\AppData\Local\Temp\ccSlH6ku.s 			page 10


 348 0162 1B88     		ldrh	r3, [r3]
 349 0164 3222     		mov	r2, #50
 350 0166 5343     		mul	r3, r2
 351 0168 9AB2     		uxth	r2, r3
 352 016a 3B1C     		mov	r3, r7
 353 016c 0833     		add	r3, r3, #8
 354 016e 1A80     		strh	r2, [r3]
 164:.\Generated_Source\PSoC4/Thermistor.c **** 
 165:.\Generated_Source\PSoC4/Thermistor.c ****     #endif /* (Thermistor_IMPLEMENTATION == Thermistor_EQUATION_METHOD) */
 166:.\Generated_Source\PSoC4/Thermistor.c **** 
 167:.\Generated_Source\PSoC4/Thermistor.c ****     return (tempTR);
 355              		.loc 1 167 0
 356 0170 3B1C     		mov	r3, r7
 357 0172 0833     		add	r3, r3, #8
 358 0174 1B88     		ldrh	r3, [r3]
 359 0176 1BB2     		sxth	r3, r3
 168:.\Generated_Source\PSoC4/Thermistor.c **** }
 360              		.loc 1 168 0
 361 0178 181C     		mov	r0, r3
 362 017a BD46     		mov	sp, r7
 363 017c 04B0     		add	sp, sp, #16
 364              		@ sp needed
 365 017e 80BD     		pop	{r7, pc}
 366              	.L18:
 367              		.align	2
 368              	.L17:
 369 0180 00000000 		.word	Thermistor_LUT.4692
 370              		.cfi_endproc
 371              	.LFE3:
 372              		.size	Thermistor_GetTemperature, .-Thermistor_GetTemperature
 373              		.section	.rodata
 374              		.align	2
 375              		.type	Thermistor_LUT.4692, %object
 376              		.size	Thermistor_LUT.4692, 404
 377              	Thermistor_LUT.4692:
 378 0000 536A0000 		.word	27219
 379 0004 13680000 		.word	26643
 380 0008 E0650000 		.word	26080
 381 000c BB630000 		.word	25531
 382 0010 A2610000 		.word	24994
 383 0014 975F0000 		.word	24471
 384 0018 985D0000 		.word	23960
 385 001c A55B0000 		.word	23461
 386 0020 BD590000 		.word	22973
 387 0024 E1570000 		.word	22497
 388 0028 11560000 		.word	22033
 389 002c 4B540000 		.word	21579
 390 0030 8F520000 		.word	21135
 391 0034 DE500000 		.word	20702
 392 0038 374F0000 		.word	20279
 393 003c 9A4D0000 		.word	19866
 394 0040 064C0000 		.word	19462
 395 0044 7C4A0000 		.word	19068
 396 0048 FA480000 		.word	18682
 397 004c 82470000 		.word	18306
 398 0050 12460000 		.word	17938
 399 0054 AA440000 		.word	17578
ARM GAS  C:\Users\Yobely\AppData\Local\Temp\ccSlH6ku.s 			page 11


 400 0058 4B430000 		.word	17227
 401 005c F3410000 		.word	16883
 402 0060 A3400000 		.word	16547
 403 0064 5B3F0000 		.word	16219
 404 0068 1A3E0000 		.word	15898
 405 006c E13C0000 		.word	15585
 406 0070 AE3B0000 		.word	15278
 407 0074 823A0000 		.word	14978
 408 0078 5D390000 		.word	14685
 409 007c 3F380000 		.word	14399
 410 0080 26370000 		.word	14118
 411 0084 14360000 		.word	13844
 412 0088 08350000 		.word	13576
 413 008c 02340000 		.word	13314
 414 0090 02330000 		.word	13058
 415 0094 07320000 		.word	12807
 416 0098 12310000 		.word	12562
 417 009c 22300000 		.word	12322
 418 00a0 372F0000 		.word	12087
 419 00a4 512E0000 		.word	11857
 420 00a8 712D0000 		.word	11633
 421 00ac 952C0000 		.word	11413
 422 00b0 BE2B0000 		.word	11198
 423 00b4 EB2A0000 		.word	10987
 424 00b8 1D2A0000 		.word	10781
 425 00bc 54290000 		.word	10580
 426 00c0 8E280000 		.word	10382
 427 00c4 CD270000 		.word	10189
 428 00c8 10270000 		.word	10000
 429 00cc 57260000 		.word	9815
 430 00d0 A2250000 		.word	9634
 431 00d4 F0240000 		.word	9456
 432 00d8 43240000 		.word	9283
 433 00dc 99230000 		.word	9113
 434 00e0 F2220000 		.word	8946
 435 00e4 4F220000 		.word	8783
 436 00e8 B0210000 		.word	8624
 437 00ec 13210000 		.word	8467
 438 00f0 7A200000 		.word	8314
 439 00f4 E51F0000 		.word	8165
 440 00f8 521F0000 		.word	8018
 441 00fc C21E0000 		.word	7874
 442 0100 351E0000 		.word	7733
 443 0104 AB1D0000 		.word	7595
 444 0108 241D0000 		.word	7460
 445 010c 9F1C0000 		.word	7327
 446 0110 1E1C0000 		.word	7198
 447 0114 9F1B0000 		.word	7071
 448 0118 221B0000 		.word	6946
 449 011c A81A0000 		.word	6824
 450 0120 301A0000 		.word	6704
 451 0124 BB190000 		.word	6587
 452 0128 48190000 		.word	6472
 453 012c D8180000 		.word	6360
 454 0130 6A180000 		.word	6250
 455 0134 FD170000 		.word	6141
 456 0138 93170000 		.word	6035
ARM GAS  C:\Users\Yobely\AppData\Local\Temp\ccSlH6ku.s 			page 12


 457 013c 2C170000 		.word	5932
 458 0140 C6160000 		.word	5830
 459 0144 62160000 		.word	5730
 460 0148 00160000 		.word	5632
 461 014c A0150000 		.word	5536
 462 0150 42150000 		.word	5442
 463 0154 E6140000 		.word	5350
 464 0158 8B140000 		.word	5259
 465 015c 33140000 		.word	5171
 466 0160 DC130000 		.word	5084
 467 0164 86130000 		.word	4998
 468 0168 33130000 		.word	4915
 469 016c E1120000 		.word	4833
 470 0170 90120000 		.word	4752
 471 0174 41120000 		.word	4673
 472 0178 F4110000 		.word	4596
 473 017c A8110000 		.word	4520
 474 0180 5D110000 		.word	4445
 475 0184 14110000 		.word	4372
 476 0188 CC100000 		.word	4300
 477 018c 86100000 		.word	4230
 478 0190 41100000 		.word	4161
 479              		.text
 480              	.Letext0:
 481              		.file 2 ".\\Generated_Source\\PSoC4\\cytypes.h"
 482              		.section	.debug_info,"",%progbits
 483              	.Ldebug_info0:
 484 0000 88010000 		.4byte	0x188
 485 0004 0400     		.2byte	0x4
 486 0006 00000000 		.4byte	.Ldebug_abbrev0
 487 000a 04       		.byte	0x4
 488 000b 01       		.uleb128 0x1
 489 000c 95000000 		.4byte	.LASF27
 490 0010 01       		.byte	0x1
 491 0011 71010000 		.4byte	.LASF28
 492 0015 00000000 		.4byte	.LASF29
 493 0019 00000000 		.4byte	.Ldebug_ranges0+0
 494 001d 00000000 		.4byte	0
 495 0021 00000000 		.4byte	.Ldebug_line0
 496 0025 02       		.uleb128 0x2
 497 0026 01       		.byte	0x1
 498 0027 06       		.byte	0x6
 499 0028 1B020000 		.4byte	.LASF0
 500 002c 02       		.uleb128 0x2
 501 002d 01       		.byte	0x1
 502 002e 08       		.byte	0x8
 503 002f 11010000 		.4byte	.LASF1
 504 0033 02       		.uleb128 0x2
 505 0034 02       		.byte	0x2
 506 0035 05       		.byte	0x5
 507 0036 EA010000 		.4byte	.LASF2
 508 003a 02       		.uleb128 0x2
 509 003b 02       		.byte	0x2
 510 003c 07       		.byte	0x7
 511 003d 76000000 		.4byte	.LASF3
 512 0041 02       		.uleb128 0x2
 513 0042 04       		.byte	0x4
ARM GAS  C:\Users\Yobely\AppData\Local\Temp\ccSlH6ku.s 			page 13


 514 0043 05       		.byte	0x5
 515 0044 0D020000 		.4byte	.LASF4
 516 0048 02       		.uleb128 0x2
 517 0049 04       		.byte	0x4
 518 004a 07       		.byte	0x7
 519 004b 25010000 		.4byte	.LASF5
 520 004f 02       		.uleb128 0x2
 521 0050 08       		.byte	0x8
 522 0051 05       		.byte	0x5
 523 0052 D7010000 		.4byte	.LASF6
 524 0056 02       		.uleb128 0x2
 525 0057 08       		.byte	0x8
 526 0058 07       		.byte	0x7
 527 0059 AB010000 		.4byte	.LASF7
 528 005d 03       		.uleb128 0x3
 529 005e 04       		.byte	0x4
 530 005f 05       		.byte	0x5
 531 0060 696E7400 		.ascii	"int\000"
 532 0064 02       		.uleb128 0x2
 533 0065 04       		.byte	0x4
 534 0066 07       		.byte	0x7
 535 0067 9E010000 		.4byte	.LASF8
 536 006b 04       		.uleb128 0x4
 537 006c 6A010000 		.4byte	.LASF9
 538 0070 02       		.byte	0x2
 539 0071 A2       		.byte	0xa2
 540 0072 3A000000 		.4byte	0x3a
 541 0076 04       		.uleb128 0x4
 542 0077 97010000 		.4byte	.LASF10
 543 007b 02       		.byte	0x2
 544 007c A3       		.byte	0xa3
 545 007d 48000000 		.4byte	0x48
 546 0081 04       		.uleb128 0x4
 547 0082 1F010000 		.4byte	.LASF11
 548 0086 02       		.byte	0x2
 549 0087 A5       		.byte	0xa5
 550 0088 33000000 		.4byte	0x33
 551 008c 04       		.uleb128 0x4
 552 008d 3C010000 		.4byte	.LASF12
 553 0091 02       		.byte	0x2
 554 0092 A6       		.byte	0xa6
 555 0093 41000000 		.4byte	0x41
 556 0097 02       		.uleb128 0x2
 557 0098 04       		.byte	0x4
 558 0099 04       		.byte	0x4
 559 009a 8F000000 		.4byte	.LASF13
 560 009e 02       		.uleb128 0x2
 561 009f 08       		.byte	0x8
 562 00a0 04       		.byte	0x4
 563 00a1 63010000 		.4byte	.LASF14
 564 00a5 02       		.uleb128 0x2
 565 00a6 01       		.byte	0x1
 566 00a7 08       		.byte	0x8
 567 00a8 E5010000 		.4byte	.LASF15
 568 00ac 02       		.uleb128 0x2
 569 00ad 04       		.byte	0x4
 570 00ae 07       		.byte	0x7
ARM GAS  C:\Users\Yobely\AppData\Local\Temp\ccSlH6ku.s 			page 14


 571 00af CE010000 		.4byte	.LASF16
 572 00b3 05       		.uleb128 0x5
 573 00b4 F4010000 		.4byte	.LASF21
 574 00b8 01       		.byte	0x1
 575 00b9 2A       		.byte	0x2a
 576 00ba 76000000 		.4byte	0x76
 577 00be 00000000 		.4byte	.LFB2
 578 00c2 94000000 		.4byte	.LFE2-.LFB2
 579 00c6 01       		.uleb128 0x1
 580 00c7 9C       		.byte	0x9c
 581 00c8 05010000 		.4byte	0x105
 582 00cc 06       		.uleb128 0x6
 583 00cd 6B000000 		.4byte	.LASF17
 584 00d1 01       		.byte	0x1
 585 00d2 2A       		.byte	0x2a
 586 00d3 81000000 		.4byte	0x81
 587 00d7 02       		.uleb128 0x2
 588 00d8 91       		.byte	0x91
 589 00d9 6E       		.sleb128 -18
 590 00da 06       		.uleb128 0x6
 591 00db C2010000 		.4byte	.LASF18
 592 00df 01       		.byte	0x1
 593 00e0 2A       		.byte	0x2a
 594 00e1 81000000 		.4byte	0x81
 595 00e5 02       		.uleb128 0x2
 596 00e6 91       		.byte	0x91
 597 00e7 6C       		.sleb128 -20
 598 00e8 07       		.uleb128 0x7
 599 00e9 16020000 		.4byte	.LASF19
 600 00ed 01       		.byte	0x1
 601 00ee 2D       		.byte	0x2d
 602 00ef 8C000000 		.4byte	0x8c
 603 00f3 02       		.uleb128 0x2
 604 00f4 91       		.byte	0x91
 605 00f5 70       		.sleb128 -16
 606 00f6 07       		.uleb128 0x7
 607 00f7 37010000 		.4byte	.LASF20
 608 00fb 01       		.byte	0x1
 609 00fc 2E       		.byte	0x2e
 610 00fd 81000000 		.4byte	0x81
 611 0101 02       		.uleb128 0x2
 612 0102 91       		.byte	0x91
 613 0103 76       		.sleb128 -10
 614 0104 00       		.byte	0
 615 0105 08       		.uleb128 0x8
 616 0106 42010000 		.4byte	.LASF22
 617 010a 01       		.byte	0x1
 618 010b 56       		.byte	0x56
 619 010c 81000000 		.4byte	0x81
 620 0110 00000000 		.4byte	.LFB3
 621 0114 84010000 		.4byte	.LFE3-.LFB3
 622 0118 01       		.uleb128 0x1
 623 0119 9C       		.byte	0x9c
 624 011a 76010000 		.4byte	0x176
 625 011e 06       		.uleb128 0x6
 626 011f 16020000 		.4byte	.LASF19
 627 0123 01       		.byte	0x1
ARM GAS  C:\Users\Yobely\AppData\Local\Temp\ccSlH6ku.s 			page 15


 628 0124 56       		.byte	0x56
 629 0125 76000000 		.4byte	0x76
 630 0129 02       		.uleb128 0x2
 631 012a 91       		.byte	0x91
 632 012b 6C       		.sleb128 -20
 633 012c 07       		.uleb128 0x7
 634 012d 5C010000 		.4byte	.LASF23
 635 0131 01       		.byte	0x1
 636 0132 58       		.byte	0x58
 637 0133 81000000 		.4byte	0x81
 638 0137 02       		.uleb128 0x2
 639 0138 91       		.byte	0x91
 640 0139 70       		.sleb128 -16
 641 013a 07       		.uleb128 0x7
 642 013b 5C000000 		.4byte	.LASF24
 643 013f 01       		.byte	0x1
 644 0140 59       		.byte	0x59
 645 0141 86010000 		.4byte	0x186
 646 0145 05       		.uleb128 0x5
 647 0146 03       		.byte	0x3
 648 0147 00000000 		.4byte	Thermistor_LUT.4692
 649 014b 09       		.uleb128 0x9
 650 014c 6D696400 		.ascii	"mid\000"
 651 0150 01       		.byte	0x1
 652 0151 7B       		.byte	0x7b
 653 0152 6B000000 		.4byte	0x6b
 654 0156 02       		.uleb128 0x2
 655 0157 91       		.byte	0x91
 656 0158 72       		.sleb128 -14
 657 0159 07       		.uleb128 0x7
 658 015a 89000000 		.4byte	.LASF25
 659 015e 01       		.byte	0x1
 660 015f 7C       		.byte	0x7c
 661 0160 6B000000 		.4byte	0x6b
 662 0164 02       		.uleb128 0x2
 663 0165 91       		.byte	0x91
 664 0166 76       		.sleb128 -10
 665 0167 07       		.uleb128 0x7
 666 0168 27020000 		.4byte	.LASF26
 667 016c 01       		.byte	0x1
 668 016d 7D       		.byte	0x7d
 669 016e 6B000000 		.4byte	0x6b
 670 0172 02       		.uleb128 0x2
 671 0173 91       		.byte	0x91
 672 0174 74       		.sleb128 -12
 673 0175 00       		.byte	0
 674 0176 0A       		.uleb128 0xa
 675 0177 76000000 		.4byte	0x76
 676 017b 86010000 		.4byte	0x186
 677 017f 0B       		.uleb128 0xb
 678 0180 AC000000 		.4byte	0xac
 679 0184 64       		.byte	0x64
 680 0185 00       		.byte	0
 681 0186 0C       		.uleb128 0xc
 682 0187 76010000 		.4byte	0x176
 683 018b 00       		.byte	0
 684              		.section	.debug_abbrev,"",%progbits
ARM GAS  C:\Users\Yobely\AppData\Local\Temp\ccSlH6ku.s 			page 16


 685              	.Ldebug_abbrev0:
 686 0000 01       		.uleb128 0x1
 687 0001 11       		.uleb128 0x11
 688 0002 01       		.byte	0x1
 689 0003 25       		.uleb128 0x25
 690 0004 0E       		.uleb128 0xe
 691 0005 13       		.uleb128 0x13
 692 0006 0B       		.uleb128 0xb
 693 0007 03       		.uleb128 0x3
 694 0008 0E       		.uleb128 0xe
 695 0009 1B       		.uleb128 0x1b
 696 000a 0E       		.uleb128 0xe
 697 000b 55       		.uleb128 0x55
 698 000c 17       		.uleb128 0x17
 699 000d 11       		.uleb128 0x11
 700 000e 01       		.uleb128 0x1
 701 000f 10       		.uleb128 0x10
 702 0010 17       		.uleb128 0x17
 703 0011 00       		.byte	0
 704 0012 00       		.byte	0
 705 0013 02       		.uleb128 0x2
 706 0014 24       		.uleb128 0x24
 707 0015 00       		.byte	0
 708 0016 0B       		.uleb128 0xb
 709 0017 0B       		.uleb128 0xb
 710 0018 3E       		.uleb128 0x3e
 711 0019 0B       		.uleb128 0xb
 712 001a 03       		.uleb128 0x3
 713 001b 0E       		.uleb128 0xe
 714 001c 00       		.byte	0
 715 001d 00       		.byte	0
 716 001e 03       		.uleb128 0x3
 717 001f 24       		.uleb128 0x24
 718 0020 00       		.byte	0
 719 0021 0B       		.uleb128 0xb
 720 0022 0B       		.uleb128 0xb
 721 0023 3E       		.uleb128 0x3e
 722 0024 0B       		.uleb128 0xb
 723 0025 03       		.uleb128 0x3
 724 0026 08       		.uleb128 0x8
 725 0027 00       		.byte	0
 726 0028 00       		.byte	0
 727 0029 04       		.uleb128 0x4
 728 002a 16       		.uleb128 0x16
 729 002b 00       		.byte	0
 730 002c 03       		.uleb128 0x3
 731 002d 0E       		.uleb128 0xe
 732 002e 3A       		.uleb128 0x3a
 733 002f 0B       		.uleb128 0xb
 734 0030 3B       		.uleb128 0x3b
 735 0031 0B       		.uleb128 0xb
 736 0032 49       		.uleb128 0x49
 737 0033 13       		.uleb128 0x13
 738 0034 00       		.byte	0
 739 0035 00       		.byte	0
 740 0036 05       		.uleb128 0x5
 741 0037 2E       		.uleb128 0x2e
ARM GAS  C:\Users\Yobely\AppData\Local\Temp\ccSlH6ku.s 			page 17


 742 0038 01       		.byte	0x1
 743 0039 3F       		.uleb128 0x3f
 744 003a 19       		.uleb128 0x19
 745 003b 03       		.uleb128 0x3
 746 003c 0E       		.uleb128 0xe
 747 003d 3A       		.uleb128 0x3a
 748 003e 0B       		.uleb128 0xb
 749 003f 3B       		.uleb128 0x3b
 750 0040 0B       		.uleb128 0xb
 751 0041 27       		.uleb128 0x27
 752 0042 19       		.uleb128 0x19
 753 0043 49       		.uleb128 0x49
 754 0044 13       		.uleb128 0x13
 755 0045 11       		.uleb128 0x11
 756 0046 01       		.uleb128 0x1
 757 0047 12       		.uleb128 0x12
 758 0048 06       		.uleb128 0x6
 759 0049 40       		.uleb128 0x40
 760 004a 18       		.uleb128 0x18
 761 004b 9642     		.uleb128 0x2116
 762 004d 19       		.uleb128 0x19
 763 004e 01       		.uleb128 0x1
 764 004f 13       		.uleb128 0x13
 765 0050 00       		.byte	0
 766 0051 00       		.byte	0
 767 0052 06       		.uleb128 0x6
 768 0053 05       		.uleb128 0x5
 769 0054 00       		.byte	0
 770 0055 03       		.uleb128 0x3
 771 0056 0E       		.uleb128 0xe
 772 0057 3A       		.uleb128 0x3a
 773 0058 0B       		.uleb128 0xb
 774 0059 3B       		.uleb128 0x3b
 775 005a 0B       		.uleb128 0xb
 776 005b 49       		.uleb128 0x49
 777 005c 13       		.uleb128 0x13
 778 005d 02       		.uleb128 0x2
 779 005e 18       		.uleb128 0x18
 780 005f 00       		.byte	0
 781 0060 00       		.byte	0
 782 0061 07       		.uleb128 0x7
 783 0062 34       		.uleb128 0x34
 784 0063 00       		.byte	0
 785 0064 03       		.uleb128 0x3
 786 0065 0E       		.uleb128 0xe
 787 0066 3A       		.uleb128 0x3a
 788 0067 0B       		.uleb128 0xb
 789 0068 3B       		.uleb128 0x3b
 790 0069 0B       		.uleb128 0xb
 791 006a 49       		.uleb128 0x49
 792 006b 13       		.uleb128 0x13
 793 006c 02       		.uleb128 0x2
 794 006d 18       		.uleb128 0x18
 795 006e 00       		.byte	0
 796 006f 00       		.byte	0
 797 0070 08       		.uleb128 0x8
 798 0071 2E       		.uleb128 0x2e
ARM GAS  C:\Users\Yobely\AppData\Local\Temp\ccSlH6ku.s 			page 18


 799 0072 01       		.byte	0x1
 800 0073 3F       		.uleb128 0x3f
 801 0074 19       		.uleb128 0x19
 802 0075 03       		.uleb128 0x3
 803 0076 0E       		.uleb128 0xe
 804 0077 3A       		.uleb128 0x3a
 805 0078 0B       		.uleb128 0xb
 806 0079 3B       		.uleb128 0x3b
 807 007a 0B       		.uleb128 0xb
 808 007b 27       		.uleb128 0x27
 809 007c 19       		.uleb128 0x19
 810 007d 49       		.uleb128 0x49
 811 007e 13       		.uleb128 0x13
 812 007f 11       		.uleb128 0x11
 813 0080 01       		.uleb128 0x1
 814 0081 12       		.uleb128 0x12
 815 0082 06       		.uleb128 0x6
 816 0083 40       		.uleb128 0x40
 817 0084 18       		.uleb128 0x18
 818 0085 9742     		.uleb128 0x2117
 819 0087 19       		.uleb128 0x19
 820 0088 01       		.uleb128 0x1
 821 0089 13       		.uleb128 0x13
 822 008a 00       		.byte	0
 823 008b 00       		.byte	0
 824 008c 09       		.uleb128 0x9
 825 008d 34       		.uleb128 0x34
 826 008e 00       		.byte	0
 827 008f 03       		.uleb128 0x3
 828 0090 08       		.uleb128 0x8
 829 0091 3A       		.uleb128 0x3a
 830 0092 0B       		.uleb128 0xb
 831 0093 3B       		.uleb128 0x3b
 832 0094 0B       		.uleb128 0xb
 833 0095 49       		.uleb128 0x49
 834 0096 13       		.uleb128 0x13
 835 0097 02       		.uleb128 0x2
 836 0098 18       		.uleb128 0x18
 837 0099 00       		.byte	0
 838 009a 00       		.byte	0
 839 009b 0A       		.uleb128 0xa
 840 009c 01       		.uleb128 0x1
 841 009d 01       		.byte	0x1
 842 009e 49       		.uleb128 0x49
 843 009f 13       		.uleb128 0x13
 844 00a0 01       		.uleb128 0x1
 845 00a1 13       		.uleb128 0x13
 846 00a2 00       		.byte	0
 847 00a3 00       		.byte	0
 848 00a4 0B       		.uleb128 0xb
 849 00a5 21       		.uleb128 0x21
 850 00a6 00       		.byte	0
 851 00a7 49       		.uleb128 0x49
 852 00a8 13       		.uleb128 0x13
 853 00a9 2F       		.uleb128 0x2f
 854 00aa 0B       		.uleb128 0xb
 855 00ab 00       		.byte	0
ARM GAS  C:\Users\Yobely\AppData\Local\Temp\ccSlH6ku.s 			page 19


 856 00ac 00       		.byte	0
 857 00ad 0C       		.uleb128 0xc
 858 00ae 26       		.uleb128 0x26
 859 00af 00       		.byte	0
 860 00b0 49       		.uleb128 0x49
 861 00b1 13       		.uleb128 0x13
 862 00b2 00       		.byte	0
 863 00b3 00       		.byte	0
 864 00b4 00       		.byte	0
 865              		.section	.debug_aranges,"",%progbits
 866 0000 24000000 		.4byte	0x24
 867 0004 0200     		.2byte	0x2
 868 0006 00000000 		.4byte	.Ldebug_info0
 869 000a 04       		.byte	0x4
 870 000b 00       		.byte	0
 871 000c 0000     		.2byte	0
 872 000e 0000     		.2byte	0
 873 0010 00000000 		.4byte	.LFB2
 874 0014 94000000 		.4byte	.LFE2-.LFB2
 875 0018 00000000 		.4byte	.LFB3
 876 001c 84010000 		.4byte	.LFE3-.LFB3
 877 0020 00000000 		.4byte	0
 878 0024 00000000 		.4byte	0
 879              		.section	.debug_ranges,"",%progbits
 880              	.Ldebug_ranges0:
 881 0000 00000000 		.4byte	.LFB2
 882 0004 94000000 		.4byte	.LFE2
 883 0008 00000000 		.4byte	.LFB3
 884 000c 84010000 		.4byte	.LFE3
 885 0010 00000000 		.4byte	0
 886 0014 00000000 		.4byte	0
 887              		.section	.debug_line,"",%progbits
 888              	.Ldebug_line0:
 889 0000 BD000000 		.section	.debug_str,"MS",%progbits,1
 889      02004900 
 889      00000201 
 889      FB0E0D00 
 889      01010101 
 890              	.LASF29:
 891 0000 433A5C55 		.ascii	"C:\\Users\\Yobely\\Desktop\\Health Thermometer.cywr"
 891      73657273 
 891      5C596F62 
 891      656C795C 
 891      4465736B 
 892 002f 6B2E4172 		.ascii	"k.Archive01\\AN91184\\Health Thermometer.cydsn\000"
 892      63686976 
 892      6530315C 
 892      414E3931 
 892      3138345C 
 893              	.LASF24:
 894 005c 54686572 		.ascii	"Thermistor_LUT\000"
 894      6D697374 
 894      6F725F4C 
 894      555400
 895              	.LASF17:
 896 006b 76526566 		.ascii	"vReference\000"
 896      6572656E 
ARM GAS  C:\Users\Yobely\AppData\Local\Temp\ccSlH6ku.s 			page 20


 896      636500
 897              	.LASF3:
 898 0076 73686F72 		.ascii	"short unsigned int\000"
 898      7420756E 
 898      7369676E 
 898      65642069 
 898      6E7400
 899              	.LASF25:
 900 0089 66697273 		.ascii	"first\000"
 900      7400
 901              	.LASF13:
 902 008f 666C6F61 		.ascii	"float\000"
 902      7400
 903              	.LASF27:
 904 0095 474E5520 		.ascii	"GNU C 4.8.4 20140526 (release) [ARM/embedded-4_8-br"
 904      4320342E 
 904      382E3420 
 904      32303134 
 904      30353236 
 905 00c8 616E6368 		.ascii	"anch revision 211358] -mcpu=cortex-m0 -mthumb -g -O"
 905      20726576 
 905      6973696F 
 905      6E203231 
 905      31333538 
 906 00fb 30202D66 		.ascii	"0 -ffunction-sections\000"
 906      66756E63 
 906      74696F6E 
 906      2D736563 
 906      74696F6E 
 907              	.LASF1:
 908 0111 756E7369 		.ascii	"unsigned char\000"
 908      676E6564 
 908      20636861 
 908      7200
 909              	.LASF11:
 910 011f 696E7431 		.ascii	"int16\000"
 910      3600
 911              	.LASF5:
 912 0125 6C6F6E67 		.ascii	"long unsigned int\000"
 912      20756E73 
 912      69676E65 
 912      6420696E 
 912      7400
 913              	.LASF20:
 914 0137 74656D70 		.ascii	"temp\000"
 914      00
 915              	.LASF12:
 916 013c 696E7433 		.ascii	"int32\000"
 916      3200
 917              	.LASF22:
 918 0142 54686572 		.ascii	"Thermistor_GetTemperature\000"
 918      6D697374 
 918      6F725F47 
 918      65745465 
 918      6D706572 
 919              	.LASF23:
 920 015c 74656D70 		.ascii	"tempTR\000"
ARM GAS  C:\Users\Yobely\AppData\Local\Temp\ccSlH6ku.s 			page 21


 920      545200
 921              	.LASF14:
 922 0163 646F7562 		.ascii	"double\000"
 922      6C6500
 923              	.LASF9:
 924 016a 75696E74 		.ascii	"uint16\000"
 924      313600
 925              	.LASF28:
 926 0171 2E5C4765 		.ascii	".\\Generated_Source\\PSoC4\\Thermistor.c\000"
 926      6E657261 
 926      7465645F 
 926      536F7572 
 926      63655C50 
 927              	.LASF10:
 928 0197 75696E74 		.ascii	"uint32\000"
 928      333200
 929              	.LASF8:
 930 019e 756E7369 		.ascii	"unsigned int\000"
 930      676E6564 
 930      20696E74 
 930      00
 931              	.LASF7:
 932 01ab 6C6F6E67 		.ascii	"long long unsigned int\000"
 932      206C6F6E 
 932      6720756E 
 932      7369676E 
 932      65642069 
 933              	.LASF18:
 934 01c2 76546865 		.ascii	"vThermistor\000"
 934      726D6973 
 934      746F7200 
 935              	.LASF16:
 936 01ce 73697A65 		.ascii	"sizetype\000"
 936      74797065 
 936      00
 937              	.LASF6:
 938 01d7 6C6F6E67 		.ascii	"long long int\000"
 938      206C6F6E 
 938      6720696E 
 938      7400
 939              	.LASF15:
 940 01e5 63686172 		.ascii	"char\000"
 940      00
 941              	.LASF2:
 942 01ea 73686F72 		.ascii	"short int\000"
 942      7420696E 
 942      7400
 943              	.LASF21:
 944 01f4 54686572 		.ascii	"Thermistor_GetResistance\000"
 944      6D697374 
 944      6F725F47 
 944      65745265 
 944      73697374 
 945              	.LASF4:
 946 020d 6C6F6E67 		.ascii	"long int\000"
 946      20696E74 
 946      00
ARM GAS  C:\Users\Yobely\AppData\Local\Temp\ccSlH6ku.s 			page 22


 947              	.LASF19:
 948 0216 72657354 		.ascii	"resT\000"
 948      00
 949              	.LASF0:
 950 021b 7369676E 		.ascii	"signed char\000"
 950      65642063 
 950      68617200 
 951              	.LASF26:
 952 0227 6C617374 		.ascii	"last\000"
 952      00
 953              		.ident	"GCC: (GNU Tools for ARM Embedded Processors) 4.8.4 20140526 (release) [ARM/embedded-4_8-br
