Loading plugins phase: Elapsed time ==> 1s.616ms
Initializing data phase: Elapsed time ==> 0s.000ms
<CYPRESSTAG name="CyDsfit arguments...">
cydsfit arguments: -.fdsnotice -.fdswarpdepfile=warp_dependencies.txt -.fdselabdepfile=elab_dependencies.txt -.fdsbldfile=generated_files.txt -p C:\Users\Yobely\Desktop\Health.Thermometer.cywrk.Archive01\AN91184\Health Thermometer.cydsn\Health Thermometer.cyprj -d CY8C4247LQI-BL483 -s C:\Users\Yobely\Desktop\Health.Thermometer.cywrk.Archive01\AN91184\Health Thermometer.cydsn\Generated_Source\PSoC4 -- -yv2 -q10 -ygs -o2 -v3 -.fftcfgtype=LE</CYPRESSTAG>
<CYPRESSTAG name="Design elaboration results...">
ADD: sdb.M0061: information: Info from component: ADC. The actual sample rate (5208 SPS) differs from the desired sample rate (5555 SPS) due to the clock configuration in the DWR.
 * C:\Users\Yobely\Desktop\Health.Thermometer.cywrk.Archive01\AN91184\Health Thermometer.cydsn\TopDesign\TopDesign.cysch (Instance:ADC)

</CYPRESSTAG>
Elaboration phase: Elapsed time ==> 17s.690ms
<CYPRESSTAG name="HDL generation results...">
</CYPRESSTAG>
HDL generation phase: Elapsed time ==> 0s.478ms
<CYPRESSTAG name="Synthesis results...">

     | | | | | | |
   _________________
  -|               |-
  -|               |-
  -|               |-
  -|    CYPRESS    |-
  -|               |-
  -|               |-   Warp Verilog Synthesis Compiler: Version 6.3 IR 41
  -|               |-   Copyright (C) 1991-2001 Cypress Semiconductor
   |_______________|
     | | | | | | |

======================================================================
Compiling:  Health Thermometer.v
Program  :   C:\Program Files (x86)\Cypress\PSoC Creator\3.1\PSoC Creator\warp\bin/warp.exe
Options  :    -yv2 -q10 -ygs -o2 -v3 -.fftcfgtype=LE -ya -.fftprj=C:\Users\Yobely\Desktop\Health.Thermometer.cywrk.Archive01\AN91184\Health Thermometer.cydsn\Health Thermometer.cyprj -dcpsoc3 Health Thermometer.v -verilog
======================================================================

======================================================================
Compiling:  Health Thermometer.v
Program  :   C:\Program Files (x86)\Cypress\PSoC Creator\3.1\PSoC Creator\warp\bin/warp.exe
Options  :    -yv2 -q10 -ygs -o2 -v3 -.fftcfgtype=LE -ya -.fftprj=C:\Users\Yobely\Desktop\Health.Thermometer.cywrk.Archive01\AN91184\Health Thermometer.cydsn\Health Thermometer.cyprj -dcpsoc3 Health Thermometer.v -verilog
======================================================================

======================================================================
Compiling:  Health Thermometer.v
Program  :   vlogfe
Options  :    -yv2 -q10 -ygs -o2 -v3 -.fftcfgtype=LE -ya -.fftprj=C:\Users\Yobely\Desktop\Health.Thermometer.cywrk.Archive01\AN91184\Health Thermometer.cydsn\Health Thermometer.cyprj -dcpsoc3 -verilog Health Thermometer.v
======================================================================

vlogfe V6.3 IR 41:  Verilog parser
Thu Dec 08 21:13:54 2016


======================================================================
Compiling:  Health Thermometer.v
Program  :   vpp
Options  :    -yv2 -q10 Health Thermometer.v
======================================================================

vpp V6.3 IR 41:  Verilog Pre-Processor
Thu Dec 08 21:13:54 2016

Flattening file 'C:\Program Files (x86)\Cypress\PSoC Creator\3.1\PSoC Creator\warp\..\psoc\content\cyprimitives\CyPrimitives.cylib\ZeroTerminal\ZeroTerminal.v'
Flattening file 'C:\Program Files (x86)\Cypress\PSoC Creator\3.1\PSoC Creator\warp\..\psoc\content\cyprimitives\CyPrimitives.cylib\or_v1_0\or_v1_0.v'
Flattening file 'C:\Program Files (x86)\Cypress\PSoC Creator\3.1\PSoC Creator\warp\..\psoc\content\cyprimitives\CyPrimitives.cylib\cy_analog_virtualmux_v1_0\cy_analog_virtualmux_v1_0.v'
Flattening file 'C:\Program Files (x86)\Cypress\PSoC Creator\3.1\PSoC Creator\warp\..\psoc\content\cycomponentlibrary\CyComponentLibrary.cylib\Bus_Connect_v2_0\Bus_Connect_v2_0.v'
Flattening file 'C:\Program Files (x86)\Cypress\PSoC Creator\3.1\PSoC Creator\warp\lib\common\cypress.v'
Flattening file 'C:\Program Files (x86)\Cypress\PSoC Creator\3.1\PSoC Creator\warp\lib\common\cy_psoc3_inc.v'
Flattening file 'C:\Program Files (x86)\Cypress\PSoC Creator\3.1\PSoC Creator\warp\..\psoc\content\cyprimitives\CyPrimitives.cylib\cy_virtualmux_v1_0\cy_virtualmux_v1_0.v'
Flattening file 'C:\Program Files (x86)\Cypress\PSoC Creator\3.1\PSoC Creator\warp\..\psoc\content\cycomponentlibrary\CyComponentLibrary.cylib\AMuxSeq_v1_80\AMuxSeq_v1_80.v'
Flattening file 'C:\Program Files (x86)\Cypress\PSoC Creator\3.1\PSoC Creator\warp\lib\common\cypress.v'
Flattening file 'C:\Program Files (x86)\Cypress\PSoC Creator\3.1\PSoC Creator\warp\..\psoc\content\cyprimitives\CyPrimitives.cylib\cy_constant_v1_0\cy_constant_v1_0.v'

vpp:  No errors.

Library 'work' => directory 'lcpsoc3'
General_symbol_table
General_symbol_table
Linking 'C:\Program Files (x86)\Cypress\PSoC Creator\3.1\PSoC Creator\warp\lib\common\std.vhd'.
Linking 'C:\Program Files (x86)\Cypress\PSoC Creator\3.1\PSoC Creator\warp\lib\common\cypress.vhd'.
Linking 'C:\Program Files (x86)\Cypress\PSoC Creator\3.1\PSoC Creator\warp\lib\common\work\cypress.vif'.
Linking 'C:\Program Files (x86)\Cypress\PSoC Creator\3.1\PSoC Creator\warp\lib\ieee\work\stdlogic.vif'.
Linking 'C:\Program Files (x86)\Cypress\PSoC Creator\3.1\PSoC Creator\warp\lib\common\stdlogic\lpmpkg.vif'.
Linking 'C:\Program Files (x86)\Cypress\PSoC Creator\3.1\PSoC Creator\warp\lib\common\stdlogic\rtlpkg.vif'.
Linking 'C:\Program Files (x86)\Cypress\PSoC Creator\3.1\PSoC Creator\warp\lib\common\stdlogic\mod_cnst.vif'.
Linking 'C:\Program Files (x86)\Cypress\PSoC Creator\3.1\PSoC Creator\warp\lib\common\stdlogic\mod_mthv.vif'.
Linking 'C:\Program Files (x86)\Cypress\PSoC Creator\3.1\PSoC Creator\warp\lib\common\stdlogic\mod_genv.vif'.
Using control file 'Health Thermometer.ctl'.

vlogfe:  No errors.


======================================================================
Compiling:  Health Thermometer.v
Program  :   tovif
Options  :    -yv2 -q10 -ygs -o2 -v3 -.fftcfgtype=LE -ya -.fftprj=C:\Users\Yobely\Desktop\Health.Thermometer.cywrk.Archive01\AN91184\Health Thermometer.cydsn\Health Thermometer.cyprj -dcpsoc3 -verilog Health Thermometer.v
======================================================================

tovif V6.3 IR 41:  High-level synthesis
Thu Dec 08 21:13:57 2016

Linking 'C:\Program Files (x86)\Cypress\PSoC Creator\3.1\PSoC Creator\warp\lib\common\std.vhd'.
Linking 'C:\Program Files (x86)\Cypress\PSoC Creator\3.1\PSoC Creator\warp\lib\common\cypress.vhd'.
Linking 'C:\Program Files (x86)\Cypress\PSoC Creator\3.1\PSoC Creator\warp\lib\common\work\cypress.vif'.
Linking 'C:\Program Files (x86)\Cypress\PSoC Creator\3.1\PSoC Creator\warp\lib\ieee\work\stdlogic.vif'.
Linking 'C:\Program Files (x86)\Cypress\PSoC Creator\3.1\PSoC Creator\warp\lib\common\stdlogic\lpmpkg.vif'.
Linking 'C:\Program Files (x86)\Cypress\PSoC Creator\3.1\PSoC Creator\warp\lib\common\stdlogic\rtlpkg.vif'.
Linking 'C:\Program Files (x86)\Cypress\PSoC Creator\3.1\PSoC Creator\warp\lib\common\stdlogic\mod_cnst.vif'.
Linking 'C:\Program Files (x86)\Cypress\PSoC Creator\3.1\PSoC Creator\warp\lib\common\stdlogic\mod_mthv.vif'.
Linking 'C:\Program Files (x86)\Cypress\PSoC Creator\3.1\PSoC Creator\warp\lib\common\stdlogic\mod_genv.vif'.
Linking 'C:\Users\Yobely\Desktop\Health.Thermometer.cywrk.Archive01\AN91184\Health Thermometer.cydsn\codegentemp\Health Thermometer.ctl'.
Linking 'C:\Program Files (x86)\Cypress\PSoC Creator\3.1\PSoC Creator\psoc\content\cyprimitives\CyPrimitives.cylib\ZeroTerminal\ZeroTerminal.v'.
Linking 'C:\Users\Yobely\Desktop\Health.Thermometer.cywrk.Archive01\AN91184\Health Thermometer.cydsn\codegentemp\Health Thermometer.v'.
Linking 'C:\Program Files (x86)\Cypress\PSoC Creator\3.1\PSoC Creator\psoc\content\cyprimitives\CyPrimitives.cylib\or_v1_0\or_v1_0.v'.
Linking 'C:\Program Files (x86)\Cypress\PSoC Creator\3.1\PSoC Creator\psoc\content\cyprimitives\CyPrimitives.cylib\cy_analog_virtualmux_v1_0\cy_analog_virtualmux_v1_0.v'.
Linking 'C:\Program Files (x86)\Cypress\PSoC Creator\3.1\PSoC Creator\psoc\content\cycomponentlibrary\CyComponentLibrary.cylib\Bus_Connect_v2_0\Bus_Connect_v2_0.v'.
Linking 'C:\Program Files (x86)\Cypress\PSoC Creator\3.1\PSoC Creator\warp\lib\common\cypress.v'.
Linking 'C:\Program Files (x86)\Cypress\PSoC Creator\3.1\PSoC Creator\warp\lib\common\cy_psoc3_inc.v'.
Linking 'C:\Program Files (x86)\Cypress\PSoC Creator\3.1\PSoC Creator\psoc\content\cyprimitives\CyPrimitives.cylib\cy_virtualmux_v1_0\cy_virtualmux_v1_0.v'.
Linking 'C:\Program Files (x86)\Cypress\PSoC Creator\3.1\PSoC Creator\psoc\content\cycomponentlibrary\CyComponentLibrary.cylib\AMuxSeq_v1_80\AMuxSeq_v1_80.v'.
Linking 'C:\Program Files (x86)\Cypress\PSoC Creator\3.1\PSoC Creator\psoc\content\cyprimitives\CyPrimitives.cylib\cy_constant_v1_0\cy_constant_v1_0.v'.

tovif:  No errors.


======================================================================
Compiling:  Health Thermometer.v
Program  :   topld
Options  :    -yv2 -q10 -ygs -o2 -v3 -.fftcfgtype=LE -ya -.fftprj=C:\Users\Yobely\Desktop\Health.Thermometer.cywrk.Archive01\AN91184\Health Thermometer.cydsn\Health Thermometer.cyprj -dcpsoc3 -verilog Health Thermometer.v
======================================================================

topld V6.3 IR 41:  Synthesis and optimization
Thu Dec 08 21:13:58 2016

Linking 'C:\Program Files (x86)\Cypress\PSoC Creator\3.1\PSoC Creator\warp\lib\common\std.vhd'.
Linking 'C:\Program Files (x86)\Cypress\PSoC Creator\3.1\PSoC Creator\warp\lib\common\cypress.vhd'.
Linking 'C:\Program Files (x86)\Cypress\PSoC Creator\3.1\PSoC Creator\warp\lib\common\work\cypress.vif'.
Linking 'C:\Program Files (x86)\Cypress\PSoC Creator\3.1\PSoC Creator\warp\lib\ieee\work\stdlogic.vif'.
Linking 'C:\Program Files (x86)\Cypress\PSoC Creator\3.1\PSoC Creator\warp\lib\common\stdlogic\lpmpkg.vif'.
Linking 'C:\Program Files (x86)\Cypress\PSoC Creator\3.1\PSoC Creator\warp\lib\common\stdlogic\rtlpkg.vif'.
Linking 'C:\Program Files (x86)\Cypress\PSoC Creator\3.1\PSoC Creator\warp\lib\common\stdlogic\mod_cnst.vif'.
Linking 'C:\Program Files (x86)\Cypress\PSoC Creator\3.1\PSoC Creator\warp\lib\common\stdlogic\mod_mthv.vif'.
Linking 'C:\Program Files (x86)\Cypress\PSoC Creator\3.1\PSoC Creator\warp\lib\common\stdlogic\mod_genv.vif'.
Linking 'C:\Users\Yobely\Desktop\Health.Thermometer.cywrk.Archive01\AN91184\Health Thermometer.cydsn\codegentemp\Health Thermometer.ctl'.
Linking 'C:\Program Files (x86)\Cypress\PSoC Creator\3.1\PSoC Creator\psoc\content\cyprimitives\CyPrimitives.cylib\ZeroTerminal\ZeroTerminal.v'.
Linking 'C:\Users\Yobely\Desktop\Health.Thermometer.cywrk.Archive01\AN91184\Health Thermometer.cydsn\codegentemp\Health Thermometer.v'.
Linking 'C:\Program Files (x86)\Cypress\PSoC Creator\3.1\PSoC Creator\psoc\content\cyprimitives\CyPrimitives.cylib\or_v1_0\or_v1_0.v'.
Linking 'C:\Program Files (x86)\Cypress\PSoC Creator\3.1\PSoC Creator\psoc\content\cyprimitives\CyPrimitives.cylib\cy_analog_virtualmux_v1_0\cy_analog_virtualmux_v1_0.v'.
Linking 'C:\Program Files (x86)\Cypress\PSoC Creator\3.1\PSoC Creator\psoc\content\cycomponentlibrary\CyComponentLibrary.cylib\Bus_Connect_v2_0\Bus_Connect_v2_0.v'.
Linking 'C:\Program Files (x86)\Cypress\PSoC Creator\3.1\PSoC Creator\warp\lib\common\cypress.v'.
Linking 'C:\Program Files (x86)\Cypress\PSoC Creator\3.1\PSoC Creator\warp\lib\common\cy_psoc3_inc.v'.
Linking 'C:\Program Files (x86)\Cypress\PSoC Creator\3.1\PSoC Creator\psoc\content\cyprimitives\CyPrimitives.cylib\cy_virtualmux_v1_0\cy_virtualmux_v1_0.v'.
Linking 'C:\Program Files (x86)\Cypress\PSoC Creator\3.1\PSoC Creator\psoc\content\cycomponentlibrary\CyComponentLibrary.cylib\AMuxSeq_v1_80\AMuxSeq_v1_80.v'.
Linking 'C:\Program Files (x86)\Cypress\PSoC Creator\3.1\PSoC Creator\psoc\content\cyprimitives\CyPrimitives.cylib\cy_constant_v1_0\cy_constant_v1_0.v'.
Linking 'C:\Program Files (x86)\Cypress\PSoC Creator\3.1\PSoC Creator\warp\lib\lcpsoc3\stdlogic\cpsoc3.vif'.

----------------------------------------------------------
Detecting unused logic.
----------------------------------------------------------
    User names
	\ADC:Net_3125\
	\ADC:Net_3126\
	Net_608
	\BLE:Net_55\


Deleted 4 User equations/components.
Deleted 0 Synthesized equations/components.

------------------------------------------------------
Alias Detection
------------------------------------------------------
Aliasing \ADC:Net_3106\ to \ADC:Net_3107\
Aliasing \ADC:Net_3105\ to \ADC:Net_3107\
Aliasing \ADC:Net_3104\ to \ADC:Net_3107\
Aliasing \ADC:Net_3103\ to \ADC:Net_3107\
Aliasing \ADC:Net_3207_1\ to \ADC:Net_3107\
Aliasing \ADC:Net_3207_0\ to \ADC:Net_3107\
Aliasing \ADC:Net_3235\ to \ADC:Net_3107\
Aliasing zero to \ADC:Net_3107\
Aliasing one to tmpOE__V_HIGH_net_0
Aliasing tmpOE__V_THERM_net_0 to tmpOE__V_HIGH_net_0
Aliasing tmpOE__V_LOW_net_0 to tmpOE__V_HIGH_net_0
Aliasing tmpOE__SW_net_0 to tmpOE__V_HIGH_net_0
Removing Lhs of wire \ADC:Net_3106\[72] = \ADC:Net_3107\[71]
Removing Lhs of wire \ADC:Net_3105\[73] = \ADC:Net_3107\[71]
Removing Lhs of wire \ADC:Net_3104\[74] = \ADC:Net_3107\[71]
Removing Lhs of wire \ADC:Net_3103\[75] = \ADC:Net_3107\[71]
Removing Lhs of wire \ADC:Net_17\[117] = \ADC:Net_1845\[2]
Removing Lhs of wire \ADC:Net_3207_1\[139] = \ADC:Net_3107\[71]
Removing Lhs of wire \ADC:Net_3207_0\[140] = \ADC:Net_3107\[71]
Removing Lhs of wire \ADC:Net_3235\[141] = \ADC:Net_3107\[71]
Removing Rhs of wire zero[214] = \ADC:Net_3107\[71]
Removing Lhs of wire one[229] = tmpOE__V_HIGH_net_0[224]
Removing Lhs of wire tmpOE__V_THERM_net_0[232] = tmpOE__V_HIGH_net_0[224]
Removing Lhs of wire tmpOE__V_LOW_net_0[239] = tmpOE__V_HIGH_net_0[224]
Removing Lhs of wire tmpOE__SW_net_0[246] = tmpOE__V_HIGH_net_0[224]

------------------------------------------------------
Aliased 0 equations, 13 wires.
------------------------------------------------------

----------------------------------------------------------
Circuit simplification
----------------------------------------------------------

Substituting virtuals - pass 1:


----------------------------------------------------------
Circuit simplification results:

	Expanded 0 signals.
	Turned 0 signals into soft nodes.
	Maximum default expansion cost was set at 3.
----------------------------------------------------------

topld:  No errors.

CYPRESS_DIR    : C:\Program Files (x86)\Cypress\PSoC Creator\3.1\PSoC Creator\warp
Warp Program   : C:\Program Files (x86)\Cypress\PSoC Creator\3.1\PSoC Creator\warp\bin/warp.exe
Warp Arguments : -yv2 -q10 -ygs -o2 -v3 -.fftcfgtype=LE -ya "-.fftprj=C:\Users\Yobely\Desktop\Health.Thermometer.cywrk.Archive01\AN91184\Health Thermometer.cydsn\Health Thermometer.cyprj" -dcpsoc3 "Health Thermometer.v" -verilog
</CYPRESSTAG>
Warp synthesis phase: Elapsed time ==> 8s.155ms
<CYPRESSTAG name="Fitter results...">
<CYPRESSTAG name="Fitter startup details...">
cyp3fit: V3.1.0.2288, Family: PSoC3, Started at: Thursday, 08 December 2016 21:14:00
Options: -yv2 -q10 -ygs -o2 -v3 -.fftcfgtype=LE -ya -.fftprj=C:\Users\Yobely\Desktop\Health.Thermometer.cywrk.Archive01\AN91184\Health Thermometer.cydsn\Health Thermometer.cyprj -d CY8C4247LQI-BL483 Health Thermometer.v -verilog
</CYPRESSTAG>
<CYPRESSTAG name="Design parsing">
Design parsing phase: Elapsed time ==> 0s.062ms
</CYPRESSTAG>
<CYPRESSTAG name="Tech mapping">
<CYPRESSTAG name="Initial Mapping" icon="FILE_RPT_TECHM">
Assigning clock BLE_LFCLK to clock LFCLK because it is a pass-through
<CYPRESSTAG name="Global Clock Selection" icon="FILE_RPT_TECHM">
    Fixed Function Clock 6: Automatic-assigning  clock 'ADC_intClock'. Signal=\ADC:Net_1845_ff6\
<CYPRESSTAG name="UDB Clock/Enable Remapping Results">
</CYPRESSTAG>
</CYPRESSTAG>

Removing unused cells resulting from optimization
Done removing unused cells.
<CYPRESSTAG name="Duplicate Macrocell detection">
</CYPRESSTAG>
</CYPRESSTAG>
<CYPRESSTAG name="Duplicate Macrocell detection">
</CYPRESSTAG>
<CYPRESSTAG name="Design Equations" icon="FILE_RPT_EQUATION">

------------------------------------------------------------
Design Equations
------------------------------------------------------------
    <CYPRESSTAG name="Pin listing">

    ------------------------------------------------------------
    Pin listing
    ------------------------------------------------------------

    Pin : Name = SW(0)
        Attributes:
            In Group/Port: True
            In Sync Option: SYNC
            Out Sync Option: AUTO
            Interrupt generated: True
            Interrupt mode: FALLING
            Drive mode: RES_PULL_UP
            VTrip: CMOS
            Slew: FAST
            Input Sync needed: True
            Output Sync needed: False
            SC shield enabled: False
            POR State: ANY
            LCD Mode: COMMON
            Register Mode: RegComb
            CaSense Mode: NEITHER
            Treat as pin: False
            Is OE Registered: False
            Uses Analog: False
            Can contain Digital: True
            Is SIO: False
            SIO Output Buf: NONREGULATED
            SIO Input Buf: SINGLE_ENDED
            SIO HiFreq: LOW
            SIO Hyst: DISABLED
            SIO Vtrip: MULTIPLIER_0_5
            SIO RefSel: VCC_IO
            Required Capabilitites: DIGITAL, ROUTABLE, PORT_INTERRUPT
            Initial Value: 1
            IO Voltage: 0
        PORT MAP (
            pa_out => SW(0)__PA ,
            pad => SW(0)_PAD );
        Properties:
        {
        }

    Pin : Name = V_HIGH(0)
        Attributes:
            In Group/Port: True
            In Sync Option: AUTO
            Out Sync Option: NOSYNC
            Interrupt generated: False
            Interrupt mode: NONE
            Drive mode: CMOS_OUT
            VTrip: EITHER
            Slew: FAST
            Input Sync needed: False
            Output Sync needed: False
            SC shield enabled: False
            POR State: ANY
            LCD Mode: COMMON
            Register Mode: RegComb
            CaSense Mode: NEITHER
            Treat as pin: True
            Is OE Registered: False
            Uses Analog: True
            Can contain Digital: True
            Is SIO: False
            SIO Output Buf: NONREGULATED
            SIO Input Buf: SINGLE_ENDED
            SIO HiFreq: LOW
            SIO Hyst: DISABLED
            SIO Vtrip: MULTIPLIER_0_5
            SIO RefSel: VCC_IO
            Required Capabilitites: ANALOG
            Initial Value: 0
            IO Voltage: 0
        PORT MAP (
            pa_out => V_HIGH(0)__PA ,
            analog_term => Net_535 ,
            annotation => Net_98 ,
            pad => V_HIGH(0)_PAD );
        Properties:
        {
        }

    Pin : Name = V_LOW(0)
        Attributes:
            In Group/Port: True
            In Sync Option: AUTO
            Out Sync Option: NOSYNC
            Interrupt generated: False
            Interrupt mode: NONE
            Drive mode: CMOS_OUT
            VTrip: EITHER
            Slew: FAST
            Input Sync needed: False
            Output Sync needed: False
            SC shield enabled: False
            POR State: ANY
            LCD Mode: COMMON
            Register Mode: RegComb
            CaSense Mode: NEITHER
            Treat as pin: True
            Is OE Registered: False
            Uses Analog: True
            Can contain Digital: True
            Is SIO: False
            SIO Output Buf: NONREGULATED
            SIO Input Buf: SINGLE_ENDED
            SIO HiFreq: LOW
            SIO Hyst: DISABLED
            SIO Vtrip: MULTIPLIER_0_5
            SIO RefSel: VCC_IO
            Required Capabilitites: ANALOG
            Initial Value: 0
            IO Voltage: 0
        PORT MAP (
            pa_out => V_LOW(0)__PA ,
            analog_term => Net_292 ,
            annotation => Net_104 ,
            pad => V_LOW(0)_PAD );
        Properties:
        {
        }

    Pin : Name = V_THERM(0)
        Attributes:
            In Group/Port: True
            In Sync Option: AUTO
            Out Sync Option: AUTO
            Interrupt generated: False
            Interrupt mode: NONE
            Drive mode: HI_Z_ANALOG
            VTrip: EITHER
            Slew: FAST
            Input Sync needed: False
            Output Sync needed: False
            SC shield enabled: False
            POR State: ANY
            LCD Mode: COMMON
            Register Mode: RegComb
            CaSense Mode: NEITHER
            Treat as pin: True
            Is OE Registered: False
            Uses Analog: True
            Can contain Digital: False
            Is SIO: False
            SIO Output Buf: NONREGULATED
            SIO Input Buf: SINGLE_ENDED
            SIO HiFreq: LOW
            SIO Hyst: DISABLED
            SIO Vtrip: MULTIPLIER_0_5
            SIO RefSel: VCC_IO
            Required Capabilitites: ANALOG
            Initial Value: 1
            IO Voltage: 0
        PORT MAP (
            pa_out => V_THERM(0)__PA ,
            analog_term => Net_290 ,
            annotation => Net_103 ,
            pad => V_THERM(0)_PAD );
        Properties:
        {
        }
    </CYPRESSTAG>
    <CYPRESSTAG name="Macrocell listing" icon="FILE_RPT_EQUATION">
    </CYPRESSTAG>
    <CYPRESSTAG name="Datapath listing">
    </CYPRESSTAG>
    <CYPRESSTAG name="Status register listing">
    </CYPRESSTAG>
    <CYPRESSTAG name="StatusI register listing">
    </CYPRESSTAG>
    <CYPRESSTAG name="Sync listing">
    </CYPRESSTAG>
    <CYPRESSTAG name="Control register listing">
    </CYPRESSTAG>
    <CYPRESSTAG name="Count7 listing">
    </CYPRESSTAG>
    <CYPRESSTAG name="DRQ listing">
    </CYPRESSTAG>
    <CYPRESSTAG name="Interrupt listing">

    ------------------------------------------------------------
    Interrupt listing
    ------------------------------------------------------------

    interrupt: Name =Wakeup_ISR
        PORT MAP (
            interrupt => Net_262 );
        Properties:
        {
            int_type = "10"
        }

    interrupt: Name =\ADC:IRQ\
        PORT MAP (
            interrupt => \ADC:Net_3112\ );
        Properties:
        {
            int_type = "10"
        }

    interrupt: Name =\BLE:bless_isr\
        PORT MAP (
            interrupt => \BLE:Net_15\ );
        Properties:
        {
            int_type = "10"
        }
    </CYPRESSTAG>
</CYPRESSTAG>
<CYPRESSTAG name="Technology mapping summary" expanded>

------------------------------------------------------------
Technology mapping summary
------------------------------------------------------------

Resource Type                 : Used : Free :  Max :  % Used
============================================================
Digital clock dividers        :    0 :    4 :    4 :   0.00%
Pins                          :    8 :   30 :   38 :  21.05%
UDB Macrocells                :    0 :   32 :   32 :   0.00%
UDB Unique Pterms             :    0 :   64 :   64 :   0.00%
UDB Datapath Cells            :    0 :    4 :    4 :   0.00%
UDB Status Cells              :    0 :    4 :    4 :   0.00%
UDB Control Cells             :    0 :    4 :    4 :   0.00%
Interrupts                    :    3 :   29 :   32 :   9.38%
Comparator/Opamp Fixed Blocks :    0 :    4 :    4 :   0.00%
SAR Fixed Blocks              :    1 :    0 :    1 : 100.00%
CSD Fixed Blocks              :    0 :    1 :    1 :   0.00%
CapSense Blocks               :    0 :    1 :    1 :   0.00%
8-bit CapSense IDACs          :    0 :    1 :    1 :   0.00%
7-bit CapSense IDACs          :    0 :    1 :    1 :   0.00%
Temperature Sensors           :    0 :    1 :    1 :   0.00%
Low Power Comparators         :    0 :    2 :    2 :   0.00%
TCPWM Blocks                  :    0 :    4 :    4 :   0.00%
Serial Communication Blocks   :    0 :    2 :    2 :   0.00%
Segment LCD Blocks            :    0 :    1 :    1 :   0.00%
Bluetooth Low Energy Blocks   :    1 :    0 :    1 : 100.00%
</CYPRESSTAG>
Technology Mapping: Elapsed time ==> 1s.671ms
Tech mapping phase: Elapsed time ==> 1s.856ms
</CYPRESSTAG>
<CYPRESSTAG name="Analog Placement">
<CYPRESSTAG name="Analog Placement">
Elapsed time ==> 0.0570068s
</CYPRESSTAG>
Analog Placement phase: Elapsed time ==> 0s.563ms
</CYPRESSTAG>
<CYPRESSTAG name="Analog Routing">
<CYPRESSTAG name="Analog Routing">
Route success=True, Iterations=1 Elapsed=0.0367119 secs
</CYPRESSTAG>
Analog Routing phase: Elapsed time ==> 0s.037ms
</CYPRESSTAG>
<CYPRESSTAG name="Analog Code Generation">
============ Analog Final Answer Routes ============
Dump of CyAnalogRoutingResultsDB
Map of net to items {
  Net: Net_290 {
    p3_1
  }
  Net: Net_292 {
    p3_2
  }
  Net: Net_535 {
    p3_0
  }
  Net: \ADC:Net_3016\ {
  }
  Net: \ADC:Net_3046\ {
  }
  Net: \ADC:Net_43\ {
  }
  Net: \ADC:Net_8\ {
  }
  Net: \ADC:Net_124\ {
    PASS0_sarmux_vminus
  }
  Net: AMuxNet::AMuxSeq_CYAMUXSIDE_B {
    PASS0_SARMUX0_sw9
    PASS0_SARMUX0_sw10
  }
  Net: \ADC:Net_2020\ {
    PASS0_sarmux_vplus
  }
  Net: AMuxNet::AMuxSeq_CYAMUXSIDE_A {
    PASS0_SARMUX0_sw0
    PASS0_SARMUX0_sw1
    PASS0_SARMUX0_sw2
  }
}
Map of item to net {
  p3_1                                             -> Net_290
  p3_2                                             -> Net_292
  p3_0                                             -> Net_535
  PASS0_sarmux_vminus                              -> \ADC:Net_124\
  PASS0_SARMUX0_sw9                                -> AMuxNet::AMuxSeq_CYAMUXSIDE_B
  PASS0_SARMUX0_sw10                               -> AMuxNet::AMuxSeq_CYAMUXSIDE_B
  PASS0_sarmux_vplus                               -> \ADC:Net_2020\
  PASS0_SARMUX0_sw0                                -> AMuxNet::AMuxSeq_CYAMUXSIDE_A
  PASS0_SARMUX0_sw1                                -> AMuxNet::AMuxSeq_CYAMUXSIDE_A
  PASS0_SARMUX0_sw2                                -> AMuxNet::AMuxSeq_CYAMUXSIDE_A
}
Mux Info {
  Mux: AMuxSeq_CYAMUXSIDE_B {
     Mouth: \ADC:Net_124\
     Guts:  AMuxNet::AMuxSeq_CYAMUXSIDE_B
     IsSingleSwitching: True
     IsStaticSwitching: False
     IsAtMostOneSwitch: True
    Arm: 0 {
      Net:   Net_290
      Outer: PASS0_SARMUX0_sw9
      Inner: __open__
      Path {
        PASS0_SARMUX0_sw9
        p3_1
      }
    }
    Arm: 1 {
      Net:   Net_292
      Outer: PASS0_SARMUX0_sw10
      Inner: __open__
      Path {
        PASS0_SARMUX0_sw10
        p3_2
      }
    }
    Arm: 2 {
      Net:   Net_292
      Outer: PASS0_SARMUX0_sw10
      Inner: __open__
      Path {
        PASS0_SARMUX0_sw10
        p3_2
      }
    }
  }
  Mux: AMuxSeq_CYAMUXSIDE_A {
     Mouth: \ADC:Net_2020\
     Guts:  AMuxNet::AMuxSeq_CYAMUXSIDE_A
     IsSingleSwitching: True
     IsStaticSwitching: False
     IsAtMostOneSwitch: True
    Arm: 0 {
      Net:   Net_535
      Outer: PASS0_SARMUX0_sw0
      Inner: __open__
      Path {
        PASS0_SARMUX0_sw0
        p3_0
      }
    }
    Arm: 1 {
      Net:   Net_290
      Outer: PASS0_SARMUX0_sw1
      Inner: __open__
      Path {
        PASS0_SARMUX0_sw1
        p3_1
      }
    }
    Arm: 2 {
      Net:   Net_292
      Outer: PASS0_SARMUX0_sw2
      Inner: __open__
      Path {
        PASS0_SARMUX0_sw2
        p3_2
      }
    }
  }
}
Analog Code Generation phase: Elapsed time ==> 0s.648ms
</CYPRESSTAG>
<CYPRESSTAG name="Digital Placement">
<CYPRESSTAG name="Detailed placement messages">
I2659: No Constrained paths were found. The placer will run in non-timing driven mode.
I2076: Total run-time: 1.6 sec.

</CYPRESSTAG>
<CYPRESSTAG name="PLD Packing">
<CYPRESSTAG name="PLD Packing Summary">
No PLDs were packed.
</CYPRESSTAG>
PLD Packing: Elapsed time ==> 0s.000ms
</CYPRESSTAG>
<CYPRESSTAG name="Partitioning">
<CYPRESSTAG name="Initial Partitioning Summary">
Initial Partitioning Summary not displayed at this verbose level.</CYPRESSTAG>
<CYPRESSTAG name="Final Partitioning Summary">
Final Partitioning Summary not displayed at this verbose level.</CYPRESSTAG>
Partitioning: Elapsed time ==> 0s.053ms
</CYPRESSTAG>
<CYPRESSTAG name="Simulated Annealing">
Annealing: Elapsed time ==> 0s.015ms
<CYPRESSTAG name="Simulated Annealing Results">
The seed used for moves was 114161200.
Inital cost was 17, final cost is 17 (0.00% improvement).</CYPRESSTAG>
</CYPRESSTAG>
<CYPRESSTAG name="Final Placement Summary">

------------------------------------------------------------
Final Placement Summary
------------------------------------------------------------

       Resource Type :      Count : Avg Inputs : Avg Outputs
    ========================================================
                 UDB :          0 :       0.00 :       0.00
<CYPRESSTAG name="Final Placement Details">
<CYPRESSTAG name="Component Details">

------------------------------------------------------------
Component Placement Details
------------------------------------------------------------
UDB [UDB=(0,0)] is empty.
UDB [UDB=(0,1)] is empty.
UDB [UDB=(1,0)] is empty.
UDB [UDB=(1,1)] is empty.
Intr hod @ [IntrHod=(0)]: 
  Intr@ [IntrHod=(0)][IntrId=(2)] 
    interrupt: Name =Wakeup_ISR
        PORT MAP (
            interrupt => Net_262 );
        Properties:
        {
            int_type = "10"
        }
  Intr@ [IntrHod=(0)][IntrId=(12)] 
    interrupt: Name =\BLE:bless_isr\
        PORT MAP (
            interrupt => \BLE:Net_15\ );
        Properties:
        {
            int_type = "10"
        }
  Intr@ [IntrHod=(0)][IntrId=(15)] 
    interrupt: Name =\ADC:IRQ\
        PORT MAP (
            interrupt => \ADC:Net_3112\ );
        Properties:
        {
            int_type = "10"
        }
Port 0 is empty
Port 1 is empty
Port 2 generates interrupt for logical port:
    logicalport: Name =SW
        PORT MAP (
            in_clock_en => tmpOE__V_HIGH_net_0 ,
            in_reset => zero ,
            out_clock_en => tmpOE__V_HIGH_net_0 ,
            out_reset => zero ,
            interrupt => Net_262 ,
            in_clock => ClockBlock_HFCLK );
        Properties:
        {
            drive_mode = "010"
            ibuf_enabled = "1"
            id = "8d318d8b-cf7b-4b6b-b02c-ab1c5c49d0ba"
            init_dr_st = "1"
            input_buffer_sel = "00"
            input_clk_en = 0
            input_sync = "1"
            input_sync_mode = "0"
            intr_mode = "10"
            invert_in_clock = 0
            invert_in_clock_en = 0
            invert_in_reset = 0
            invert_out_clock = 0
            invert_out_clock_en = 0
            invert_out_reset = 0
            io_voltage = ""
            layout_mode = "CONTIGUOUS"
            oe_conn = "0"
            oe_reset = 0
            oe_sync = "0"
            output_clk_en = 0
            output_clock_mode = "0"
            output_conn = "0"
            output_mode = "0"
            output_reset = 0
            output_sync = "0"
            ovt_hyst_trim = "0"
            ovt_needed = "0"
            ovt_slew_control = "00"
            pa_in_clock = -1
            pa_in_clock_en = -1
            pa_in_reset = -1
            pa_out_clock = -1
            pa_out_clock_en = -1
            pa_out_reset = -1
            pin_aliases = ""
            pin_mode = "I"
            por_state = 4
            port_alias_group = ""
            port_alias_required = 0
            sio_group_cnt = 0
            sio_hifreq = ""
            sio_hyst = "1"
            sio_ibuf = "00000000"
            sio_info = "00"
            sio_obuf = "00000000"
            sio_refsel = "00000000"
            sio_vtrip = "00000000"
            slew_rate = "0"
            spanning = 0
            sw_only = 0
            use_annotation = "0"
            vtrip = "00"
            width = 1
        }
    and contains the following IO cells:
[IoId=7]: 
Pin : Name = SW(0)
    Attributes:
        In Group/Port: True
        In Sync Option: SYNC
        Out Sync Option: AUTO
        Interrupt generated: True
        Interrupt mode: FALLING
        Drive mode: RES_PULL_UP
        VTrip: CMOS
        Slew: FAST
        Input Sync needed: True
        Output Sync needed: False
        SC shield enabled: False
        POR State: ANY
        LCD Mode: COMMON
        Register Mode: RegComb
        CaSense Mode: NEITHER
        Treat as pin: False
        Is OE Registered: False
        Uses Analog: False
        Can contain Digital: True
        Is SIO: False
        SIO Output Buf: NONREGULATED
        SIO Input Buf: SINGLE_ENDED
        SIO HiFreq: LOW
        SIO Hyst: DISABLED
        SIO Vtrip: MULTIPLIER_0_5
        SIO RefSel: VCC_IO
        Required Capabilitites: DIGITAL, ROUTABLE, PORT_INTERRUPT
        Initial Value: 1
        IO Voltage: 0
    PORT MAP (
        pa_out => SW(0)__PA ,
        pad => SW(0)_PAD );
    Properties:
    {
    }

Port 3 contains the following IO cells:
[IoId=0]: 
Pin : Name = V_HIGH(0)
    Attributes:
        In Group/Port: True
        In Sync Option: AUTO
        Out Sync Option: NOSYNC
        Interrupt generated: False
        Interrupt mode: NONE
        Drive mode: CMOS_OUT
        VTrip: EITHER
        Slew: FAST
        Input Sync needed: False
        Output Sync needed: False
        SC shield enabled: False
        POR State: ANY
        LCD Mode: COMMON
        Register Mode: RegComb
        CaSense Mode: NEITHER
        Treat as pin: True
        Is OE Registered: False
        Uses Analog: True
        Can contain Digital: True
        Is SIO: False
        SIO Output Buf: NONREGULATED
        SIO Input Buf: SINGLE_ENDED
        SIO HiFreq: LOW
        SIO Hyst: DISABLED
        SIO Vtrip: MULTIPLIER_0_5
        SIO RefSel: VCC_IO
        Required Capabilitites: ANALOG
        Initial Value: 0
        IO Voltage: 0
    PORT MAP (
        pa_out => V_HIGH(0)__PA ,
        analog_term => Net_535 ,
        annotation => Net_98 ,
        pad => V_HIGH(0)_PAD );
    Properties:
    {
    }

[IoId=1]: 
Pin : Name = V_THERM(0)
    Attributes:
        In Group/Port: True
        In Sync Option: AUTO
        Out Sync Option: AUTO
        Interrupt generated: False
        Interrupt mode: NONE
        Drive mode: HI_Z_ANALOG
        VTrip: EITHER
        Slew: FAST
        Input Sync needed: False
        Output Sync needed: False
        SC shield enabled: False
        POR State: ANY
        LCD Mode: COMMON
        Register Mode: RegComb
        CaSense Mode: NEITHER
        Treat as pin: True
        Is OE Registered: False
        Uses Analog: True
        Can contain Digital: False
        Is SIO: False
        SIO Output Buf: NONREGULATED
        SIO Input Buf: SINGLE_ENDED
        SIO HiFreq: LOW
        SIO Hyst: DISABLED
        SIO Vtrip: MULTIPLIER_0_5
        SIO RefSel: VCC_IO
        Required Capabilitites: ANALOG
        Initial Value: 1
        IO Voltage: 0
    PORT MAP (
        pa_out => V_THERM(0)__PA ,
        analog_term => Net_290 ,
        annotation => Net_103 ,
        pad => V_THERM(0)_PAD );
    Properties:
    {
    }

[IoId=2]: 
Pin : Name = V_LOW(0)
    Attributes:
        In Group/Port: True
        In Sync Option: AUTO
        Out Sync Option: NOSYNC
        Interrupt generated: False
        Interrupt mode: NONE
        Drive mode: CMOS_OUT
        VTrip: EITHER
        Slew: FAST
        Input Sync needed: False
        Output Sync needed: False
        SC shield enabled: False
        POR State: ANY
        LCD Mode: COMMON
        Register Mode: RegComb
        CaSense Mode: NEITHER
        Treat as pin: True
        Is OE Registered: False
        Uses Analog: True
        Can contain Digital: True
        Is SIO: False
        SIO Output Buf: NONREGULATED
        SIO Input Buf: SINGLE_ENDED
        SIO HiFreq: LOW
        SIO Hyst: DISABLED
        SIO Vtrip: MULTIPLIER_0_5
        SIO RefSel: VCC_IO
        Required Capabilitites: ANALOG
        Initial Value: 0
        IO Voltage: 0
    PORT MAP (
        pa_out => V_LOW(0)__PA ,
        analog_term => Net_292 ,
        annotation => Net_104 ,
        pad => V_LOW(0)_PAD );
    Properties:
    {
    }

Port 4 is empty
Port 5 is empty
Port 6 is empty
Clock group 0: 
    M0S8 Clock Block @ [FFB(Clock,0)]: 
    m0s8clockblockcell: Name =ClockBlock
        PORT MAP (
            dsi_in_0 => ClockBlock_Routed1 ,
            eco => ClockBlock_ECO ,
            wco => ClockBlock_WCO ,
            lfclk => ClockBlock_LFCLK ,
            ilo => ClockBlock_ILO ,
            sysclk => ClockBlock_SYSCLK ,
            ext => ClockBlock_EXTCLK ,
            imo => ClockBlock_IMO ,
            hfclk => ClockBlock_HFCLK ,
            ff_div_6 => \ADC:Net_1845_ff6\ );
        Properties:
        {
        }
PM group 0: empty
SPC group 0: empty
WDT group 0: empty
FSS group 0: empty
Low Power Comparator group 0: empty
Serial Communication Block group 0: empty
CSD Fixed Block group 0: empty
8-bit CapSense IDAC group 0: empty
7-bit CapSense IDAC group 0: empty
TCPWM Block group 0: empty
Comparator/Opamp Fixed Block group 0: empty
Temperature Sensor group 0: empty
SAR Fixed Block group 0: 
    PSoC4 SAR Fixed Block @ [FFB(SARADC,0)]:
        p4sarcell: Name =\ADC:cy_psoc4_sar\
            PORT MAP (
                vplus => \ADC:Net_2020\ ,
                vminus => \ADC:Net_124\ ,
                vref => \ADC:Net_8\ ,
                ext_vref => \ADC:Net_43\ ,
                clock => \ADC:Net_1845_ff6\ ,
                sample_done => Net_593 ,
                chan_id_valid => \ADC:Net_3108\ ,
                chan_id_3 => \ADC:Net_3109_3\ ,
                chan_id_2 => \ADC:Net_3109_2\ ,
                chan_id_1 => \ADC:Net_3109_1\ ,
                chan_id_0 => \ADC:Net_3109_0\ ,
                data_valid => \ADC:Net_3110\ ,
                data_11 => \ADC:Net_3111_11\ ,
                data_10 => \ADC:Net_3111_10\ ,
                data_9 => \ADC:Net_3111_9\ ,
                data_8 => \ADC:Net_3111_8\ ,
                data_7 => \ADC:Net_3111_7\ ,
                data_6 => \ADC:Net_3111_6\ ,
                data_5 => \ADC:Net_3111_5\ ,
                data_4 => \ADC:Net_3111_4\ ,
                data_3 => \ADC:Net_3111_3\ ,
                data_2 => \ADC:Net_3111_2\ ,
                data_1 => \ADC:Net_3111_1\ ,
                data_0 => \ADC:Net_3111_0\ ,
                tr_sar_out => Net_594 ,
                irq => \ADC:Net_3112\ );
            Properties:
            {
                cy_registers = ""
            }
Segment LCD Block group 0: empty
CLK_GEN group 0: 
    M0S8 Clock Gen Block @ [FFB(CLK_GEN,0)]: 
    m0s8clockgenblockcell: Name =ClockGenBlock
        PORT MAP (
             );
        Properties:
        {
        }
LPCOMPBLOCK group 0: empty
CTBMBLOCK group 0: empty
ANAPUMP group 0: empty
Bluetooth Low Energy Block group 0: 
    P4 BLE Block @ [FFB(BLE,0)]: 
    p4blecell: Name =\BLE:cy_m0s8_ble\
        PORT MAP (
            interrupt => \BLE:Net_15\ );
        Properties:
        {
        }
GANGED_PICU group 0: empty

Blocks not positioned by the digital component placer:
    Amux Block @ <No Location>: 
    amuxcell: Name =AMuxSeq_CYAMUXSIDE_A
        PORT MAP (
            muxin_2 => Net_292 ,
            muxin_1 => Net_290 ,
            muxin_0 => Net_535 ,
            vout => \ADC:Net_2020\ );
        Properties:
        {
            api_type = 1
            connect_mode = 1
            cy_registers = ""
            hw_control = 0
            init_mux_sel = "000"
            muxin_width = 3
            one_active = 1
        }
    Amux Block @ <No Location>: 
    amuxcell: Name =AMuxSeq_CYAMUXSIDE_B
        PORT MAP (
            muxin_2 => Net_292 ,
            muxin_1 => Net_292 ,
            muxin_0 => Net_290 ,
            vout => \ADC:Net_124\ );
        Properties:
        {
            api_type = 1
            connect_mode = 1
            cy_registers = ""
            hw_control = 0
            init_mux_sel = "000"
            muxin_width = 3
            one_active = 1
        }
</CYPRESSTAG>
<CYPRESSTAG name="Port Configuration Details">

------------------------------------------------------------
Port Configuration report
------------------------------------------------------------
     |     |       | Interrupt |                  |            | 
Port | Pin | Fixed |      Type |       Drive Mode |       Name | Connections
-----+-----+-------+-----------+------------------+------------+----------------
   2 |   7 |     * |   FALLING |      RES_PULL_UP |      SW(0) | 
-----+-----+-------+-----------+------------------+------------+----------------
   3 |   0 |     * |      NONE |         CMOS_OUT |  V_HIGH(0) | Analog(Net_535)
     |   1 |     * |      NONE |      HI_Z_ANALOG | V_THERM(0) | Analog(Net_290)
     |   2 |     * |      NONE |         CMOS_OUT |   V_LOW(0) | Analog(Net_292)
--------------------------------------------------------------------------------
</CYPRESSTAG>
</CYPRESSTAG>
</CYPRESSTAG>
Digital component placer commit/Report: Elapsed time ==> 0s.000ms
Digital Placement phase: Elapsed time ==> 3s.405ms
</CYPRESSTAG>
<CYPRESSTAG name="Digital Routing">
Routing successful.
Digital Routing phase: Elapsed time ==> 2s.835ms
</CYPRESSTAG>
<CYPRESSTAG name="Bitstream and API generation">
Bitstream and API generation phase: Elapsed time ==> 0s.701ms
</CYPRESSTAG>
<CYPRESSTAG name="Bitstream verification">
Bitstream verification phase: Elapsed time ==> 0s.136ms
</CYPRESSTAG>
<CYPRESSTAG name="Static timing analysis">
Timing report is in Health Thermometer_timing.html.
Static timing analysis phase: Elapsed time ==> 1s.745ms
</CYPRESSTAG>
<CYPRESSTAG name="Data reporting">
Data reporting phase: Elapsed time ==> 0s.000ms
</CYPRESSTAG>
<CYPRESSTAG name="Database update...">
Design database save phase: Elapsed time ==> 0s.456ms
</CYPRESSTAG>
cydsfit: Elapsed time ==> 12s.555ms
</CYPRESSTAG>
Fitter phase: Elapsed time ==> 12s.803ms
API generation phase: Elapsed time ==> 10s.856ms
Dependency generation phase: Elapsed time ==> 0s.100ms
Cleanup phase: Elapsed time ==> 0s.015ms
